This is XeTeX, Version 3.141592653-2.6-0.999996 (TeX Live 2024) (preloaded format=xelatex 2025.1.7)  23 MAR 2025 22:43
entering extended mode
 restricted \write18 enabled.
 file:line:error style messages enabled.
 %&-line parsing enabled.
**/home/samuelebumbaca/repositories/PhD_thesis/Thesis
(/home/samuelebumbaca/repositories/PhD_thesis/Thesis.tex
LaTeX2e <2024-11-01> patch level 1
L3 programming layer <2024-11-02>
(/home/samuelebumbaca/.TinyTeX/texmf-dist/tex/latex/base/report.cls
Document Class: report 2024/06/29 v1.4n Standard LaTeX document class
(/home/samuelebumbaca/.TinyTeX/texmf-dist/tex/latex/base/size12.clo
File: size12.clo 2024/06/29 v1.4n Standard LaTeX file (size option)
)
\c@part=\count192
\c@chapter=\count193
\c@section=\count194
\c@subsection=\count195
\c@subsubsection=\count196
\c@paragraph=\count197
\c@subparagraph=\count198
\c@figure=\count199
\c@table=\count266
\abovecaptionskip=\skip49
\belowcaptionskip=\skip50
\bibindent=\dimen141
) (/home/samuelebumbaca/.TinyTeX/texmf-dist/tex/latex/geometry/geometry.sty
Package: geometry 2020/01/02 v5.9 Page Geometry
 (/home/samuelebumbaca/.TinyTeX/texmf-dist/tex/latex/graphics/keyval.sty
Package: keyval 2022/05/29 v1.15 key=value parser (DPC)
\KV@toks@=\toks17
) (/home/samuelebumbaca/.TinyTeX/texmf-dist/tex/generic/iftex/ifvtex.sty
Package: ifvtex 2019/10/25 v1.7 ifvtex legacy package. Use iftex instead.
 (/home/samuelebumbaca/.TinyTeX/texmf-dist/tex/generic/iftex/iftex.sty
Package: iftex 2024/12/12 v1.0g TeX engine tests
))
\Gm@cnth=\count267
\Gm@cntv=\count268
\c@Gm@tempcnt=\count269
\Gm@bindingoffset=\dimen142
\Gm@wd@mp=\dimen143
\Gm@odd@mp=\dimen144
\Gm@even@mp=\dimen145
\Gm@layoutwidth=\dimen146
\Gm@layoutheight=\dimen147
\Gm@layouthoffset=\dimen148
\Gm@layoutvoffset=\dimen149
\Gm@dimlist=\toks18
) (/home/samuelebumbaca/.TinyTeX/texmf-dist/tex/latex/setspace/setspace.sty
Package: setspace 2022/12/04 v6.7b set line spacing
) (/home/samuelebumbaca/.TinyTeX/texmf-dist/tex/latex/titlesec/titlesec.sty
Package: titlesec 2025/01/04 v2.17 Sectioning titles
\ttl@box=\box52
\beforetitleunit=\skip51
\aftertitleunit=\skip52
\ttl@plus=\dimen150
\ttl@minus=\dimen151
\ttl@toksa=\toks19
\titlewidth=\dimen152
\titlewidthlast=\dimen153
\titlewidthfirst=\dimen154
) (/home/samuelebumbaca/.TinyTeX/texmf-dist/tex/latex/titling/titling.sty
Package: titling 2009/09/04 v2.1d maketitle typesetting
\thanksmarkwidth=\skip53
\thanksmargin=\skip54
\droptitle=\skip55
) (/home/samuelebumbaca/.TinyTeX/texmf-dist/tex/latex/psnfss/times.sty
Package: times 2020/03/25 PSNFSS-v9.3 (SPQR) 
) (/home/samuelebumbaca/.TinyTeX/texmf-dist/tex/latex/fontspec/fontspec.sty (/home/samuelebumbaca/.TinyTeX/texmf-dist/tex/latex/l3packages/xparse/xparse.sty (/home/samuelebumbaca/.TinyTeX/texmf-dist/tex/latex/l3kernel/expl3.sty
Package: expl3 2024-11-02 L3 programming layer (loader) 
 (/home/samuelebumbaca/.TinyTeX/texmf-dist/tex/latex/l3backend/l3backend-xetex.def
File: l3backend-xetex.def 2024-05-08 L3 backend support: XeTeX
\g__graphics_track_int=\count270
\l__pdf_internal_box=\box53
\g__pdf_backend_annotation_int=\count271
\g__pdf_backend_link_int=\count272
))
Package: xparse 2024-08-16 L3 Experimental document command parser
)
Package: fontspec 2024/05/11 v2.9e Font selection for XeLaTeX and LuaLaTeX
 (/home/samuelebumbaca/.TinyTeX/texmf-dist/tex/latex/fontspec/fontspec-xetex.sty
Package: fontspec-xetex 2024/05/11 v2.9e Font selection for XeLaTeX and LuaLaTeX
\l__fontspec_script_int=\count273
\l__fontspec_language_int=\count274
\l__fontspec_strnum_int=\count275
\l__fontspec_tmp_int=\count276
\l__fontspec_tmpa_int=\count277
\l__fontspec_tmpb_int=\count278
\l__fontspec_tmpc_int=\count279
\l__fontspec_em_int=\count280
\l__fontspec_emdef_int=\count281
\l__fontspec_strong_int=\count282
\l__fontspec_strongdef_int=\count283
\l__fontspec_tmpa_dim=\dimen155
\l__fontspec_tmpb_dim=\dimen156
\l__fontspec_tmpc_dim=\dimen157
 (/home/samuelebumbaca/.TinyTeX/texmf-dist/tex/latex/base/fontenc.sty
Package: fontenc 2021/04/29 v2.0v Standard LaTeX package
) (/home/samuelebumbaca/.TinyTeX/texmf-dist/tex/latex/fontspec/fontspec.cfg))) (/home/samuelebumbaca/.TinyTeX/texmf-dist/tex/latex/algorithms/algorithm.sty
Invalid UTF-8 byte or sequence at line 11 replaced by U+FFFD.
Package: algorithm 2009/08/24 v0.1 Document Style `algorithm' - floating environment
 (/home/samuelebumbaca/.TinyTeX/texmf-dist/tex/latex/float/float.sty
Package: float 2001/11/08 v1.3d Float enhancements (AL)
\c@float@type=\count284
\float@exts=\toks20
\float@box=\box54
\@float@everytoks=\toks21
\@floatcapt=\box55
) (/home/samuelebumbaca/.TinyTeX/texmf-dist/tex/latex/base/ifthen.sty
Package: ifthen 2024/03/16 v1.1e Standard LaTeX ifthen package (DPC)
)
\@float@every@algorithm=\toks22
\c@algorithm=\count285
) (/home/samuelebumbaca/.TinyTeX/texmf-dist/tex/latex/algorithmicx/algpseudocode.sty
Package: algpseudocode 
 (/home/samuelebumbaca/.TinyTeX/texmf-dist/tex/latex/algorithmicx/algorithmicx.sty
Package: algorithmicx 2005/04/27 v1.2 Algorithmicx

Document Style algorithmicx 1.2 - a greatly improved `algorithmic' style
\c@ALG@line=\count286
\c@ALG@rem=\count287
\c@ALG@nested=\count288
\ALG@tlm=\skip56
\ALG@thistlm=\skip57
\c@ALG@Lnr=\count289
\c@ALG@blocknr=\count290
\c@ALG@storecount=\count291
\c@ALG@tmpcounter=\count292
\ALG@tmplength=\skip58
)
Document Style - pseudocode environments for use with the `algorithmicx' style
) (/home/samuelebumbaca/.TinyTeX/texmf-dist/tex/latex/threeparttable/threeparttable.sty
Package: threeparttable 2003/06/13  v 3.0
\@tempboxb=\box56
) (/home/samuelebumbaca/.TinyTeX/texmf-dist/tex/latex/tools/tabularx.sty
Package: tabularx 2023/12/11 v2.12a `tabularx' package (DPC)
 (/home/samuelebumbaca/.TinyTeX/texmf-dist/tex/latex/tools/array.sty
Package: array 2024/10/17 v2.6g Tabular extension package (FMi)
\col@sep=\dimen158
\ar@mcellbox=\box57
\extrarowheight=\dimen159
\NC@list=\toks23
\extratabsurround=\skip59
\backup@length=\skip60
\ar@cellbox=\box58
)
\TX@col@width=\dimen160
\TX@old@table=\dimen161
\TX@old@col=\dimen162
\TX@target=\dimen163
\TX@delta=\dimen164
\TX@cols=\count293
\TX@ftn=\toks24
) (/home/samuelebumbaca/.TinyTeX/texmf-dist/tex/latex/multirow/multirow.sty
Package: multirow 2024/11/12 v2.9 Span multiple rows of a table
\multirow@colwidth=\skip61
\multirow@cntb=\count294
\multirow@dima=\skip62
\bigstrutjot=\dimen165
) (/home/samuelebumbaca/.TinyTeX/texmf-dist/tex/latex/booktabs/booktabs.sty
Package: booktabs 2020/01/12 v1.61803398 Publication quality tables
\heavyrulewidth=\dimen166
\lightrulewidth=\dimen167
\cmidrulewidth=\dimen168
\belowrulesep=\dimen169
\belowbottomsep=\dimen170
\aboverulesep=\dimen171
\abovetopsep=\dimen172
\cmidrulesep=\dimen173
\cmidrulekern=\dimen174
\defaultaddspace=\dimen175
\@cmidla=\count295
\@cmidlb=\count296
\@aboverulesep=\dimen176
\@belowrulesep=\dimen177
\@thisruleclass=\count297
\@lastruleclass=\count298
\@thisrulewidth=\dimen178
) (/home/samuelebumbaca/.TinyTeX/texmf-dist/tex/latex/adjustbox/adjustbox.sty
Package: adjustbox 2022/10/17 v1.3a Adjusting TeX boxes (trim, clip, ...)
 (/home/samuelebumbaca/.TinyTeX/texmf-dist/tex/latex/xkeyval/xkeyval.sty
Package: xkeyval 2022/06/16 v2.9 package option processing (HA)
 (/home/samuelebumbaca/.TinyTeX/texmf-dist/tex/generic/xkeyval/xkeyval.tex (/home/samuelebumbaca/.TinyTeX/texmf-dist/tex/generic/xkeyval/xkvutils.tex
\XKV@toks=\toks25
\XKV@tempa@toks=\toks26
)
\XKV@depth=\count299
File: xkeyval.tex 2014/12/03 v2.7a key=value parser (HA)
)) (/home/samuelebumbaca/.TinyTeX/texmf-dist/tex/latex/adjustbox/adjcalc.sty
Package: adjcalc 2012/05/16 v1.1 Provides advanced setlength with multiple back-ends (calc, etex, pgfmath)
) (/home/samuelebumbaca/.TinyTeX/texmf-dist/tex/latex/adjustbox/trimclip.sty
Package: trimclip 2020/08/19 v1.2 Trim and clip general TeX material
 (/home/samuelebumbaca/.TinyTeX/texmf-dist/tex/latex/graphics/graphicx.sty
Package: graphicx 2021/09/16 v1.2d Enhanced LaTeX Graphics (DPC,SPQR)
 (/home/samuelebumbaca/.TinyTeX/texmf-dist/tex/latex/graphics/graphics.sty
Package: graphics 2024/08/06 v1.4g Standard LaTeX Graphics (DPC,SPQR)
 (/home/samuelebumbaca/.TinyTeX/texmf-dist/tex/latex/graphics/trig.sty
Package: trig 2023/12/02 v1.11 sin cos tan (DPC)
) (/home/samuelebumbaca/.TinyTeX/texmf-dist/tex/latex/graphics-cfg/graphics.cfg
File: graphics.cfg 2016/06/04 v1.11 sample graphics configuration
)
Package graphics Info: Driver file: xetex.def on input line 106.
 (/home/samuelebumbaca/.TinyTeX/texmf-dist/tex/latex/graphics-def/xetex.def
File: xetex.def 2022/09/22 v5.0n Graphics/color driver for xetex
))
\Gin@req@height=\dimen179
\Gin@req@width=\dimen180
) (/home/samuelebumbaca/.TinyTeX/texmf-dist/tex/latex/collectbox/collectbox.sty
Package: collectbox 2022/10/17 v0.4c Collect macro arguments as boxes
\collectedbox=\box59
)
\tc@llx=\dimen181
\tc@lly=\dimen182
\tc@urx=\dimen183
\tc@ury=\dimen184
Package trimclip Info: Using driver 'tc-xetex.def'.
 (/home/samuelebumbaca/.TinyTeX/texmf-dist/tex/latex/adjustbox/tc-xetex.def
File: tc-xetex.def 2019/01/04 v2.2 Clipping driver for xetex
))
\adjbox@Width=\dimen185
\adjbox@Height=\dimen186
\adjbox@Depth=\dimen187
\adjbox@Totalheight=\dimen188
\adjbox@pwidth=\dimen189
\adjbox@pheight=\dimen190
\adjbox@pdepth=\dimen191
\adjbox@ptotalheight=\dimen192
 (/home/samuelebumbaca/.TinyTeX/texmf-dist/tex/latex/ifoddpage/ifoddpage.sty
Package: ifoddpage 2022/10/18 v1.2 Conditionals for odd/even page detection
\c@checkoddpage=\count300
) (/home/samuelebumbaca/.TinyTeX/texmf-dist/tex/latex/varwidth/varwidth.sty
Package: varwidth 2009/03/30 ver 0.92;  Variable-width minipages
\@vwid@box=\box60
\sift@deathcycles=\count301
\@vwid@loff=\dimen193
\@vwid@roff=\dimen194
)) (/home/samuelebumbaca/.TinyTeX/texmf-dist/tex/latex/pdflscape/pdflscape.sty
Package: pdflscape 2022-10-27 v0.13 Display of landscape pages in PDF
 (/home/samuelebumbaca/.TinyTeX/texmf-dist/tex/latex/pdflscape/pdflscape-nometadata.sty
Package: pdflscape-nometadata 2022-10-28 v0.13 Display of landscape pages in PDF (HO)
 (/home/samuelebumbaca/.TinyTeX/texmf-dist/tex/latex/graphics/lscape.sty
Package: lscape 2020/05/28 v3.02 Landscape Pages (DPC)
)
Package pdflscape Info: Auto-detected driver: dvipdfm (xetex) on input line 98.
)) (/home/samuelebumbaca/.TinyTeX/texmf-dist/tex/latex/pdfpages/pdfpages.sty
Package: pdfpages 2024/10/28 v0.6c Insert pages of external PDF documents (AM)
 (/home/samuelebumbaca/.TinyTeX/texmf-dist/tex/latex/tools/calc.sty
Package: calc 2023/07/08 v4.3 Infix arithmetic (KKT,FJ)
\calc@Acount=\count302
\calc@Bcount=\count303
\calc@Adimen=\dimen195
\calc@Bdimen=\dimen196
\calc@Askip=\skip63
\calc@Bskip=\skip64
LaTeX Info: Redefining \setlength on input line 80.
LaTeX Info: Redefining \addtolength on input line 81.
\calc@Ccount=\count304
\calc@Cskip=\skip65
) (/home/samuelebumbaca/.TinyTeX/texmf-dist/tex/latex/eso-pic/eso-pic.sty
Package: eso-pic 2023/05/03 v3.0c eso-pic (RN)
\ESO@tempdima=\dimen197
\ESO@tempdimb=\dimen198
 (/home/samuelebumbaca/.TinyTeX/texmf-dist/tex/latex/xcolor/xcolor.sty
Package: xcolor 2024/09/29 v3.02 LaTeX color extensions (UK)
 (/home/samuelebumbaca/.TinyTeX/texmf-dist/tex/latex/graphics-cfg/color.cfg
File: color.cfg 2016/01/02 v1.6 sample color configuration
)
Package xcolor Info: Driver file: xetex.def on input line 274.
 (/home/samuelebumbaca/.TinyTeX/texmf-dist/tex/latex/graphics/mathcolor.ltx)
Package xcolor Info: Model `cmy' substituted by `cmy0' on input line 1349.
Package xcolor Info: Model `RGB' extended on input line 1365.
Package xcolor Info: Model `HTML' substituted by `rgb' on input line 1367.
Package xcolor Info: Model `Hsb' substituted by `hsb' on input line 1368.
Package xcolor Info: Model `tHsb' substituted by `hsb' on input line 1369.
Package xcolor Info: Model `HSB' substituted by `hsb' on input line 1370.
Package xcolor Info: Model `Gray' substituted by `gray' on input line 1371.
Package xcolor Info: Model `wave' substituted by `hsb' on input line 1372.
))
\AM@pagewidth=\dimen199
\AM@pageheight=\dimen256
\AM@fboxrule=\dimen257
 (/home/samuelebumbaca/.TinyTeX/texmf-dist/tex/latex/pdfpages/ppxetex.def
File: ppxetex.def 2024/10/28 v0.6c Pdfpages driver for XeTeX (AM)
)
\pdfpages@includegraphics@status=\count305
\AM@pagebox=\box61
\AM@global@opts=\toks27
\AM@pagecnt=\count306
\AM@toc@title=\toks28
\AM@lof@heading=\toks29
\c@AM@survey=\count307
\AM@templatesizebox=\box62
) (/home/samuelebumbaca/.TinyTeX/texmf-dist/tex/latex/natbib/natbib.sty
Package: natbib 2010/09/13 8.31b (PWD, AO)
\bibhang=\skip66
\bibsep=\skip67
LaTeX Info: Redefining \cite on input line 694.
\c@NAT@ctr=\count308
)

Package fontspec Info: 
(fontspec)             Font family 'Arial(0)' created for font 'Arial' with
(fontspec)             options [Ligatures=TeX].
(fontspec)              
(fontspec)              This font family consists of the following NFSS
(fontspec)             series/shapes:
(fontspec)              
(fontspec)             - 'normal' (m/n) with NFSS spec.:
(fontspec)             <->"Arial/OT:language=dflt;mapping=tex-text;"
(fontspec)             - 'bold' (b/n) with NFSS spec.:
(fontspec)             <->"Arial/B/OT:language=dflt;mapping=tex-text;"
(fontspec)             - 'italic' (m/it) with NFSS spec.:
(fontspec)             <->"Arial/I/OT:language=dflt;mapping=tex-text;"
(fontspec)             - 'bold italic' (b/it) with NFSS spec.:
(fontspec)             <->"Arial/BI/OT:language=dflt;mapping=tex-text;"

 (/home/samuelebumbaca/.TinyTeX/texmf-dist/tex/latex/fancyhdr/fancyhdr.sty
Package: fancyhdr 2024/12/09 v4.5 Extensive control of page headers and footers
\f@nch@headwidth=\skip68
\f@nch@O@elh=\skip69
\f@nch@O@erh=\skip70
\f@nch@O@olh=\skip71
\f@nch@O@orh=\skip72
\f@nch@O@elf=\skip73
\f@nch@O@erf=\skip74
\f@nch@O@olf=\skip75
\f@nch@O@orf=\skip76
) (/home/samuelebumbaca/.TinyTeX/texmf-dist/tex/latex/url/url.sty
\Urlmuskip=\muskip17
Package: url 2013/09/16  ver 3.4  Verb mode for urls, etc.
) (/home/samuelebumbaca/.TinyTeX/texmf-dist/tex/latex/hyperref/hyperref.sty
Package: hyperref 2024-11-05 v7.01l Hypertext links for LaTeX
 (/home/samuelebumbaca/.TinyTeX/texmf-dist/tex/latex/kvsetkeys/kvsetkeys.sty
Package: kvsetkeys 2022-10-05 v1.19 Key value parser (HO)
) (/home/samuelebumbaca/.TinyTeX/texmf-dist/tex/generic/kvdefinekeys/kvdefinekeys.sty
Package: kvdefinekeys 2019-12-19 v1.6 Define keys (HO)
) (/home/samuelebumbaca/.TinyTeX/texmf-dist/tex/generic/pdfescape/pdfescape.sty
Package: pdfescape 2019/12/09 v1.15 Implements pdfTeX's escape features (HO)
 (/home/samuelebumbaca/.TinyTeX/texmf-dist/tex/generic/ltxcmds/ltxcmds.sty
Package: ltxcmds 2023-12-04 v1.26 LaTeX kernel commands for general use (HO)
) (/home/samuelebumbaca/.TinyTeX/texmf-dist/tex/generic/pdftexcmds/pdftexcmds.sty
Package: pdftexcmds 2020-06-27 v0.33 Utility functions of pdfTeX for LuaTeX (HO)
 (/home/samuelebumbaca/.TinyTeX/texmf-dist/tex/generic/infwarerr/infwarerr.sty
Package: infwarerr 2019/12/03 v1.5 Providing info/warning/error messages (HO)
)
Package pdftexcmds Info: \pdf@primitive is available.
Package pdftexcmds Info: \pdf@ifprimitive is available.
Package pdftexcmds Info: \pdfdraftmode not found.
)) (/home/samuelebumbaca/.TinyTeX/texmf-dist/tex/latex/hycolor/hycolor.sty
Package: hycolor 2020-01-27 v1.10 Color options for hyperref/bookmark (HO)
) (/home/samuelebumbaca/.TinyTeX/texmf-dist/tex/latex/hyperref/nameref.sty
Package: nameref 2023-11-26 v2.56 Cross-referencing by name of section
 (/home/samuelebumbaca/.TinyTeX/texmf-dist/tex/latex/refcount/refcount.sty
Package: refcount 2019/12/15 v3.6 Data extraction from label references (HO)
) (/home/samuelebumbaca/.TinyTeX/texmf-dist/tex/generic/gettitlestring/gettitlestring.sty
Package: gettitlestring 2019/12/15 v1.6 Cleanup title references (HO)
 (/home/samuelebumbaca/.TinyTeX/texmf-dist/tex/latex/kvoptions/kvoptions.sty
Package: kvoptions 2022-06-15 v3.15 Key value format for package options (HO)
))
\c@section@level=\count309
) (/home/samuelebumbaca/.TinyTeX/texmf-dist/tex/latex/etoolbox/etoolbox.sty
Package: etoolbox 2020/10/05 v2.5k e-TeX tools for LaTeX (JAW)
\etb@tempcnta=\count310
) (/home/samuelebumbaca/.TinyTeX/texmf-dist/tex/generic/stringenc/stringenc.sty
Package: stringenc 2019/11/29 v1.12 Convert strings between diff. encodings (HO)
)
\@linkdim=\dimen258
\Hy@linkcounter=\count311
\Hy@pagecounter=\count312
 (/home/samuelebumbaca/.TinyTeX/texmf-dist/tex/latex/hyperref/pd1enc.def
File: pd1enc.def 2024-11-05 v7.01l Hyperref: PDFDocEncoding definition (HO)
) (/home/samuelebumbaca/.TinyTeX/texmf-dist/tex/generic/intcalc/intcalc.sty
Package: intcalc 2019/12/15 v1.3 Expandable calculations with integers (HO)
)
\Hy@SavedSpaceFactor=\count313
 (/home/samuelebumbaca/.TinyTeX/texmf-dist/tex/latex/hyperref/puenc.def
File: puenc.def 2024-11-05 v7.01l Hyperref: PDF Unicode definition (HO)
)
Package hyperref Info: Hyper figures OFF on input line 4157.
Package hyperref Info: Link nesting OFF on input line 4162.
Package hyperref Info: Hyper index ON on input line 4165.
Package hyperref Info: Plain pages OFF on input line 4172.
Package hyperref Info: Backreferencing OFF on input line 4177.
Package hyperref Info: Implicit mode ON; LaTeX internals redefined.
Package hyperref Info: Bookmarks ON on input line 4424.
\c@Hy@tempcnt=\count314
LaTeX Info: Redefining \url on input line 4763.
\XeTeXLinkMargin=\dimen259
 (/home/samuelebumbaca/.TinyTeX/texmf-dist/tex/generic/bitset/bitset.sty
Package: bitset 2019/12/09 v1.3 Handle bit-vector datatype (HO)
 (/home/samuelebumbaca/.TinyTeX/texmf-dist/tex/generic/bigintcalc/bigintcalc.sty
Package: bigintcalc 2019/12/15 v1.5 Expandable calculations on big integers (HO)
))
\Fld@menulength=\count315
\Field@Width=\dimen260
\Fld@charsize=\dimen261
Package hyperref Info: Hyper figures OFF on input line 6042.
Package hyperref Info: Link nesting OFF on input line 6047.
Package hyperref Info: Hyper index ON on input line 6050.
Package hyperref Info: backreferencing OFF on input line 6057.
Package hyperref Info: Link coloring OFF on input line 6062.
Package hyperref Info: Link coloring with OCG OFF on input line 6067.
Package hyperref Info: PDF/A mode OFF on input line 6072.
 (/home/samuelebumbaca/.TinyTeX/texmf-dist/tex/latex/base/atbegshi-ltx.sty
Package: atbegshi-ltx 2021/01/10 v1.0c Emulation of the original atbegshi
package with kernel methods
)
\Hy@abspage=\count316
\c@Item=\count317
\c@Hfootnote=\count318
)
Package hyperref Info: Driver (autodetected): hxetex.
 (/home/samuelebumbaca/.TinyTeX/texmf-dist/tex/latex/hyperref/hxetex.def
File: hxetex.def 2024-11-05 v7.01l Hyperref driver for XeTeX
\pdfm@box=\box63
\c@Hy@AnnotLevel=\count319
\HyField@AnnotCount=\count320
\Fld@listcount=\count321
\c@bookmark@seq@number=\count322
 (/home/samuelebumbaca/.TinyTeX/texmf-dist/tex/latex/rerunfilecheck/rerunfilecheck.sty
Package: rerunfilecheck 2022-07-10 v1.10 Rerun checks for auxiliary files (HO)
 (/home/samuelebumbaca/.TinyTeX/texmf-dist/tex/latex/base/atveryend-ltx.sty
Package: atveryend-ltx 2020/08/19 v1.0a Emulation of the original atveryend package
with kernel methods
) (/home/samuelebumbaca/.TinyTeX/texmf-dist/tex/generic/uniquecounter/uniquecounter.sty
Package: uniquecounter 2019/12/15 v1.4 Provide unlimited unique counter (HO)
)
Package uniquecounter Info: New unique counter `rerunfilecheck' on input line 285.
)
\Hy@SectionHShift=\skip77
) (/home/samuelebumbaca/.TinyTeX/texmf-dist/tex/latex/amsmath/amsmath.sty
Package: amsmath 2024/11/05 v2.17t AMS math features
\@mathmargin=\skip78

For additional information on amsmath, use the `?' option.
(/home/samuelebumbaca/.TinyTeX/texmf-dist/tex/latex/amsmath/amstext.sty
Package: amstext 2021/08/26 v2.01 AMS text
 (/home/samuelebumbaca/.TinyTeX/texmf-dist/tex/latex/amsmath/amsgen.sty
File: amsgen.sty 1999/11/30 v2.0 generic functions
\@emptytoks=\toks30
\ex@=\dimen262
)) (/home/samuelebumbaca/.TinyTeX/texmf-dist/tex/latex/amsmath/amsbsy.sty
Package: amsbsy 1999/11/29 v1.2d Bold Symbols
\pmbraise@=\dimen263
) (/home/samuelebumbaca/.TinyTeX/texmf-dist/tex/latex/amsmath/amsopn.sty
Package: amsopn 2022/04/08 v2.04 operator names
)
\inf@bad=\count323
LaTeX Info: Redefining \frac on input line 233.
\uproot@=\count324
\leftroot@=\count325
LaTeX Info: Redefining \overline on input line 398.
LaTeX Info: Redefining \colon on input line 409.
\classnum@=\count326
\DOTSCASE@=\count327
LaTeX Info: Redefining \ldots on input line 495.
LaTeX Info: Redefining \dots on input line 498.
LaTeX Info: Redefining \cdots on input line 619.
\Mathstrutbox@=\box64
\strutbox@=\box65
LaTeX Info: Redefining \big on input line 721.
LaTeX Info: Redefining \Big on input line 722.
LaTeX Info: Redefining \bigg on input line 723.
LaTeX Info: Redefining \Bigg on input line 724.
\big@size=\dimen264
LaTeX Font Info:    Redeclaring font encoding OML on input line 742.
LaTeX Font Info:    Redeclaring font encoding OMS on input line 743.
\macc@depth=\count328
LaTeX Info: Redefining \bmod on input line 904.
LaTeX Info: Redefining \pmod on input line 909.
LaTeX Info: Redefining \smash on input line 939.
LaTeX Info: Redefining \relbar on input line 969.
LaTeX Info: Redefining \Relbar on input line 970.
\c@MaxMatrixCols=\count329
\dotsspace@=\muskip18
\c@parentequation=\count330
\dspbrk@lvl=\count331
\tag@help=\toks31
\row@=\count332
\column@=\count333
\maxfields@=\count334
\andhelp@=\toks32
\eqnshift@=\dimen265
\alignsep@=\dimen266
\tagshift@=\dimen267
\tagwidth@=\dimen268
\totwidth@=\dimen269
\lineht@=\dimen270
\@envbody=\toks33
\multlinegap=\skip79
\multlinetaggap=\skip80
\mathdisplay@stack=\toks34
LaTeX Info: Redefining \[ on input line 2953.
LaTeX Info: Redefining \] on input line 2954.
) (/home/samuelebumbaca/.TinyTeX/texmf-dist/tex/latex/subfig/subfig.sty
Package: subfig 2005/06/28 ver: 1.3 subfig package
 (/home/samuelebumbaca/.TinyTeX/texmf-dist/tex/latex/caption/caption.sty
Package: caption 2023/08/05 v3.6o Customizing captions (AR)
 (/home/samuelebumbaca/.TinyTeX/texmf-dist/tex/latex/caption/caption3.sty
Package: caption3 2023/07/31 v2.4d caption3 kernel (AR)
\caption@tempdima=\dimen271
\captionmargin=\dimen272
\caption@leftmargin=\dimen273
\caption@rightmargin=\dimen274
\caption@width=\dimen275
\caption@indent=\dimen276
\caption@parindent=\dimen277
\caption@hangindent=\dimen278
Package caption Info: Standard document class detected.
)
\c@caption@flags=\count335
\c@continuedfloat=\count336
Package caption Info: float package is loaded.
Package caption Info: hyperref package is loaded.
Package caption Info: threeparttable package is loaded.
)
\c@KVtest=\count337
\sf@farskip=\skip81
\sf@captopadj=\dimen279
\sf@capskip=\skip82
\sf@nearskip=\skip83
\c@subfigure=\count338
\c@subfigure@save=\count339
\c@lofdepth=\count340
\c@subtable=\count341
\c@subtable@save=\count342
\c@lotdepth=\count343
\sf@top=\skip84
\sf@bottom=\skip85
) (/home/samuelebumbaca/.TinyTeX/texmf-dist/tex/latex/changepage/changepage.sty
Package: changepage 2009/10/20 v1.0c check page and change page layout
\c@cp@cntr=\count344
\cp@tempcnt=\count345
LaTeX Info: Redefining \checkoddpage on input line 59.
) (/home/samuelebumbaca/.TinyTeX/texmf-dist/tex/latex/cleveref/cleveref.sty
Package: cleveref 2018/03/27 v0.21.4 Intelligent cross-referencing
Package cleveref Info: `hyperref' support loaded on input line 2370.
LaTeX Info: Redefining \cref on input line 2370.
LaTeX Info: Redefining \Cref on input line 2370.
LaTeX Info: Redefining \crefrange on input line 2370.
LaTeX Info: Redefining \Crefrange on input line 2370.
LaTeX Info: Redefining \cpageref on input line 2370.
LaTeX Info: Redefining \Cpageref on input line 2370.
LaTeX Info: Redefining \cpagerefrange on input line 2370.
LaTeX Info: Redefining \Cpagerefrange on input line 2370.
LaTeX Info: Redefining \labelcref on input line 2370.
LaTeX Info: Redefining \labelcpageref on input line 2370.
Package cleveref Info: `algorithmicx' support loaded on input line 3120.
Package cleveref Info: `subfig' support loaded on input line 3164.
)
\extralength=\skip86
 (./Thesis.aux)
\openout1 = `Thesis.aux'.

LaTeX Font Info:    Checking defaults for OML/cmm/m/it on input line 57.
LaTeX Font Info:    ... okay on input line 57.
LaTeX Font Info:    Checking defaults for OMS/cmsy/m/n on input line 57.
LaTeX Font Info:    ... okay on input line 57.
LaTeX Font Info:    Checking defaults for OT1/cmr/m/n on input line 57.
LaTeX Font Info:    ... okay on input line 57.
LaTeX Font Info:    Checking defaults for T1/cmr/m/n on input line 57.
LaTeX Font Info:    ... okay on input line 57.
LaTeX Font Info:    Checking defaults for TS1/cmr/m/n on input line 57.
LaTeX Font Info:    ... okay on input line 57.
LaTeX Font Info:    Checking defaults for TU/lmr/m/n on input line 57.
LaTeX Font Info:    ... okay on input line 57.
LaTeX Font Info:    Checking defaults for OMX/cmex/m/n on input line 57.
LaTeX Font Info:    ... okay on input line 57.
LaTeX Font Info:    Checking defaults for U/cmr/m/n on input line 57.
LaTeX Font Info:    ... okay on input line 57.
LaTeX Font Info:    Checking defaults for PD1/pdf/m/n on input line 57.
LaTeX Font Info:    ... okay on input line 57.
LaTeX Font Info:    Checking defaults for PU/pdf/m/n on input line 57.
LaTeX Font Info:    ... okay on input line 57.

*geometry* driver: auto-detecting
*geometry* detected driver: xetex
*geometry* verbose mode - [ preamble ] result:
* driver: xetex
* paper: a4paper
* layout: <same size as paper>
* layoutoffset:(h,v)=(0.0pt,0.0pt)
* modes: 
* h-part:(L,W,R)=(71.13188pt, 355.65947pt, 170.71652pt)
* v-part:(T,H,B)=(48.36958pt, 586.12704pt, 210.55022pt)
* \paperwidth=597.50787pt
* \paperheight=845.04684pt
* \textwidth=355.65947pt
* \textheight=586.12704pt
* \oddsidemargin=-1.1381pt
* \evensidemargin=-1.1381pt
* \topmargin=-60.9004pt
* \headheight=12.0pt
* \headsep=25.0pt
* \topskip=12.0pt
* \footskip=179.25244pt
* \marginparwidth=35.0pt
* \marginparsep=10.0pt
* \columnsep=10.0pt
* \skip\footins=10.8pt plus 4.0pt minus 2.0pt
* \hoffset=0.0pt
* \voffset=0.0pt
* \mag=1000
* \@twocolumnfalse
* \@twosidefalse
* \@mparswitchfalse
* \@reversemarginfalse
* (1in=72.27pt=25.4mm, 1cm=28.453pt)


Package fontspec Info: 
(fontspec)             Adjusting the maths setup (use [no-math] to avoid
(fontspec)             this).

\symlegacymaths=\mathgroup4
LaTeX Font Info:    Overwriting symbol font `legacymaths' in version `bold'
(Font)                  OT1/cmr/m/n --> OT1/cmr/bx/n on input line 57.
LaTeX Font Info:    Redeclaring math accent \acute on input line 57.
LaTeX Font Info:    Redeclaring math accent \grave on input line 57.
LaTeX Font Info:    Redeclaring math accent \ddot on input line 57.
LaTeX Font Info:    Redeclaring math accent \tilde on input line 57.
LaTeX Font Info:    Redeclaring math accent \bar on input line 57.
LaTeX Font Info:    Redeclaring math accent \breve on input line 57.
LaTeX Font Info:    Redeclaring math accent \check on input line 57.
LaTeX Font Info:    Redeclaring math accent \hat on input line 57.
LaTeX Font Info:    Redeclaring math accent \dot on input line 57.
LaTeX Font Info:    Redeclaring math accent \mathring on input line 57.
LaTeX Font Info:    Redeclaring math symbol \Gamma on input line 57.
LaTeX Font Info:    Redeclaring math symbol \Delta on input line 57.
LaTeX Font Info:    Redeclaring math symbol \Theta on input line 57.
LaTeX Font Info:    Redeclaring math symbol \Lambda on input line 57.
LaTeX Font Info:    Redeclaring math symbol \Xi on input line 57.
LaTeX Font Info:    Redeclaring math symbol \Pi on input line 57.
LaTeX Font Info:    Redeclaring math symbol \Sigma on input line 57.
LaTeX Font Info:    Redeclaring math symbol \Upsilon on input line 57.
LaTeX Font Info:    Redeclaring math symbol \Phi on input line 57.
LaTeX Font Info:    Redeclaring math symbol \Psi on input line 57.
LaTeX Font Info:    Redeclaring math symbol \Omega on input line 57.
LaTeX Font Info:    Redeclaring math symbol \mathdollar on input line 57.
LaTeX Font Info:    Redeclaring symbol font `operators' on input line 57.
LaTeX Font Info:    Encoding `OT1' has changed to `TU' for symbol font
(Font)              `operators' in the math version `normal' on input line 57.
LaTeX Font Info:    Overwriting symbol font `operators' in version `normal'
(Font)                  OT1/cmr/m/n --> TU/Arial(0)/m/n on input line 57.
LaTeX Font Info:    Encoding `OT1' has changed to `TU' for symbol font
(Font)              `operators' in the math version `bold' on input line 57.
LaTeX Font Info:    Overwriting symbol font `operators' in version `bold'
(Font)                  OT1/cmr/bx/n --> TU/Arial(0)/m/n on input line 57.
LaTeX Font Info:    Overwriting symbol font `operators' in version `normal'
(Font)                  TU/Arial(0)/m/n --> TU/Arial(0)/m/n on input line 57.
LaTeX Font Info:    Overwriting math alphabet `\mathit' in version `normal'
(Font)                  OT1/cmr/m/it --> TU/Arial(0)/m/it on input line 57.
LaTeX Font Info:    Overwriting math alphabet `\mathbf' in version `normal'
(Font)                  OT1/cmr/bx/n --> TU/Arial(0)/b/n on input line 57.
LaTeX Font Info:    Overwriting math alphabet `\mathsf' in version `normal'
(Font)                  OT1/cmss/m/n --> TU/lmss/m/n on input line 57.
LaTeX Font Info:    Overwriting math alphabet `\mathtt' in version `normal'
(Font)                  OT1/cmtt/m/n --> TU/lmtt/m/n on input line 57.
LaTeX Font Info:    Overwriting symbol font `operators' in version `bold'
(Font)                  TU/Arial(0)/m/n --> TU/Arial(0)/b/n on input line 57.
LaTeX Font Info:    Overwriting math alphabet `\mathit' in version `bold'
(Font)                  OT1/cmr/bx/it --> TU/Arial(0)/b/it on input line 57.
LaTeX Font Info:    Overwriting math alphabet `\mathsf' in version `bold'
(Font)                  OT1/cmss/bx/n --> TU/lmss/b/n on input line 57.
LaTeX Font Info:    Overwriting math alphabet `\mathtt' in version `bold'
(Font)                  OT1/cmtt/m/n --> TU/lmtt/b/n on input line 57.
Package hyperref Info: Link coloring OFF on input line 57.
(./Thesis.out) (./Thesis.out)
\@outlinefile=\write3
\openout3 = `Thesis.out'.

Package caption Info: Begin \AtBeginDocument code.
Package caption Info: subfig package v1.3 is loaded.
Package caption Info: changepage package is loaded.
\caption@adjustwidth@hsize=\dimen280
\caption@adjustwidth@linewidth=\dimen281
Package caption Info: End \AtBeginDocument code.
File: Intestazione/t3._Thesis_first_page.pdf Graphic file (type pdf)
<use Intestazione/t3._Thesis_first_page.pdf>
File: Intestazione/t3._Thesis_first_page.pdf Graphic file (type pdf)
<use Intestazione/t3._Thesis_first_page.pdf>
File: Intestazione/t3._Thesis_first_page.pdf Graphic file (type pdf)
<use Intestazione/t3._Thesis_first_page.pdf, page 1>
File: Intestazione/t3._Thesis_first_page.pdf Graphic file (type pdf)
<use Intestazione/t3._Thesis_first_page.pdf, page 1>
File: Intestazione/t3._Thesis_first_page.pdf Graphic file (type pdf)
<use Intestazione/t3._Thesis_first_page.pdf, page 1>
File: Intestazione/t3._Thesis_first_page.pdf Graphic file (type pdf)
<use Intestazione/t3._Thesis_first_page.pdf, page 1>


File: Intestazione/t3._Thesis_first_page.pdf Graphic file (type pdf)
<use Intestazione/t3._Thesis_first_page.pdf, page 1>
[1


] (./Thesis.toc
Overfull \hbox (1.42145pt too wide) detected at line 15
 []\TU/Arial(0)/m/n/12 142
 []

)
\tf@toc=\write4
\openout4 = `Thesis.toc'.



[2

]

[3]
Chapter 1.

Overfull \hbox (13.40694pt too wide) in paragraph at lines 81--88
\TU/Arial(0)/m/n/12 These active substances undergo rigorous risk assessment processes,
 []



[4

]

[5]

[6]
Overfull \hbox (2.53117pt too wide) in paragraph at lines 142--154
\TU/Arial(0)/m/n/12 ‘test product(s), reference product(s) and untreated control, arranged
 []


Overfull \hbox (8.39912pt too wide) in paragraph at lines 156--159
[]\TU/Arial(0)/b/n/12 Completely Randomized Design (CRD)\TU/Arial(0)/m/n/12 : Treatments randomly
 []


Overfull \hbox (2.06905pt too wide) in paragraph at lines 156--159
\TU/Arial(0)/m/n/12 suitable for homogeneous trial areas where environmental vari-
 []



[7]
Overfull \hbox (10.80988pt too wide) in paragraph at lines 164--167
[]\TU/Arial(0)/b/n/12 Split-Plot Design\TU/Arial(0)/m/n/12 : Used when one factor (e.g., cultivation equip-
 []


Overfull \hbox (1.31645pt too wide) in paragraph at lines 164--167
\TU/Arial(0)/m/n/12 ment) cannot be fully randomized; creates hierarchy with whole
 []


Overfull \hbox (7.04431pt too wide) in paragraph at lines 185--190
\TU/Arial(0)/m/n/12 potentially with different dimensions than treatment plots. These
 []



[8]

[9]

[10]
Overfull \hbox (94.65463pt too wide) in paragraph at lines 244--261
 [][] 
 []



[11]
Overfull \hbox (0.51164pt too wide) in paragraph at lines 276--284
\TU/Arial(0)/m/n/12 ence), test products versus reference (evaluating efficacy), and com-
 []


Overfull \hbox (1.01631pt too wide) in paragraph at lines 285--288
[]\TU/Arial(0)/m/n/12 Through adherence to these rigorous design and analysis standards,
 []


Overfull \hbox (7.20929pt too wide) in paragraph at lines 291--298
\TU/Arial(0)/m/n/12 dation for conducting phytosanitary product trials, the increasing avail-
 []



[12]
Overfull \hbox (4.80244pt too wide) in paragraph at lines 317--318
[]\TU/Arial(0)/b/n/12 Continuous\TU/Arial(0)/m/n/12 : Coefficient of determination (R²) higher than 0.85. 
 []



[13]

[14]
Overfull \hbox (26.76398pt too wide) in paragraph at lines 365--370
\TU/Arial(0)/m/n/12 analyzing these images, it is possible to reconstruct the three-dimensional
 []



[15]

[16]

[17]
Overfull \hbox (0.3962pt too wide) in paragraph at lines 449--452
[]\TU/Arial(0)/b/n/12 Supervised Learning\TU/Arial(0)/m/n/12 : Models are trained on labeled datasets
 []



[18]
Overfull \hbox (0.31085pt too wide) in paragraph at lines 470--474
\TU/Arial(0)/m/n/12 observation and measurement, particularly when integrated with dig-
 []


Overfull \hbox (9.25069pt too wide) in paragraph at lines 488--495
\TU/Arial(0)/m/n/12 One of the most compelling advantages of adopting digital approaches
 []


Overfull \hbox (7.65265pt too wide) in paragraph at lines 488--495
\TU/Arial(0)/m/n/12 human capacity and time constraints, automated and semi-automated
 []


Overfull \hbox (0.1322pt too wide) in paragraph at lines 488--495
\TU/Arial(0)/m/n/12 systems can continuously gather data with minimal interruption. This
 []



[19]

[20]
Overfull \hbox (0.46748pt too wide) in paragraph at lines 551--555
[]\TU/Arial(0)/b/n/12 Spatial Analysis of Field Trials with Splines \TU/Arial(0)/m/n/12 leverages spline func-
 []



[21]
Overfull \hbox (6.40987pt too wide) in paragraph at lines 565--566
[]\TU/Arial(0)/m/n/12 CONTUNA QUI PARLANDO DI TRIAL SERIES E PER COLLEGARTI
 []


Overfull \hbox (2.51237pt too wide) in paragraph at lines 567--567
|[]\TU/Arial(0)/b/n/17.28 The Literature Gap and the Thesis Aims| 
 []



[22] (./Thesis.bbl

[23]
Underfull \hbox (badness 1314) in paragraph at lines 4--6
[]\TU/Arial(0)/m/n/12 <span style=”font-variant:small-caps;”>PP</span> 1/333 (1)
 []


Underfull \hbox (badness 2556) in paragraph at lines 8--11
[]\TU/Arial(0)/m/n/12 H. Bleiholder, T. van den Boom, P. Langelüddeke, and
 []



[24

]
Underfull \hbox (badness 2042) in paragraph at lines 43--46
[]\TU/Arial(0)/m/n/12 European Parliament and Council.  Regulation (EC) No
 []


Underfull \hbox (badness 1033) in paragraph at lines 48--51
\TU/Arial(0)/m/it/12 in Statistics: Methodology and Distribution\TU/Arial(0)/m/n/12 , pages 66–70.
 []



[25])

[26]
Chapter 2.
File: Plant_count/Plant_count.pdf Graphic file (type pdf)
<use Plant_count/Plant_count.pdf>
File: Plant_count/Plant_count.pdf Graphic file (type pdf)
<use Plant_count/Plant_count.pdf>
File: Plant_count/Plant_count.pdf Graphic file (type pdf)
<use Plant_count/Plant_count.pdf, page 1>
File: Plant_count/Plant_count.pdf Graphic file (type pdf)
<use Plant_count/Plant_count.pdf, page 1>


[27

]
File: Plant_count/Plant_count.pdf Graphic file (type pdf)
<use Plant_count/Plant_count.pdf, page 1>
File: Plant_count/Plant_count.pdf Graphic file (type pdf)
<use Plant_count/Plant_count.pdf, page 1>


File: Plant_count/Plant_count.pdf Graphic file (type pdf)
<use Plant_count/Plant_count.pdf, page 1>
[28

]
File: Plant_count/Plant_count.pdf Graphic file (type pdf)
<use Plant_count/Plant_count.pdf, page 2>
File: Plant_count/Plant_count.pdf Graphic file (type pdf)
<use Plant_count/Plant_count.pdf, page 2>


File: Plant_count/Plant_count.pdf Graphic file (type pdf)
<use Plant_count/Plant_count.pdf, page 2>
[29

]
File: Plant_count/Plant_count.pdf Graphic file (type pdf)
<use Plant_count/Plant_count.pdf, page 3>
File: Plant_count/Plant_count.pdf Graphic file (type pdf)
<use Plant_count/Plant_count.pdf, page 3>


File: Plant_count/Plant_count.pdf Graphic file (type pdf)
<use Plant_count/Plant_count.pdf, page 3>
[30

]
File: Plant_count/Plant_count.pdf Graphic file (type pdf)
<use Plant_count/Plant_count.pdf, page 4>
File: Plant_count/Plant_count.pdf Graphic file (type pdf)
<use Plant_count/Plant_count.pdf, page 4>


File: Plant_count/Plant_count.pdf Graphic file (type pdf)
<use Plant_count/Plant_count.pdf, page 4>
[31

]
File: Plant_count/Plant_count.pdf Graphic file (type pdf)
<use Plant_count/Plant_count.pdf, page 5>
File: Plant_count/Plant_count.pdf Graphic file (type pdf)
<use Plant_count/Plant_count.pdf, page 5>


File: Plant_count/Plant_count.pdf Graphic file (type pdf)
<use Plant_count/Plant_count.pdf, page 5>
[32

]
File: Plant_count/Plant_count.pdf Graphic file (type pdf)
<use Plant_count/Plant_count.pdf, page 6>
File: Plant_count/Plant_count.pdf Graphic file (type pdf)
<use Plant_count/Plant_count.pdf, page 6>


File: Plant_count/Plant_count.pdf Graphic file (type pdf)
<use Plant_count/Plant_count.pdf, page 6>
[33

]
File: Plant_count/Plant_count.pdf Graphic file (type pdf)
<use Plant_count/Plant_count.pdf, page 7>
File: Plant_count/Plant_count.pdf Graphic file (type pdf)
<use Plant_count/Plant_count.pdf, page 7>


File: Plant_count/Plant_count.pdf Graphic file (type pdf)
<use Plant_count/Plant_count.pdf, page 7>
[34

]
File: Plant_count/Plant_count.pdf Graphic file (type pdf)
<use Plant_count/Plant_count.pdf, page 8>
File: Plant_count/Plant_count.pdf Graphic file (type pdf)
<use Plant_count/Plant_count.pdf, page 8>


File: Plant_count/Plant_count.pdf Graphic file (type pdf)
<use Plant_count/Plant_count.pdf, page 8>
[35

]
File: Plant_count/Plant_count.pdf Graphic file (type pdf)
<use Plant_count/Plant_count.pdf, page 9>
File: Plant_count/Plant_count.pdf Graphic file (type pdf)
<use Plant_count/Plant_count.pdf, page 9>


File: Plant_count/Plant_count.pdf Graphic file (type pdf)
<use Plant_count/Plant_count.pdf, page 9>
[36

]
File: Plant_count/Plant_count.pdf Graphic file (type pdf)
<use Plant_count/Plant_count.pdf, page 10>
File: Plant_count/Plant_count.pdf Graphic file (type pdf)
<use Plant_count/Plant_count.pdf, page 10>


File: Plant_count/Plant_count.pdf Graphic file (type pdf)
<use Plant_count/Plant_count.pdf, page 10>
[37

]
File: Plant_count/Plant_count.pdf Graphic file (type pdf)
<use Plant_count/Plant_count.pdf, page 11>
File: Plant_count/Plant_count.pdf Graphic file (type pdf)
<use Plant_count/Plant_count.pdf, page 11>


File: Plant_count/Plant_count.pdf Graphic file (type pdf)
<use Plant_count/Plant_count.pdf, page 11>
[38

]
File: Plant_count/Plant_count.pdf Graphic file (type pdf)
<use Plant_count/Plant_count.pdf, page 12>
File: Plant_count/Plant_count.pdf Graphic file (type pdf)
<use Plant_count/Plant_count.pdf, page 12>


File: Plant_count/Plant_count.pdf Graphic file (type pdf)
<use Plant_count/Plant_count.pdf, page 12>
[39

]
File: Plant_count/Plant_count.pdf Graphic file (type pdf)
<use Plant_count/Plant_count.pdf>
File: Plant_count/Plant_count.pdf Graphic file (type pdf)
<use Plant_count/Plant_count.pdf>
File: Plant_count/Plant_count.pdf Graphic file (type pdf)
<use Plant_count/Plant_count.pdf, page 13>
File: Plant_count/Plant_count.pdf Graphic file (type pdf)
<use Plant_count/Plant_count.pdf, page 13>
File: Plant_count/Plant_count.pdf Graphic file (type pdf)
<use Plant_count/Plant_count.pdf, page 13>
File: Plant_count/Plant_count.pdf Graphic file (type pdf)
<use Plant_count/Plant_count.pdf, page 13>


File: Plant_count/Plant_count.pdf Graphic file (type pdf)
<use Plant_count/Plant_count.pdf, page 13>
[40

]
File: Plant_count/Plant_count.pdf Graphic file (type pdf)
<use Plant_count/Plant_count.pdf, page 14>
File: Plant_count/Plant_count.pdf Graphic file (type pdf)
<use Plant_count/Plant_count.pdf, page 14>


File: Plant_count/Plant_count.pdf Graphic file (type pdf)
<use Plant_count/Plant_count.pdf, page 14>
[41

]
File: Plant_count/Plant_count.pdf Graphic file (type pdf)
<use Plant_count/Plant_count.pdf>
File: Plant_count/Plant_count.pdf Graphic file (type pdf)
<use Plant_count/Plant_count.pdf>
File: Plant_count/Plant_count.pdf Graphic file (type pdf)
<use Plant_count/Plant_count.pdf, page 15>
File: Plant_count/Plant_count.pdf Graphic file (type pdf)
<use Plant_count/Plant_count.pdf, page 15>
File: Plant_count/Plant_count.pdf Graphic file (type pdf)
<use Plant_count/Plant_count.pdf, page 15>
File: Plant_count/Plant_count.pdf Graphic file (type pdf)
<use Plant_count/Plant_count.pdf, page 15>


File: Plant_count/Plant_count.pdf Graphic file (type pdf)
<use Plant_count/Plant_count.pdf, page 15>
[42

]
File: Plant_count/Plant_count.pdf Graphic file (type pdf)
<use Plant_count/Plant_count.pdf, page 16>
File: Plant_count/Plant_count.pdf Graphic file (type pdf)
<use Plant_count/Plant_count.pdf, page 16>


File: Plant_count/Plant_count.pdf Graphic file (type pdf)
<use Plant_count/Plant_count.pdf, page 16>
[43

]
File: Plant_count/Plant_count.pdf Graphic file (type pdf)
<use Plant_count/Plant_count.pdf, page 17>
File: Plant_count/Plant_count.pdf Graphic file (type pdf)
<use Plant_count/Plant_count.pdf, page 17>


File: Plant_count/Plant_count.pdf Graphic file (type pdf)
<use Plant_count/Plant_count.pdf, page 17>
[44

]
File: Plant_count/Plant_count.pdf Graphic file (type pdf)
<use Plant_count/Plant_count.pdf, page 18>
File: Plant_count/Plant_count.pdf Graphic file (type pdf)
<use Plant_count/Plant_count.pdf, page 18>


File: Plant_count/Plant_count.pdf Graphic file (type pdf)
<use Plant_count/Plant_count.pdf, page 18>
[45

]
File: Plant_count/Plant_count.pdf Graphic file (type pdf)
<use Plant_count/Plant_count.pdf, page 19>
File: Plant_count/Plant_count.pdf Graphic file (type pdf)
<use Plant_count/Plant_count.pdf, page 19>


File: Plant_count/Plant_count.pdf Graphic file (type pdf)
<use Plant_count/Plant_count.pdf, page 19>
[46

]
File: Plant_count/Plant_count.pdf Graphic file (type pdf)
<use Plant_count/Plant_count.pdf, page 20>
File: Plant_count/Plant_count.pdf Graphic file (type pdf)
<use Plant_count/Plant_count.pdf, page 20>


File: Plant_count/Plant_count.pdf Graphic file (type pdf)
<use Plant_count/Plant_count.pdf, page 20>
[47

]
File: Plant_count/Plant_count.pdf Graphic file (type pdf)
<use Plant_count/Plant_count.pdf, page 21>
File: Plant_count/Plant_count.pdf Graphic file (type pdf)
<use Plant_count/Plant_count.pdf, page 21>


File: Plant_count/Plant_count.pdf Graphic file (type pdf)
<use Plant_count/Plant_count.pdf, page 21>
[48

]
File: Plant_count/Plant_count.pdf Graphic file (type pdf)
<use Plant_count/Plant_count.pdf, page 22>
File: Plant_count/Plant_count.pdf Graphic file (type pdf)
<use Plant_count/Plant_count.pdf, page 22>


File: Plant_count/Plant_count.pdf Graphic file (type pdf)
<use Plant_count/Plant_count.pdf, page 22>
[49

]
File: Plant_count/Plant_count.pdf Graphic file (type pdf)
<use Plant_count/Plant_count.pdf, page 23>
File: Plant_count/Plant_count.pdf Graphic file (type pdf)
<use Plant_count/Plant_count.pdf, page 23>


File: Plant_count/Plant_count.pdf Graphic file (type pdf)
<use Plant_count/Plant_count.pdf, page 23>
[50

]
File: Plant_count/Plant_count.pdf Graphic file (type pdf)
<use Plant_count/Plant_count.pdf, page 24>
File: Plant_count/Plant_count.pdf Graphic file (type pdf)
<use Plant_count/Plant_count.pdf, page 24>


File: Plant_count/Plant_count.pdf Graphic file (type pdf)
<use Plant_count/Plant_count.pdf, page 24>
[51

]
File: Plant_count/Plant_count.pdf Graphic file (type pdf)
<use Plant_count/Plant_count.pdf, page 25>
File: Plant_count/Plant_count.pdf Graphic file (type pdf)
<use Plant_count/Plant_count.pdf, page 25>


File: Plant_count/Plant_count.pdf Graphic file (type pdf)
<use Plant_count/Plant_count.pdf, page 25>
[52

]
File: Plant_count/Plant_count.pdf Graphic file (type pdf)
<use Plant_count/Plant_count.pdf, page 26>
File: Plant_count/Plant_count.pdf Graphic file (type pdf)
<use Plant_count/Plant_count.pdf, page 26>


File: Plant_count/Plant_count.pdf Graphic file (type pdf)
<use Plant_count/Plant_count.pdf, page 26>
[53

]
File: Plant_count/Plant_count.pdf Graphic file (type pdf)
<use Plant_count/Plant_count.pdf, page 27>
File: Plant_count/Plant_count.pdf Graphic file (type pdf)
<use Plant_count/Plant_count.pdf, page 27>


File: Plant_count/Plant_count.pdf Graphic file (type pdf)
<use Plant_count/Plant_count.pdf, page 27>
[54

]
File: Plant_count/Plant_count.pdf Graphic file (type pdf)
<use Plant_count/Plant_count.pdf, page 28>
File: Plant_count/Plant_count.pdf Graphic file (type pdf)
<use Plant_count/Plant_count.pdf, page 28>


File: Plant_count/Plant_count.pdf Graphic file (type pdf)
<use Plant_count/Plant_count.pdf, page 28>
[55

]
File: Plant_count/Plant_count.pdf Graphic file (type pdf)
<use Plant_count/Plant_count.pdf>
File: Plant_count/Plant_count.pdf Graphic file (type pdf)
<use Plant_count/Plant_count.pdf>
File: Plant_count/Plant_count.pdf Graphic file (type pdf)
<use Plant_count/Plant_count.pdf, page 29>
File: Plant_count/Plant_count.pdf Graphic file (type pdf)
<use Plant_count/Plant_count.pdf, page 29>
File: Plant_count/Plant_count.pdf Graphic file (type pdf)
<use Plant_count/Plant_count.pdf, page 29>
File: Plant_count/Plant_count.pdf Graphic file (type pdf)
<use Plant_count/Plant_count.pdf, page 29>


File: Plant_count/Plant_count.pdf Graphic file (type pdf)
<use Plant_count/Plant_count.pdf, page 29>
[56

]
File: Plant_count/Plant_count.pdf Graphic file (type pdf)
<use Plant_count/Plant_count.pdf>
File: Plant_count/Plant_count.pdf Graphic file (type pdf)
<use Plant_count/Plant_count.pdf>
File: Plant_count/Plant_count.pdf Graphic file (type pdf)
<use Plant_count/Plant_count.pdf, page 30>
File: Plant_count/Plant_count.pdf Graphic file (type pdf)
<use Plant_count/Plant_count.pdf, page 30>
File: Plant_count/Plant_count.pdf Graphic file (type pdf)
<use Plant_count/Plant_count.pdf, page 30>
File: Plant_count/Plant_count.pdf Graphic file (type pdf)
<use Plant_count/Plant_count.pdf, page 30>


File: Plant_count/Plant_count.pdf Graphic file (type pdf)
<use Plant_count/Plant_count.pdf, page 30>
[57

]
File: Plant_count/Plant_count.pdf Graphic file (type pdf)
<use Plant_count/Plant_count.pdf>
File: Plant_count/Plant_count.pdf Graphic file (type pdf)
<use Plant_count/Plant_count.pdf>
File: Plant_count/Plant_count.pdf Graphic file (type pdf)
<use Plant_count/Plant_count.pdf, page 31>
File: Plant_count/Plant_count.pdf Graphic file (type pdf)
<use Plant_count/Plant_count.pdf, page 31>
File: Plant_count/Plant_count.pdf Graphic file (type pdf)
<use Plant_count/Plant_count.pdf, page 31>
File: Plant_count/Plant_count.pdf Graphic file (type pdf)
<use Plant_count/Plant_count.pdf, page 31>


File: Plant_count/Plant_count.pdf Graphic file (type pdf)
<use Plant_count/Plant_count.pdf, page 31>
[58

]
File: Plant_count/Plant_count.pdf Graphic file (type pdf)
<use Plant_count/Plant_count.pdf, page 32>
File: Plant_count/Plant_count.pdf Graphic file (type pdf)
<use Plant_count/Plant_count.pdf, page 32>


File: Plant_count/Plant_count.pdf Graphic file (type pdf)
<use Plant_count/Plant_count.pdf, page 32>
[59

]
File: Plant_count/Plant_count.pdf Graphic file (type pdf)
<use Plant_count/Plant_count.pdf, page 33>
File: Plant_count/Plant_count.pdf Graphic file (type pdf)
<use Plant_count/Plant_count.pdf, page 33>


File: Plant_count/Plant_count.pdf Graphic file (type pdf)
<use Plant_count/Plant_count.pdf, page 33>
[60

]
File: Plant_count/Plant_count.pdf Graphic file (type pdf)
<use Plant_count/Plant_count.pdf, page 34>
File: Plant_count/Plant_count.pdf Graphic file (type pdf)
<use Plant_count/Plant_count.pdf, page 34>


File: Plant_count/Plant_count.pdf Graphic file (type pdf)
<use Plant_count/Plant_count.pdf, page 34>
[61

]
File: Plant_count/Plant_count.pdf Graphic file (type pdf)
<use Plant_count/Plant_count.pdf, page 35>
File: Plant_count/Plant_count.pdf Graphic file (type pdf)
<use Plant_count/Plant_count.pdf, page 35>


File: Plant_count/Plant_count.pdf Graphic file (type pdf)
<use Plant_count/Plant_count.pdf, page 35>
[62

]
File: Plant_count/Plant_count.pdf Graphic file (type pdf)
<use Plant_count/Plant_count.pdf>
File: Plant_count/Plant_count.pdf Graphic file (type pdf)
<use Plant_count/Plant_count.pdf>
File: Plant_count/Plant_count.pdf Graphic file (type pdf)
<use Plant_count/Plant_count.pdf, page 36>
File: Plant_count/Plant_count.pdf Graphic file (type pdf)
<use Plant_count/Plant_count.pdf, page 36>
File: Plant_count/Plant_count.pdf Graphic file (type pdf)
<use Plant_count/Plant_count.pdf, page 36>
File: Plant_count/Plant_count.pdf Graphic file (type pdf)
<use Plant_count/Plant_count.pdf, page 36>


File: Plant_count/Plant_count.pdf Graphic file (type pdf)
<use Plant_count/Plant_count.pdf, page 36>
[63

]
File: Plant_count/Plant_count.pdf Graphic file (type pdf)
<use Plant_count/Plant_count.pdf>
File: Plant_count/Plant_count.pdf Graphic file (type pdf)
<use Plant_count/Plant_count.pdf>
File: Plant_count/Plant_count.pdf Graphic file (type pdf)
<use Plant_count/Plant_count.pdf, page 37>
File: Plant_count/Plant_count.pdf Graphic file (type pdf)
<use Plant_count/Plant_count.pdf, page 37>
File: Plant_count/Plant_count.pdf Graphic file (type pdf)
<use Plant_count/Plant_count.pdf, page 37>
File: Plant_count/Plant_count.pdf Graphic file (type pdf)
<use Plant_count/Plant_count.pdf, page 37>


File: Plant_count/Plant_count.pdf Graphic file (type pdf)
<use Plant_count/Plant_count.pdf, page 37>
[64

]
File: Plant_count/Plant_count.pdf Graphic file (type pdf)
<use Plant_count/Plant_count.pdf, page 38>
File: Plant_count/Plant_count.pdf Graphic file (type pdf)
<use Plant_count/Plant_count.pdf, page 38>


File: Plant_count/Plant_count.pdf Graphic file (type pdf)
<use Plant_count/Plant_count.pdf, page 38>
[65

]
File: Plant_count/Plant_count.pdf Graphic file (type pdf)
<use Plant_count/Plant_count.pdf>
File: Plant_count/Plant_count.pdf Graphic file (type pdf)
<use Plant_count/Plant_count.pdf>
File: Plant_count/Plant_count.pdf Graphic file (type pdf)
<use Plant_count/Plant_count.pdf, page 39>
File: Plant_count/Plant_count.pdf Graphic file (type pdf)
<use Plant_count/Plant_count.pdf, page 39>
File: Plant_count/Plant_count.pdf Graphic file (type pdf)
<use Plant_count/Plant_count.pdf, page 39>
File: Plant_count/Plant_count.pdf Graphic file (type pdf)
<use Plant_count/Plant_count.pdf, page 39>


File: Plant_count/Plant_count.pdf Graphic file (type pdf)
<use Plant_count/Plant_count.pdf, page 39>
[66

]
File: Plant_count/Plant_count.pdf Graphic file (type pdf)
<use Plant_count/Plant_count.pdf>
File: Plant_count/Plant_count.pdf Graphic file (type pdf)
<use Plant_count/Plant_count.pdf>
File: Plant_count/Plant_count.pdf Graphic file (type pdf)
<use Plant_count/Plant_count.pdf, page 40>
File: Plant_count/Plant_count.pdf Graphic file (type pdf)
<use Plant_count/Plant_count.pdf, page 40>
File: Plant_count/Plant_count.pdf Graphic file (type pdf)
<use Plant_count/Plant_count.pdf, page 40>
File: Plant_count/Plant_count.pdf Graphic file (type pdf)
<use Plant_count/Plant_count.pdf, page 40>


File: Plant_count/Plant_count.pdf Graphic file (type pdf)
<use Plant_count/Plant_count.pdf, page 40>
[67

]
File: Plant_count/Plant_count.pdf Graphic file (type pdf)
<use Plant_count/Plant_count.pdf>
File: Plant_count/Plant_count.pdf Graphic file (type pdf)
<use Plant_count/Plant_count.pdf>
File: Plant_count/Plant_count.pdf Graphic file (type pdf)
<use Plant_count/Plant_count.pdf, page 41>
File: Plant_count/Plant_count.pdf Graphic file (type pdf)
<use Plant_count/Plant_count.pdf, page 41>
File: Plant_count/Plant_count.pdf Graphic file (type pdf)
<use Plant_count/Plant_count.pdf, page 41>
File: Plant_count/Plant_count.pdf Graphic file (type pdf)
<use Plant_count/Plant_count.pdf, page 41>


File: Plant_count/Plant_count.pdf Graphic file (type pdf)
<use Plant_count/Plant_count.pdf, page 41>
[68

]
File: Plant_count/Plant_count.pdf Graphic file (type pdf)
<use Plant_count/Plant_count.pdf>
File: Plant_count/Plant_count.pdf Graphic file (type pdf)
<use Plant_count/Plant_count.pdf>
File: Plant_count/Plant_count.pdf Graphic file (type pdf)
<use Plant_count/Plant_count.pdf, page 42>
File: Plant_count/Plant_count.pdf Graphic file (type pdf)
<use Plant_count/Plant_count.pdf, page 42>
File: Plant_count/Plant_count.pdf Graphic file (type pdf)
<use Plant_count/Plant_count.pdf, page 42>
File: Plant_count/Plant_count.pdf Graphic file (type pdf)
<use Plant_count/Plant_count.pdf, page 42>


File: Plant_count/Plant_count.pdf Graphic file (type pdf)
<use Plant_count/Plant_count.pdf, page 42>
[69

]
File: Plant_count/Plant_count.pdf Graphic file (type pdf)
<use Plant_count/Plant_count.pdf, page 43>
File: Plant_count/Plant_count.pdf Graphic file (type pdf)
<use Plant_count/Plant_count.pdf, page 43>


File: Plant_count/Plant_count.pdf Graphic file (type pdf)
<use Plant_count/Plant_count.pdf, page 43>
[70

]
File: Plant_count/Plant_count.pdf Graphic file (type pdf)
<use Plant_count/Plant_count.pdf>
File: Plant_count/Plant_count.pdf Graphic file (type pdf)
<use Plant_count/Plant_count.pdf>
File: Plant_count/Plant_count.pdf Graphic file (type pdf)
<use Plant_count/Plant_count.pdf, page 44>
File: Plant_count/Plant_count.pdf Graphic file (type pdf)
<use Plant_count/Plant_count.pdf, page 44>
File: Plant_count/Plant_count.pdf Graphic file (type pdf)
<use Plant_count/Plant_count.pdf, page 44>
File: Plant_count/Plant_count.pdf Graphic file (type pdf)
<use Plant_count/Plant_count.pdf, page 44>


File: Plant_count/Plant_count.pdf Graphic file (type pdf)
<use Plant_count/Plant_count.pdf, page 44>
[71

]
File: Plant_count/Plant_count.pdf Graphic file (type pdf)
<use Plant_count/Plant_count.pdf, page 45>
File: Plant_count/Plant_count.pdf Graphic file (type pdf)
<use Plant_count/Plant_count.pdf, page 45>


File: Plant_count/Plant_count.pdf Graphic file (type pdf)
<use Plant_count/Plant_count.pdf, page 45>
[72

]
File: Plant_count/Plant_count.pdf Graphic file (type pdf)
<use Plant_count/Plant_count.pdf, page 46>
File: Plant_count/Plant_count.pdf Graphic file (type pdf)
<use Plant_count/Plant_count.pdf, page 46>


File: Plant_count/Plant_count.pdf Graphic file (type pdf)
<use Plant_count/Plant_count.pdf, page 46>
[73

]
File: Plant_count/Plant_count.pdf Graphic file (type pdf)
<use Plant_count/Plant_count.pdf, page 47>
File: Plant_count/Plant_count.pdf Graphic file (type pdf)
<use Plant_count/Plant_count.pdf, page 47>


File: Plant_count/Plant_count.pdf Graphic file (type pdf)
<use Plant_count/Plant_count.pdf, page 47>
[74

]
File: Plant_count/Plant_count.pdf Graphic file (type pdf)
<use Plant_count/Plant_count.pdf, page 48>
File: Plant_count/Plant_count.pdf Graphic file (type pdf)
<use Plant_count/Plant_count.pdf, page 48>


File: Plant_count/Plant_count.pdf Graphic file (type pdf)
<use Plant_count/Plant_count.pdf, page 48>
[75

]
File: Plant_count/Plant_count.pdf Graphic file (type pdf)
<use Plant_count/Plant_count.pdf, page 49>
File: Plant_count/Plant_count.pdf Graphic file (type pdf)
<use Plant_count/Plant_count.pdf, page 49>


File: Plant_count/Plant_count.pdf Graphic file (type pdf)
<use Plant_count/Plant_count.pdf, page 49>
[76

]
File: Plant_count/Plant_count.pdf Graphic file (type pdf)
<use Plant_count/Plant_count.pdf, page 50>
File: Plant_count/Plant_count.pdf Graphic file (type pdf)
<use Plant_count/Plant_count.pdf, page 50>


File: Plant_count/Plant_count.pdf Graphic file (type pdf)
<use Plant_count/Plant_count.pdf, page 50>
[77

]
File: Plant_count/Plant_count.pdf Graphic file (type pdf)
<use Plant_count/Plant_count.pdf, page 51>
File: Plant_count/Plant_count.pdf Graphic file (type pdf)
<use Plant_count/Plant_count.pdf, page 51>


File: Plant_count/Plant_count.pdf Graphic file (type pdf)
<use Plant_count/Plant_count.pdf, page 51>
[78

]
File: Plant_count/Plant_count.pdf Graphic file (type pdf)
<use Plant_count/Plant_count.pdf, page 52>
File: Plant_count/Plant_count.pdf Graphic file (type pdf)
<use Plant_count/Plant_count.pdf, page 52>


File: Plant_count/Plant_count.pdf Graphic file (type pdf)
<use Plant_count/Plant_count.pdf, page 52>
[79

]
File: Plant_count/Plant_count.pdf Graphic file (type pdf)
<use Plant_count/Plant_count.pdf, page 53>
File: Plant_count/Plant_count.pdf Graphic file (type pdf)
<use Plant_count/Plant_count.pdf, page 53>


File: Plant_count/Plant_count.pdf Graphic file (type pdf)
<use Plant_count/Plant_count.pdf, page 53>
[80

]
File: Plant_count/Plant_count.pdf Graphic file (type pdf)
<use Plant_count/Plant_count.pdf, page 54>
File: Plant_count/Plant_count.pdf Graphic file (type pdf)
<use Plant_count/Plant_count.pdf, page 54>


File: Plant_count/Plant_count.pdf Graphic file (type pdf)
<use Plant_count/Plant_count.pdf, page 54>
[81

]
File: Plant_count/Plant_count.pdf Graphic file (type pdf)
<use Plant_count/Plant_count.pdf, page 55>
File: Plant_count/Plant_count.pdf Graphic file (type pdf)
<use Plant_count/Plant_count.pdf, page 55>


File: Plant_count/Plant_count.pdf Graphic file (type pdf)
<use Plant_count/Plant_count.pdf, page 55>
[82

]
File: Plant_count/Plant_count.pdf Graphic file (type pdf)
<use Plant_count/Plant_count.pdf, page 56>
File: Plant_count/Plant_count.pdf Graphic file (type pdf)
<use Plant_count/Plant_count.pdf, page 56>


File: Plant_count/Plant_count.pdf Graphic file (type pdf)
<use Plant_count/Plant_count.pdf, page 56>
[83

]
File: Plant_count/Plant_count.pdf Graphic file (type pdf)
<use Plant_count/Plant_count.pdf, page 57>
File: Plant_count/Plant_count.pdf Graphic file (type pdf)
<use Plant_count/Plant_count.pdf, page 57>


File: Plant_count/Plant_count.pdf Graphic file (type pdf)
<use Plant_count/Plant_count.pdf, page 57>
[84

]
File: Plant_count/Plant_count.pdf Graphic file (type pdf)
<use Plant_count/Plant_count.pdf, page 58>
File: Plant_count/Plant_count.pdf Graphic file (type pdf)
<use Plant_count/Plant_count.pdf, page 58>


File: Plant_count/Plant_count.pdf Graphic file (type pdf)
<use Plant_count/Plant_count.pdf, page 58>
[85

]
File: Plant_count/Plant_count.pdf Graphic file (type pdf)
<use Plant_count/Plant_count.pdf, page 59>
File: Plant_count/Plant_count.pdf Graphic file (type pdf)
<use Plant_count/Plant_count.pdf, page 59>


File: Plant_count/Plant_count.pdf Graphic file (type pdf)
<use Plant_count/Plant_count.pdf, page 59>
[86

]
File: Plant_count/Plant_count.pdf Graphic file (type pdf)
<use Plant_count/Plant_count.pdf, page 60>
File: Plant_count/Plant_count.pdf Graphic file (type pdf)
<use Plant_count/Plant_count.pdf, page 60>


File: Plant_count/Plant_count.pdf Graphic file (type pdf)
<use Plant_count/Plant_count.pdf, page 60>
[87

]
File: Plant_count/Plant_count.pdf Graphic file (type pdf)
<use Plant_count/Plant_count.pdf, page 61>
File: Plant_count/Plant_count.pdf Graphic file (type pdf)
<use Plant_count/Plant_count.pdf, page 61>


File: Plant_count/Plant_count.pdf Graphic file (type pdf)
<use Plant_count/Plant_count.pdf, page 61>
[88

]
File: Plant_count/Plant_count.pdf Graphic file (type pdf)
<use Plant_count/Plant_count.pdf, page 62>
File: Plant_count/Plant_count.pdf Graphic file (type pdf)
<use Plant_count/Plant_count.pdf, page 62>


File: Plant_count/Plant_count.pdf Graphic file (type pdf)
<use Plant_count/Plant_count.pdf, page 62>
[89

]
File: Plant_count/Plant_count.pdf Graphic file (type pdf)
<use Plant_count/Plant_count.pdf, page 63>
File: Plant_count/Plant_count.pdf Graphic file (type pdf)
<use Plant_count/Plant_count.pdf, page 63>


File: Plant_count/Plant_count.pdf Graphic file (type pdf)
<use Plant_count/Plant_count.pdf, page 63>
[90

]
File: Plant_count/Plant_count.pdf Graphic file (type pdf)
<use Plant_count/Plant_count.pdf, page 64>
File: Plant_count/Plant_count.pdf Graphic file (type pdf)
<use Plant_count/Plant_count.pdf, page 64>


File: Plant_count/Plant_count.pdf Graphic file (type pdf)
<use Plant_count/Plant_count.pdf, page 64>
[91

]
File: Plant_count/Plant_count.pdf Graphic file (type pdf)
<use Plant_count/Plant_count.pdf, page 65>
File: Plant_count/Plant_count.pdf Graphic file (type pdf)
<use Plant_count/Plant_count.pdf, page 65>


File: Plant_count/Plant_count.pdf Graphic file (type pdf)
<use Plant_count/Plant_count.pdf, page 65>
[92

]
File: Plant_count/Plant_count.pdf Graphic file (type pdf)
<use Plant_count/Plant_count.pdf, page 66>
File: Plant_count/Plant_count.pdf Graphic file (type pdf)
<use Plant_count/Plant_count.pdf, page 66>


File: Plant_count/Plant_count.pdf Graphic file (type pdf)
<use Plant_count/Plant_count.pdf, page 66>
[93

]
File: Plant_count/Plant_count.pdf Graphic file (type pdf)
<use Plant_count/Plant_count.pdf, page 67>
File: Plant_count/Plant_count.pdf Graphic file (type pdf)
<use Plant_count/Plant_count.pdf, page 67>


File: Plant_count/Plant_count.pdf Graphic file (type pdf)
<use Plant_count/Plant_count.pdf, page 67>
[94

]
File: Phytotoxicity_score/Phytoxicity_score.pdf Graphic file (type pdf)
<use Phytotoxicity_score/Phytoxicity_score.pdf>
File: Phytotoxicity_score/Phytoxicity_score.pdf Graphic file (type pdf)
<use Phytotoxicity_score/Phytoxicity_score.pdf>
File: Phytotoxicity_score/Phytoxicity_score.pdf Graphic file (type pdf)
<use Phytotoxicity_score/Phytoxicity_score.pdf, page 1>
File: Phytotoxicity_score/Phytoxicity_score.pdf Graphic file (type pdf)
<use Phytotoxicity_score/Phytoxicity_score.pdf, page 1>


[95]
File: Phytotoxicity_score/Phytoxicity_score.pdf Graphic file (type pdf)
<use Phytotoxicity_score/Phytoxicity_score.pdf, page 1>
File: Phytotoxicity_score/Phytoxicity_score.pdf Graphic file (type pdf)
<use Phytotoxicity_score/Phytoxicity_score.pdf, page 1>


File: Phytotoxicity_score/Phytoxicity_score.pdf Graphic file (type pdf)
<use Phytotoxicity_score/Phytoxicity_score.pdf, page 1>
[96

]
File: Phytotoxicity_score/Phytoxicity_score.pdf Graphic file (type pdf)
<use Phytotoxicity_score/Phytoxicity_score.pdf, page 2>
File: Phytotoxicity_score/Phytoxicity_score.pdf Graphic file (type pdf)
<use Phytotoxicity_score/Phytoxicity_score.pdf, page 2>


File: Phytotoxicity_score/Phytoxicity_score.pdf Graphic file (type pdf)
<use Phytotoxicity_score/Phytoxicity_score.pdf, page 2>
[97

]
File: Phytotoxicity_score/Phytoxicity_score.pdf Graphic file (type pdf)
<use Phytotoxicity_score/Phytoxicity_score.pdf, page 3>
File: Phytotoxicity_score/Phytoxicity_score.pdf Graphic file (type pdf)
<use Phytotoxicity_score/Phytoxicity_score.pdf, page 3>


File: Phytotoxicity_score/Phytoxicity_score.pdf Graphic file (type pdf)
<use Phytotoxicity_score/Phytoxicity_score.pdf, page 3>
[98

]
File: Phytotoxicity_score/Phytoxicity_score.pdf Graphic file (type pdf)
<use Phytotoxicity_score/Phytoxicity_score.pdf, page 4>
File: Phytotoxicity_score/Phytoxicity_score.pdf Graphic file (type pdf)
<use Phytotoxicity_score/Phytoxicity_score.pdf, page 4>


File: Phytotoxicity_score/Phytoxicity_score.pdf Graphic file (type pdf)
<use Phytotoxicity_score/Phytoxicity_score.pdf, page 4>
[99

]
File: Phytotoxicity_score/Phytoxicity_score.pdf Graphic file (type pdf)
<use Phytotoxicity_score/Phytoxicity_score.pdf, page 5>
File: Phytotoxicity_score/Phytoxicity_score.pdf Graphic file (type pdf)
<use Phytotoxicity_score/Phytoxicity_score.pdf, page 5>


File: Phytotoxicity_score/Phytoxicity_score.pdf Graphic file (type pdf)
<use Phytotoxicity_score/Phytoxicity_score.pdf, page 5>
[100

]
File: Phytotoxicity_score/Phytoxicity_score.pdf Graphic file (type pdf)
<use Phytotoxicity_score/Phytoxicity_score.pdf, page 6>
File: Phytotoxicity_score/Phytoxicity_score.pdf Graphic file (type pdf)
<use Phytotoxicity_score/Phytoxicity_score.pdf, page 6>


File: Phytotoxicity_score/Phytoxicity_score.pdf Graphic file (type pdf)
<use Phytotoxicity_score/Phytoxicity_score.pdf, page 6>
[101

]
File: Phytotoxicity_score/Phytoxicity_score.pdf Graphic file (type pdf)
<use Phytotoxicity_score/Phytoxicity_score.pdf>
File: Phytotoxicity_score/Phytoxicity_score.pdf Graphic file (type pdf)
<use Phytotoxicity_score/Phytoxicity_score.pdf>
File: Phytotoxicity_score/Phytoxicity_score.pdf Graphic file (type pdf)
<use Phytotoxicity_score/Phytoxicity_score.pdf, page 7>
File: Phytotoxicity_score/Phytoxicity_score.pdf Graphic file (type pdf)
<use Phytotoxicity_score/Phytoxicity_score.pdf, page 7>
File: Phytotoxicity_score/Phytoxicity_score.pdf Graphic file (type pdf)
<use Phytotoxicity_score/Phytoxicity_score.pdf, page 7>
File: Phytotoxicity_score/Phytoxicity_score.pdf Graphic file (type pdf)
<use Phytotoxicity_score/Phytoxicity_score.pdf, page 7>


File: Phytotoxicity_score/Phytoxicity_score.pdf Graphic file (type pdf)
<use Phytotoxicity_score/Phytoxicity_score.pdf, page 7>
[102

]
File: Phytotoxicity_score/Phytoxicity_score.pdf Graphic file (type pdf)
<use Phytotoxicity_score/Phytoxicity_score.pdf>
File: Phytotoxicity_score/Phytoxicity_score.pdf Graphic file (type pdf)
<use Phytotoxicity_score/Phytoxicity_score.pdf>
File: Phytotoxicity_score/Phytoxicity_score.pdf Graphic file (type pdf)
<use Phytotoxicity_score/Phytoxicity_score.pdf, page 8>
File: Phytotoxicity_score/Phytoxicity_score.pdf Graphic file (type pdf)
<use Phytotoxicity_score/Phytoxicity_score.pdf, page 8>
File: Phytotoxicity_score/Phytoxicity_score.pdf Graphic file (type pdf)
<use Phytotoxicity_score/Phytoxicity_score.pdf, page 8>
File: Phytotoxicity_score/Phytoxicity_score.pdf Graphic file (type pdf)
<use Phytotoxicity_score/Phytoxicity_score.pdf, page 8>


File: Phytotoxicity_score/Phytoxicity_score.pdf Graphic file (type pdf)
<use Phytotoxicity_score/Phytoxicity_score.pdf, page 8>
[103

]
File: Phytotoxicity_score/Phytoxicity_score.pdf Graphic file (type pdf)
<use Phytotoxicity_score/Phytoxicity_score.pdf, page 9>
File: Phytotoxicity_score/Phytoxicity_score.pdf Graphic file (type pdf)
<use Phytotoxicity_score/Phytoxicity_score.pdf, page 9>


File: Phytotoxicity_score/Phytoxicity_score.pdf Graphic file (type pdf)
<use Phytotoxicity_score/Phytoxicity_score.pdf, page 9>
[104

]
File: Phytotoxicity_score/Phytoxicity_score.pdf Graphic file (type pdf)
<use Phytotoxicity_score/Phytoxicity_score.pdf, page 10>
File: Phytotoxicity_score/Phytoxicity_score.pdf Graphic file (type pdf)
<use Phytotoxicity_score/Phytoxicity_score.pdf, page 10>


File: Phytotoxicity_score/Phytoxicity_score.pdf Graphic file (type pdf)
<use Phytotoxicity_score/Phytoxicity_score.pdf, page 10>
[105

]
File: Phytotoxicity_score/Phytoxicity_score.pdf Graphic file (type pdf)
<use Phytotoxicity_score/Phytoxicity_score.pdf, page 11>
File: Phytotoxicity_score/Phytoxicity_score.pdf Graphic file (type pdf)
<use Phytotoxicity_score/Phytoxicity_score.pdf, page 11>


File: Phytotoxicity_score/Phytoxicity_score.pdf Graphic file (type pdf)
<use Phytotoxicity_score/Phytoxicity_score.pdf, page 11>
[106

]
File: Phytotoxicity_score/Phytoxicity_score.pdf Graphic file (type pdf)
<use Phytotoxicity_score/Phytoxicity_score.pdf, page 12>
File: Phytotoxicity_score/Phytoxicity_score.pdf Graphic file (type pdf)
<use Phytotoxicity_score/Phytoxicity_score.pdf, page 12>


File: Phytotoxicity_score/Phytoxicity_score.pdf Graphic file (type pdf)
<use Phytotoxicity_score/Phytoxicity_score.pdf, page 12>
[107

]
File: Phytotoxicity_score/Phytoxicity_score.pdf Graphic file (type pdf)
<use Phytotoxicity_score/Phytoxicity_score.pdf, page 13>
File: Phytotoxicity_score/Phytoxicity_score.pdf Graphic file (type pdf)
<use Phytotoxicity_score/Phytoxicity_score.pdf, page 13>


File: Phytotoxicity_score/Phytoxicity_score.pdf Graphic file (type pdf)
<use Phytotoxicity_score/Phytoxicity_score.pdf, page 13>
[108

]
File: Phytotoxicity_score/Phytoxicity_score.pdf Graphic file (type pdf)
<use Phytotoxicity_score/Phytoxicity_score.pdf, page 14>
File: Phytotoxicity_score/Phytoxicity_score.pdf Graphic file (type pdf)
<use Phytotoxicity_score/Phytoxicity_score.pdf, page 14>


File: Phytotoxicity_score/Phytoxicity_score.pdf Graphic file (type pdf)
<use Phytotoxicity_score/Phytoxicity_score.pdf, page 14>
[109

]
File: Phytotoxicity_score/Phytoxicity_score.pdf Graphic file (type pdf)
<use Phytotoxicity_score/Phytoxicity_score.pdf, page 15>
File: Phytotoxicity_score/Phytoxicity_score.pdf Graphic file (type pdf)
<use Phytotoxicity_score/Phytoxicity_score.pdf, page 15>


File: Phytotoxicity_score/Phytoxicity_score.pdf Graphic file (type pdf)
<use Phytotoxicity_score/Phytoxicity_score.pdf, page 15>
[110

]
File: Phytotoxicity_score/Phytoxicity_score.pdf Graphic file (type pdf)
<use Phytotoxicity_score/Phytoxicity_score.pdf, page 16>
File: Phytotoxicity_score/Phytoxicity_score.pdf Graphic file (type pdf)
<use Phytotoxicity_score/Phytoxicity_score.pdf, page 16>


File: Phytotoxicity_score/Phytoxicity_score.pdf Graphic file (type pdf)
<use Phytotoxicity_score/Phytoxicity_score.pdf, page 16>
[111

]
File: Phytotoxicity_score/Phytoxicity_score.pdf Graphic file (type pdf)
<use Phytotoxicity_score/Phytoxicity_score.pdf, page 17>
File: Phytotoxicity_score/Phytoxicity_score.pdf Graphic file (type pdf)
<use Phytotoxicity_score/Phytoxicity_score.pdf, page 17>


File: Phytotoxicity_score/Phytoxicity_score.pdf Graphic file (type pdf)
<use Phytotoxicity_score/Phytoxicity_score.pdf, page 17>
[112

]
File: Phytotoxicity_score/Phytoxicity_score.pdf Graphic file (type pdf)
<use Phytotoxicity_score/Phytoxicity_score.pdf, page 18>
File: Phytotoxicity_score/Phytoxicity_score.pdf Graphic file (type pdf)
<use Phytotoxicity_score/Phytoxicity_score.pdf, page 18>


File: Phytotoxicity_score/Phytoxicity_score.pdf Graphic file (type pdf)
<use Phytotoxicity_score/Phytoxicity_score.pdf, page 18>
[113

]
File: Phytotoxicity_score/Phytoxicity_score.pdf Graphic file (type pdf)
<use Phytotoxicity_score/Phytoxicity_score.pdf, page 19>
File: Phytotoxicity_score/Phytoxicity_score.pdf Graphic file (type pdf)
<use Phytotoxicity_score/Phytoxicity_score.pdf, page 19>


File: Phytotoxicity_score/Phytoxicity_score.pdf Graphic file (type pdf)
<use Phytotoxicity_score/Phytoxicity_score.pdf, page 19>
[114

]
File: Phytotoxicity_score/Phytoxicity_score.pdf Graphic file (type pdf)
<use Phytotoxicity_score/Phytoxicity_score.pdf, page 20>
File: Phytotoxicity_score/Phytoxicity_score.pdf Graphic file (type pdf)
<use Phytotoxicity_score/Phytoxicity_score.pdf, page 20>


File: Phytotoxicity_score/Phytoxicity_score.pdf Graphic file (type pdf)
<use Phytotoxicity_score/Phytoxicity_score.pdf, page 20>
[115

]
File: Phytotoxicity_score/Phytoxicity_score.pdf Graphic file (type pdf)
<use Phytotoxicity_score/Phytoxicity_score.pdf, page 21>
File: Phytotoxicity_score/Phytoxicity_score.pdf Graphic file (type pdf)
<use Phytotoxicity_score/Phytoxicity_score.pdf, page 21>


File: Phytotoxicity_score/Phytoxicity_score.pdf Graphic file (type pdf)
<use Phytotoxicity_score/Phytoxicity_score.pdf, page 21>
[116

]
File: Phytotoxicity_score/Phytoxicity_score.pdf Graphic file (type pdf)
<use Phytotoxicity_score/Phytoxicity_score.pdf, page 22>
File: Phytotoxicity_score/Phytoxicity_score.pdf Graphic file (type pdf)
<use Phytotoxicity_score/Phytoxicity_score.pdf, page 22>


File: Phytotoxicity_score/Phytoxicity_score.pdf Graphic file (type pdf)
<use Phytotoxicity_score/Phytoxicity_score.pdf, page 22>
[117

]
File: Phytotoxicity_score/Phytoxicity_score.pdf Graphic file (type pdf)
<use Phytotoxicity_score/Phytoxicity_score.pdf, page 23>
File: Phytotoxicity_score/Phytoxicity_score.pdf Graphic file (type pdf)
<use Phytotoxicity_score/Phytoxicity_score.pdf, page 23>


File: Phytotoxicity_score/Phytoxicity_score.pdf Graphic file (type pdf)
<use Phytotoxicity_score/Phytoxicity_score.pdf, page 23>
[118

]
File: Phytotoxicity_score/Phytoxicity_score.pdf Graphic file (type pdf)
<use Phytotoxicity_score/Phytoxicity_score.pdf, page 24>
File: Phytotoxicity_score/Phytoxicity_score.pdf Graphic file (type pdf)
<use Phytotoxicity_score/Phytoxicity_score.pdf, page 24>


File: Phytotoxicity_score/Phytoxicity_score.pdf Graphic file (type pdf)
<use Phytotoxicity_score/Phytoxicity_score.pdf, page 24>
[119

]
File: Phytotoxicity_score/Phytoxicity_score.pdf Graphic file (type pdf)
<use Phytotoxicity_score/Phytoxicity_score.pdf, page 25>
File: Phytotoxicity_score/Phytoxicity_score.pdf Graphic file (type pdf)
<use Phytotoxicity_score/Phytoxicity_score.pdf, page 25>


File: Phytotoxicity_score/Phytoxicity_score.pdf Graphic file (type pdf)
<use Phytotoxicity_score/Phytoxicity_score.pdf, page 25>
[120

]
File: Phytotoxicity_score/Phytoxicity_score.pdf Graphic file (type pdf)
<use Phytotoxicity_score/Phytoxicity_score.pdf, page 26>
File: Phytotoxicity_score/Phytoxicity_score.pdf Graphic file (type pdf)
<use Phytotoxicity_score/Phytoxicity_score.pdf, page 26>


File: Phytotoxicity_score/Phytoxicity_score.pdf Graphic file (type pdf)
<use Phytotoxicity_score/Phytoxicity_score.pdf, page 26>
[121

]
File: Phytotoxicity_score/Phytoxicity_score.pdf Graphic file (type pdf)
<use Phytotoxicity_score/Phytoxicity_score.pdf, page 27>
File: Phytotoxicity_score/Phytoxicity_score.pdf Graphic file (type pdf)
<use Phytotoxicity_score/Phytoxicity_score.pdf, page 27>


File: Phytotoxicity_score/Phytoxicity_score.pdf Graphic file (type pdf)
<use Phytotoxicity_score/Phytoxicity_score.pdf, page 27>
[122

]
File: Phytotoxicity_score/Phytoxicity_score.pdf Graphic file (type pdf)
<use Phytotoxicity_score/Phytoxicity_score.pdf, page 28>
File: Phytotoxicity_score/Phytoxicity_score.pdf Graphic file (type pdf)
<use Phytotoxicity_score/Phytoxicity_score.pdf, page 28>


File: Phytotoxicity_score/Phytoxicity_score.pdf Graphic file (type pdf)
<use Phytotoxicity_score/Phytoxicity_score.pdf, page 28>
[123

]
File: Phytotoxicity_score/Phytoxicity_score.pdf Graphic file (type pdf)
<use Phytotoxicity_score/Phytoxicity_score.pdf, page 29>
File: Phytotoxicity_score/Phytoxicity_score.pdf Graphic file (type pdf)
<use Phytotoxicity_score/Phytoxicity_score.pdf, page 29>


File: Phytotoxicity_score/Phytoxicity_score.pdf Graphic file (type pdf)
<use Phytotoxicity_score/Phytoxicity_score.pdf, page 29>
[124

]
File: Phytotoxicity_score/Phytoxicity_score.pdf Graphic file (type pdf)
<use Phytotoxicity_score/Phytoxicity_score.pdf, page 30>
File: Phytotoxicity_score/Phytoxicity_score.pdf Graphic file (type pdf)
<use Phytotoxicity_score/Phytoxicity_score.pdf, page 30>


File: Phytotoxicity_score/Phytoxicity_score.pdf Graphic file (type pdf)
<use Phytotoxicity_score/Phytoxicity_score.pdf, page 30>
[125

]
File: Phytotoxicity_score/Phytoxicity_score.pdf Graphic file (type pdf)
<use Phytotoxicity_score/Phytoxicity_score.pdf, page 31>
File: Phytotoxicity_score/Phytoxicity_score.pdf Graphic file (type pdf)
<use Phytotoxicity_score/Phytoxicity_score.pdf, page 31>


File: Phytotoxicity_score/Phytoxicity_score.pdf Graphic file (type pdf)
<use Phytotoxicity_score/Phytoxicity_score.pdf, page 31>
[126

]
File: Phytotoxicity_score/Phytoxicity_score.pdf Graphic file (type pdf)
<use Phytotoxicity_score/Phytoxicity_score.pdf, page 32>
File: Phytotoxicity_score/Phytoxicity_score.pdf Graphic file (type pdf)
<use Phytotoxicity_score/Phytoxicity_score.pdf, page 32>


File: Phytotoxicity_score/Phytoxicity_score.pdf Graphic file (type pdf)
<use Phytotoxicity_score/Phytoxicity_score.pdf, page 32>
[127

]
File: Phytotoxicity_score/Phytoxicity_score.pdf Graphic file (type pdf)
<use Phytotoxicity_score/Phytoxicity_score.pdf, page 33>
File: Phytotoxicity_score/Phytoxicity_score.pdf Graphic file (type pdf)
<use Phytotoxicity_score/Phytoxicity_score.pdf, page 33>


File: Phytotoxicity_score/Phytoxicity_score.pdf Graphic file (type pdf)
<use Phytotoxicity_score/Phytoxicity_score.pdf, page 33>
[128

]
File: Phytotoxicity_score/Phytoxicity_score.pdf Graphic file (type pdf)
<use Phytotoxicity_score/Phytoxicity_score.pdf, page 34>
File: Phytotoxicity_score/Phytoxicity_score.pdf Graphic file (type pdf)
<use Phytotoxicity_score/Phytoxicity_score.pdf, page 34>


File: Phytotoxicity_score/Phytoxicity_score.pdf Graphic file (type pdf)
<use Phytotoxicity_score/Phytoxicity_score.pdf, page 34>
[129

]
File: Phytotoxicity_score/Phytoxicity_score.pdf Graphic file (type pdf)
<use Phytotoxicity_score/Phytoxicity_score.pdf, page 35>
File: Phytotoxicity_score/Phytoxicity_score.pdf Graphic file (type pdf)
<use Phytotoxicity_score/Phytoxicity_score.pdf, page 35>


File: Phytotoxicity_score/Phytoxicity_score.pdf Graphic file (type pdf)
<use Phytotoxicity_score/Phytoxicity_score.pdf, page 35>
[130

]
File: Phytotoxicity_score/Phytoxicity_score.pdf Graphic file (type pdf)
<use Phytotoxicity_score/Phytoxicity_score.pdf, page 36>
File: Phytotoxicity_score/Phytoxicity_score.pdf Graphic file (type pdf)
<use Phytotoxicity_score/Phytoxicity_score.pdf, page 36>


File: Phytotoxicity_score/Phytoxicity_score.pdf Graphic file (type pdf)
<use Phytotoxicity_score/Phytoxicity_score.pdf, page 36>
[131

]
File: Phytotoxicity_score/Phytoxicity_score.pdf Graphic file (type pdf)
<use Phytotoxicity_score/Phytoxicity_score.pdf, page 37>
File: Phytotoxicity_score/Phytoxicity_score.pdf Graphic file (type pdf)
<use Phytotoxicity_score/Phytoxicity_score.pdf, page 37>


File: Phytotoxicity_score/Phytoxicity_score.pdf Graphic file (type pdf)
<use Phytotoxicity_score/Phytoxicity_score.pdf, page 37>
[132

]
File: Phytotoxicity_score/Phytoxicity_score.pdf Graphic file (type pdf)
<use Phytotoxicity_score/Phytoxicity_score.pdf, page 38>
File: Phytotoxicity_score/Phytoxicity_score.pdf Graphic file (type pdf)
<use Phytotoxicity_score/Phytoxicity_score.pdf, page 38>


File: Phytotoxicity_score/Phytoxicity_score.pdf Graphic file (type pdf)
<use Phytotoxicity_score/Phytoxicity_score.pdf, page 38>
[133

]
File: Phytotoxicity_score/Phytoxicity_score.pdf Graphic file (type pdf)
<use Phytotoxicity_score/Phytoxicity_score.pdf, page 39>
File: Phytotoxicity_score/Phytoxicity_score.pdf Graphic file (type pdf)
<use Phytotoxicity_score/Phytoxicity_score.pdf, page 39>


File: Phytotoxicity_score/Phytoxicity_score.pdf Graphic file (type pdf)
<use Phytotoxicity_score/Phytoxicity_score.pdf, page 39>
[134

]
File: Phytotoxicity_score/Phytoxicity_score.pdf Graphic file (type pdf)
<use Phytotoxicity_score/Phytoxicity_score.pdf, page 40>
File: Phytotoxicity_score/Phytoxicity_score.pdf Graphic file (type pdf)
<use Phytotoxicity_score/Phytoxicity_score.pdf, page 40>


File: Phytotoxicity_score/Phytoxicity_score.pdf Graphic file (type pdf)
<use Phytotoxicity_score/Phytoxicity_score.pdf, page 40>
[135

]
File: Phytotoxicity_score/Phytoxicity_score.pdf Graphic file (type pdf)
<use Phytotoxicity_score/Phytoxicity_score.pdf, page 41>
File: Phytotoxicity_score/Phytoxicity_score.pdf Graphic file (type pdf)
<use Phytotoxicity_score/Phytoxicity_score.pdf, page 41>


File: Phytotoxicity_score/Phytoxicity_score.pdf Graphic file (type pdf)
<use Phytotoxicity_score/Phytoxicity_score.pdf, page 41>
[136

]
File: Phytotoxicity_score/Phytoxicity_score.pdf Graphic file (type pdf)
<use Phytotoxicity_score/Phytoxicity_score.pdf, page 42>
File: Phytotoxicity_score/Phytoxicity_score.pdf Graphic file (type pdf)
<use Phytotoxicity_score/Phytoxicity_score.pdf, page 42>


File: Phytotoxicity_score/Phytoxicity_score.pdf Graphic file (type pdf)
<use Phytotoxicity_score/Phytoxicity_score.pdf, page 42>
[137

]
File: Phytotoxicity_score/Phytoxicity_score.pdf Graphic file (type pdf)
<use Phytotoxicity_score/Phytoxicity_score.pdf, page 43>
File: Phytotoxicity_score/Phytoxicity_score.pdf Graphic file (type pdf)
<use Phytotoxicity_score/Phytoxicity_score.pdf, page 43>


File: Phytotoxicity_score/Phytoxicity_score.pdf Graphic file (type pdf)
<use Phytotoxicity_score/Phytoxicity_score.pdf, page 43>
[138

]
File: Phytotoxicity_score/Phytoxicity_score.pdf Graphic file (type pdf)
<use Phytotoxicity_score/Phytoxicity_score.pdf, page 44>
File: Phytotoxicity_score/Phytoxicity_score.pdf Graphic file (type pdf)
<use Phytotoxicity_score/Phytoxicity_score.pdf, page 44>


File: Phytotoxicity_score/Phytoxicity_score.pdf Graphic file (type pdf)
<use Phytotoxicity_score/Phytoxicity_score.pdf, page 44>
[139

]
File: Phytotoxicity_score/Phytoxicity_score.pdf Graphic file (type pdf)
<use Phytotoxicity_score/Phytoxicity_score.pdf, page 45>
File: Phytotoxicity_score/Phytoxicity_score.pdf Graphic file (type pdf)
<use Phytotoxicity_score/Phytoxicity_score.pdf, page 45>


File: Phytotoxicity_score/Phytoxicity_score.pdf Graphic file (type pdf)
<use Phytotoxicity_score/Phytoxicity_score.pdf, page 45>
[140

]
File: Phytotoxicity_score/Phytoxicity_score.pdf Graphic file (type pdf)
<use Phytotoxicity_score/Phytoxicity_score.pdf, page 46>
File: Phytotoxicity_score/Phytoxicity_score.pdf Graphic file (type pdf)
<use Phytotoxicity_score/Phytoxicity_score.pdf, page 46>


File: Phytotoxicity_score/Phytoxicity_score.pdf Graphic file (type pdf)
<use Phytotoxicity_score/Phytoxicity_score.pdf, page 46>
[141

]
File: Anomaly_detection/Anomaly_detection.pdf Graphic file (type pdf)
<use Anomaly_detection/Anomaly_detection.pdf>
File: Anomaly_detection/Anomaly_detection.pdf Graphic file (type pdf)
<use Anomaly_detection/Anomaly_detection.pdf>
File: Anomaly_detection/Anomaly_detection.pdf Graphic file (type pdf)
<use Anomaly_detection/Anomaly_detection.pdf, page 1>
File: Anomaly_detection/Anomaly_detection.pdf Graphic file (type pdf)
<use Anomaly_detection/Anomaly_detection.pdf, page 1>


[142]
File: Anomaly_detection/Anomaly_detection.pdf Graphic file (type pdf)
<use Anomaly_detection/Anomaly_detection.pdf, page 1>
File: Anomaly_detection/Anomaly_detection.pdf Graphic file (type pdf)
<use Anomaly_detection/Anomaly_detection.pdf, page 1>


File: Anomaly_detection/Anomaly_detection.pdf Graphic file (type pdf)
<use Anomaly_detection/Anomaly_detection.pdf, page 1>
[143

]
File: Anomaly_detection/Anomaly_detection.pdf Graphic file (type pdf)
<use Anomaly_detection/Anomaly_detection.pdf, page 2>
File: Anomaly_detection/Anomaly_detection.pdf Graphic file (type pdf)
<use Anomaly_detection/Anomaly_detection.pdf, page 2>


File: Anomaly_detection/Anomaly_detection.pdf Graphic file (type pdf)
<use Anomaly_detection/Anomaly_detection.pdf, page 2>
[144

]
File: Anomaly_detection/Anomaly_detection.pdf Graphic file (type pdf)
<use Anomaly_detection/Anomaly_detection.pdf, page 3>
File: Anomaly_detection/Anomaly_detection.pdf Graphic file (type pdf)
<use Anomaly_detection/Anomaly_detection.pdf, page 3>


File: Anomaly_detection/Anomaly_detection.pdf Graphic file (type pdf)
<use Anomaly_detection/Anomaly_detection.pdf, page 3>
[145

]
File: Anomaly_detection/Anomaly_detection.pdf Graphic file (type pdf)
<use Anomaly_detection/Anomaly_detection.pdf, page 4>
File: Anomaly_detection/Anomaly_detection.pdf Graphic file (type pdf)
<use Anomaly_detection/Anomaly_detection.pdf, page 4>


File: Anomaly_detection/Anomaly_detection.pdf Graphic file (type pdf)
<use Anomaly_detection/Anomaly_detection.pdf, page 4>
[146

]
File: Anomaly_detection/Anomaly_detection.pdf Graphic file (type pdf)
<use Anomaly_detection/Anomaly_detection.pdf, page 5>
File: Anomaly_detection/Anomaly_detection.pdf Graphic file (type pdf)
<use Anomaly_detection/Anomaly_detection.pdf, page 5>


File: Anomaly_detection/Anomaly_detection.pdf Graphic file (type pdf)
<use Anomaly_detection/Anomaly_detection.pdf, page 5>
[147

]
File: Anomaly_detection/Anomaly_detection.pdf Graphic file (type pdf)
<use Anomaly_detection/Anomaly_detection.pdf, page 6>
File: Anomaly_detection/Anomaly_detection.pdf Graphic file (type pdf)
<use Anomaly_detection/Anomaly_detection.pdf, page 6>


File: Anomaly_detection/Anomaly_detection.pdf Graphic file (type pdf)
<use Anomaly_detection/Anomaly_detection.pdf, page 6>
[148

]
File: Anomaly_detection/Anomaly_detection.pdf Graphic file (type pdf)
<use Anomaly_detection/Anomaly_detection.pdf, page 7>
File: Anomaly_detection/Anomaly_detection.pdf Graphic file (type pdf)
<use Anomaly_detection/Anomaly_detection.pdf, page 7>


File: Anomaly_detection/Anomaly_detection.pdf Graphic file (type pdf)
<use Anomaly_detection/Anomaly_detection.pdf, page 7>
[149

]
File: Anomaly_detection/Anomaly_detection.pdf Graphic file (type pdf)
<use Anomaly_detection/Anomaly_detection.pdf, page 8>
File: Anomaly_detection/Anomaly_detection.pdf Graphic file (type pdf)
<use Anomaly_detection/Anomaly_detection.pdf, page 8>


File: Anomaly_detection/Anomaly_detection.pdf Graphic file (type pdf)
<use Anomaly_detection/Anomaly_detection.pdf, page 8>
[150

]
File: Anomaly_detection/Anomaly_detection.pdf Graphic file (type pdf)
<use Anomaly_detection/Anomaly_detection.pdf, page 9>
File: Anomaly_detection/Anomaly_detection.pdf Graphic file (type pdf)
<use Anomaly_detection/Anomaly_detection.pdf, page 9>


File: Anomaly_detection/Anomaly_detection.pdf Graphic file (type pdf)
<use Anomaly_detection/Anomaly_detection.pdf, page 9>
[151

]
File: Anomaly_detection/Anomaly_detection.pdf Graphic file (type pdf)
<use Anomaly_detection/Anomaly_detection.pdf, page 10>
File: Anomaly_detection/Anomaly_detection.pdf Graphic file (type pdf)
<use Anomaly_detection/Anomaly_detection.pdf, page 10>


File: Anomaly_detection/Anomaly_detection.pdf Graphic file (type pdf)
<use Anomaly_detection/Anomaly_detection.pdf, page 10>
[152

]
File: Anomaly_detection/Anomaly_detection.pdf Graphic file (type pdf)
<use Anomaly_detection/Anomaly_detection.pdf, page 11>
File: Anomaly_detection/Anomaly_detection.pdf Graphic file (type pdf)
<use Anomaly_detection/Anomaly_detection.pdf, page 11>


File: Anomaly_detection/Anomaly_detection.pdf Graphic file (type pdf)
<use Anomaly_detection/Anomaly_detection.pdf, page 11>
[153

]
File: Anomaly_detection/Anomaly_detection.pdf Graphic file (type pdf)
<use Anomaly_detection/Anomaly_detection.pdf, page 12>
File: Anomaly_detection/Anomaly_detection.pdf Graphic file (type pdf)
<use Anomaly_detection/Anomaly_detection.pdf, page 12>


File: Anomaly_detection/Anomaly_detection.pdf Graphic file (type pdf)
<use Anomaly_detection/Anomaly_detection.pdf, page 12>
[154

]
File: Anomaly_detection/Anomaly_detection.pdf Graphic file (type pdf)
<use Anomaly_detection/Anomaly_detection.pdf, page 13>
File: Anomaly_detection/Anomaly_detection.pdf Graphic file (type pdf)
<use Anomaly_detection/Anomaly_detection.pdf, page 13>


File: Anomaly_detection/Anomaly_detection.pdf Graphic file (type pdf)
<use Anomaly_detection/Anomaly_detection.pdf, page 13>
[155

]
File: Anomaly_detection/Anomaly_detection.pdf Graphic file (type pdf)
<use Anomaly_detection/Anomaly_detection.pdf, page 14>
File: Anomaly_detection/Anomaly_detection.pdf Graphic file (type pdf)
<use Anomaly_detection/Anomaly_detection.pdf, page 14>


File: Anomaly_detection/Anomaly_detection.pdf Graphic file (type pdf)
<use Anomaly_detection/Anomaly_detection.pdf, page 14>
[156

]
File: Anomaly_detection/Anomaly_detection.pdf Graphic file (type pdf)
<use Anomaly_detection/Anomaly_detection.pdf, page 15>
File: Anomaly_detection/Anomaly_detection.pdf Graphic file (type pdf)
<use Anomaly_detection/Anomaly_detection.pdf, page 15>


File: Anomaly_detection/Anomaly_detection.pdf Graphic file (type pdf)
<use Anomaly_detection/Anomaly_detection.pdf, page 15>
[157

]
File: Anomaly_detection/Anomaly_detection.pdf Graphic file (type pdf)
<use Anomaly_detection/Anomaly_detection.pdf, page 16>
File: Anomaly_detection/Anomaly_detection.pdf Graphic file (type pdf)
<use Anomaly_detection/Anomaly_detection.pdf, page 16>


File: Anomaly_detection/Anomaly_detection.pdf Graphic file (type pdf)
<use Anomaly_detection/Anomaly_detection.pdf, page 16>
[158

]
File: Anomaly_detection/Anomaly_detection.pdf Graphic file (type pdf)
<use Anomaly_detection/Anomaly_detection.pdf, page 17>
File: Anomaly_detection/Anomaly_detection.pdf Graphic file (type pdf)
<use Anomaly_detection/Anomaly_detection.pdf, page 17>


File: Anomaly_detection/Anomaly_detection.pdf Graphic file (type pdf)
<use Anomaly_detection/Anomaly_detection.pdf, page 17>
[159

]
File: Anomaly_detection/Anomaly_detection.pdf Graphic file (type pdf)
<use Anomaly_detection/Anomaly_detection.pdf, page 18>
File: Anomaly_detection/Anomaly_detection.pdf Graphic file (type pdf)
<use Anomaly_detection/Anomaly_detection.pdf, page 18>


File: Anomaly_detection/Anomaly_detection.pdf Graphic file (type pdf)
<use Anomaly_detection/Anomaly_detection.pdf, page 18>
[160

]
File: Anomaly_detection/Anomaly_detection.pdf Graphic file (type pdf)
<use Anomaly_detection/Anomaly_detection.pdf, page 19>
File: Anomaly_detection/Anomaly_detection.pdf Graphic file (type pdf)
<use Anomaly_detection/Anomaly_detection.pdf, page 19>


File: Anomaly_detection/Anomaly_detection.pdf Graphic file (type pdf)
<use Anomaly_detection/Anomaly_detection.pdf, page 19>
[161

]
File: Anomaly_detection/Anomaly_detection.pdf Graphic file (type pdf)
<use Anomaly_detection/Anomaly_detection.pdf, page 20>
File: Anomaly_detection/Anomaly_detection.pdf Graphic file (type pdf)
<use Anomaly_detection/Anomaly_detection.pdf, page 20>


File: Anomaly_detection/Anomaly_detection.pdf Graphic file (type pdf)
<use Anomaly_detection/Anomaly_detection.pdf, page 20>
[162

]
File: Anomaly_detection/Anomaly_detection.pdf Graphic file (type pdf)
<use Anomaly_detection/Anomaly_detection.pdf, page 21>
File: Anomaly_detection/Anomaly_detection.pdf Graphic file (type pdf)
<use Anomaly_detection/Anomaly_detection.pdf, page 21>


File: Anomaly_detection/Anomaly_detection.pdf Graphic file (type pdf)
<use Anomaly_detection/Anomaly_detection.pdf, page 21>
[163

]
File: Anomaly_detection/Anomaly_detection.pdf Graphic file (type pdf)
<use Anomaly_detection/Anomaly_detection.pdf, page 22>
File: Anomaly_detection/Anomaly_detection.pdf Graphic file (type pdf)
<use Anomaly_detection/Anomaly_detection.pdf, page 22>


File: Anomaly_detection/Anomaly_detection.pdf Graphic file (type pdf)
<use Anomaly_detection/Anomaly_detection.pdf, page 22>
[164

]
File: Anomaly_detection/Anomaly_detection.pdf Graphic file (type pdf)
<use Anomaly_detection/Anomaly_detection.pdf, page 23>
File: Anomaly_detection/Anomaly_detection.pdf Graphic file (type pdf)
<use Anomaly_detection/Anomaly_detection.pdf, page 23>


File: Anomaly_detection/Anomaly_detection.pdf Graphic file (type pdf)
<use Anomaly_detection/Anomaly_detection.pdf, page 23>
[165

]
File: Anomaly_detection/Anomaly_detection.pdf Graphic file (type pdf)
<use Anomaly_detection/Anomaly_detection.pdf, page 24>
File: Anomaly_detection/Anomaly_detection.pdf Graphic file (type pdf)
<use Anomaly_detection/Anomaly_detection.pdf, page 24>


File: Anomaly_detection/Anomaly_detection.pdf Graphic file (type pdf)
<use Anomaly_detection/Anomaly_detection.pdf, page 24>
[166

]
File: Anomaly_detection/Anomaly_detection.pdf Graphic file (type pdf)
<use Anomaly_detection/Anomaly_detection.pdf, page 25>
File: Anomaly_detection/Anomaly_detection.pdf Graphic file (type pdf)
<use Anomaly_detection/Anomaly_detection.pdf, page 25>


File: Anomaly_detection/Anomaly_detection.pdf Graphic file (type pdf)
<use Anomaly_detection/Anomaly_detection.pdf, page 25>
[167

]
File: Anomaly_detection/Anomaly_detection.pdf Graphic file (type pdf)
<use Anomaly_detection/Anomaly_detection.pdf, page 26>
File: Anomaly_detection/Anomaly_detection.pdf Graphic file (type pdf)
<use Anomaly_detection/Anomaly_detection.pdf, page 26>


File: Anomaly_detection/Anomaly_detection.pdf Graphic file (type pdf)
<use Anomaly_detection/Anomaly_detection.pdf, page 26>
[168

]
File: Anomaly_detection/Anomaly_detection.pdf Graphic file (type pdf)
<use Anomaly_detection/Anomaly_detection.pdf, page 27>
File: Anomaly_detection/Anomaly_detection.pdf Graphic file (type pdf)
<use Anomaly_detection/Anomaly_detection.pdf, page 27>


File: Anomaly_detection/Anomaly_detection.pdf Graphic file (type pdf)
<use Anomaly_detection/Anomaly_detection.pdf, page 27>
[169

]
File: Anomaly_detection/Anomaly_detection.pdf Graphic file (type pdf)
<use Anomaly_detection/Anomaly_detection.pdf, page 28>
File: Anomaly_detection/Anomaly_detection.pdf Graphic file (type pdf)
<use Anomaly_detection/Anomaly_detection.pdf, page 28>


File: Anomaly_detection/Anomaly_detection.pdf Graphic file (type pdf)
<use Anomaly_detection/Anomaly_detection.pdf, page 28>
[170

]
File: Anomaly_detection/Anomaly_detection.pdf Graphic file (type pdf)
<use Anomaly_detection/Anomaly_detection.pdf, page 29>
File: Anomaly_detection/Anomaly_detection.pdf Graphic file (type pdf)
<use Anomaly_detection/Anomaly_detection.pdf, page 29>


File: Anomaly_detection/Anomaly_detection.pdf Graphic file (type pdf)
<use Anomaly_detection/Anomaly_detection.pdf, page 29>
[171

]
File: Anomaly_detection/Anomaly_detection.pdf Graphic file (type pdf)
<use Anomaly_detection/Anomaly_detection.pdf, page 30>
File: Anomaly_detection/Anomaly_detection.pdf Graphic file (type pdf)
<use Anomaly_detection/Anomaly_detection.pdf, page 30>


File: Anomaly_detection/Anomaly_detection.pdf Graphic file (type pdf)
<use Anomaly_detection/Anomaly_detection.pdf, page 30>
[172

]
File: Anomaly_detection/Anomaly_detection.pdf Graphic file (type pdf)
<use Anomaly_detection/Anomaly_detection.pdf, page 31>
File: Anomaly_detection/Anomaly_detection.pdf Graphic file (type pdf)
<use Anomaly_detection/Anomaly_detection.pdf, page 31>


File: Anomaly_detection/Anomaly_detection.pdf Graphic file (type pdf)
<use Anomaly_detection/Anomaly_detection.pdf, page 31>
[173

] (./Thesis.aux)
 ***********
LaTeX2e <2024-11-01> patch level 1
L3 programming layer <2024-11-02>
 ***********
Package rerunfilecheck Info: File `Thesis.out' has not changed.
(rerunfilecheck)             Checksum: 6BFED471F8315850F2DEFBDD962174BD;2392.
 ) 
Here is how much of TeX's memory you used:
 19558 strings out of 475921
 388217 string characters out of 5775722
 848843 words of memory out of 5000000
 42090 multiletter control sequences out of 15000+600000
 562023 words of font info for 72 fonts, out of 8000000 for 9000
 36 hyphenation exceptions out of 8191
 86i,17n,133p,345b,539s stack positions out of 10000i,1000n,20000p,200000b,200000s

Output written on Thesis.pdf (173 pages).
