This is XeTeX, Version 3.141592653-2.6-0.999996 (TeX Live 2024) (preloaded format=xelatex 2025.1.7)  30 JUL 2025 17:45
entering extended mode
 restricted \write18 enabled.
 file:line:error style messages enabled.
 %&-line parsing enabled.
**/home/samuelebumbaca/repositories/PhD_thesis/Presentazione/PhD_Thesis_Presentation
(/home/samuelebumbaca/repositories/PhD_thesis/Presentazione/PhD_Thesis_Presentation.tex
LaTeX2e <2024-11-01> patch level 1
L3 programming layer <2024-11-02>
)
! Emergency stop.
<*> ...hesis/Presentazione/PhD_Thesis_Presentation
                                                  
*** (job aborted, no legal \end found)

 
Here is how much of TeX's memory you used:
 14 strings out of 475921
 497 string characters out of 5775722
 379504 words of memory out of 5000000
 22934 multiletter control sequences out of 15000+600000
 558069 words of font info for 36 fonts, out of 8000000 for 9000
 36 hyphenation exceptions out of 8191
 11i,0n,13p,114b,8s stack positions out of 10000i,1000n,20000p,200000b,200000s
No pages of output.
