This is XeTeX, Version 3.141592653-2.6-0.999996 (TeX Live 2024) (preloaded format=xelatex 2025.1.7)  28 JUN 2025 10:55
entering extended mode
 restricted \write18 enabled.
 %&-line parsing enabled.
**remotesensing-3622397.tex
(./remotesensing-3622397.tex
LaTeX2e <2024-11-01> patch level 1
L3 programming layer <2024-11-02>
(/home/samuelebumbaca/.TinyTeX/texmf-dist/tex/latex/base/report.cls
Document Class: report 2024/06/29 v1.4n Standard LaTeX document class
(/home/samuelebumbaca/.TinyTeX/texmf-dist/tex/latex/base/size12.clo
File: size12.clo 2024/06/29 v1.4n Standard LaTeX file (size option)
)
\c@part=\count192
\c@chapter=\count193
\c@section=\count194
\c@subsection=\count195
\c@subsubsection=\count196
\c@paragraph=\count197
\c@subparagraph=\count198
\c@figure=\count199
\c@table=\count266
\abovecaptionskip=\skip49
\belowcaptionskip=\skip50
\bibindent=\dimen141
) (/home/samuelebumbaca/.TinyTeX/texmf-dist/tex/latex/geometry/geometry.sty
Package: geometry 2020/01/02 v5.9 Page Geometry
 (/home/samuelebumbaca/.TinyTeX/texmf-dist/tex/latex/graphics/keyval.sty
Package: keyval 2022/05/29 v1.15 key=value parser (DPC)
\KV@toks@=\toks17
) (/home/samuelebumbaca/.TinyTeX/texmf-dist/tex/generic/iftex/ifvtex.sty
Package: ifvtex 2019/10/25 v1.7 ifvtex legacy package. Use iftex instead.
 (/home/samuelebumbaca/.TinyTeX/texmf-dist/tex/generic/iftex/iftex.sty
Package: iftex 2024/12/12 v1.0g TeX engine tests
))
\Gm@cnth=\count267
\Gm@cntv=\count268
\c@Gm@tempcnt=\count269
\Gm@bindingoffset=\dimen142
\Gm@wd@mp=\dimen143
\Gm@odd@mp=\dimen144
\Gm@even@mp=\dimen145
\Gm@layoutwidth=\dimen146
\Gm@layoutheight=\dimen147
\Gm@layouthoffset=\dimen148
\Gm@layoutvoffset=\dimen149
\Gm@dimlist=\toks18
) (/home/samuelebumbaca/.TinyTeX/texmf-dist/tex/latex/setspace/setspace.sty
Package: setspace 2022/12/04 v6.7b set line spacing
) (/home/samuelebumbaca/.TinyTeX/texmf-dist/tex/latex/titlesec/titlesec.sty
Package: titlesec 2025/01/04 v2.17 Sectioning titles
\ttl@box=\box52
\beforetitleunit=\skip51
\aftertitleunit=\skip52
\ttl@plus=\dimen150
\ttl@minus=\dimen151
\ttl@toksa=\toks19
\titlewidth=\dimen152
\titlewidthlast=\dimen153
\titlewidthfirst=\dimen154
) (/home/samuelebumbaca/.TinyTeX/texmf-dist/tex/latex/titling/titling.sty
Package: titling 2009/09/04 v2.1d maketitle typesetting
\thanksmarkwidth=\skip53
\thanksmargin=\skip54
\droptitle=\skip55
) (/home/samuelebumbaca/.TinyTeX/texmf-dist/tex/latex/psnfss/times.sty
Package: times 2020/03/25 PSNFSS-v9.3 (SPQR) 
) (/home/samuelebumbaca/.TinyTeX/texmf-dist/tex/latex/fontspec/fontspec.sty (/home/samuelebumbaca/.TinyTeX/texmf-dist/tex/latex/l3packages/xparse/xparse.sty (/home/samuelebumbaca/.TinyTeX/texmf-dist/tex/latex/l3kernel/expl3.sty
Package: expl3 2024-11-02 L3 programming layer (loader) 
 (/home/samuelebumbaca/.TinyTeX/texmf-dist/tex/latex/l3backend/l3backend-xetex.def
File: l3backend-xetex.def 2024-05-08 L3 backend support: XeTeX
\g__graphics_track_int=\count270
\l__pdf_internal_box=\box53
\g__pdf_backend_annotation_int=\count271
\g__pdf_backend_link_int=\count272
))
Package: xparse 2024-08-16 L3 Experimental document command parser
)
Package: fontspec 2024/05/11 v2.9e Font selection for XeLaTeX and LuaLaTeX
 (/home/samuelebumbaca/.TinyTeX/texmf-dist/tex/latex/fontspec/fontspec-xetex.sty
Package: fontspec-xetex 2024/05/11 v2.9e Font selection for XeLaTeX and LuaLaTeX
\l__fontspec_script_int=\count273
\l__fontspec_language_int=\count274
\l__fontspec_strnum_int=\count275
\l__fontspec_tmp_int=\count276
\l__fontspec_tmpa_int=\count277
\l__fontspec_tmpb_int=\count278
\l__fontspec_tmpc_int=\count279
\l__fontspec_em_int=\count280
\l__fontspec_emdef_int=\count281
\l__fontspec_strong_int=\count282
\l__fontspec_strongdef_int=\count283
\l__fontspec_tmpa_dim=\dimen155
\l__fontspec_tmpb_dim=\dimen156
\l__fontspec_tmpc_dim=\dimen157
 (/home/samuelebumbaca/.TinyTeX/texmf-dist/tex/latex/base/fontenc.sty
Package: fontenc 2021/04/29 v2.0v Standard LaTeX package
) (/home/samuelebumbaca/.TinyTeX/texmf-dist/tex/latex/fontspec/fontspec.cfg))) (/home/samuelebumbaca/.TinyTeX/texmf-dist/tex/latex/algorithms/algorithm.sty
Invalid UTF-8 byte or sequence at line 11 replaced by U+FFFD.
Package: algorithm 2009/08/24 v0.1 Document Style `algorithm' - floating environment
 (/home/samuelebumbaca/.TinyTeX/texmf-dist/tex/latex/float/float.sty
Package: float 2001/11/08 v1.3d Float enhancements (AL)
\c@float@type=\count284
\float@exts=\toks20
\float@box=\box54
\@float@everytoks=\toks21
\@floatcapt=\box55
) (/home/samuelebumbaca/.TinyTeX/texmf-dist/tex/latex/base/ifthen.sty
Package: ifthen 2024/03/16 v1.1e Standard LaTeX ifthen package (DPC)
)
\@float@every@algorithm=\toks22
\c@algorithm=\count285
) (/home/samuelebumbaca/.TinyTeX/texmf-dist/tex/latex/algorithmicx/algpseudocode.sty
Package: algpseudocode 
 (/home/samuelebumbaca/.TinyTeX/texmf-dist/tex/latex/algorithmicx/algorithmicx.sty
Package: algorithmicx 2005/04/27 v1.2 Algorithmicx

Document Style algorithmicx 1.2 - a greatly improved `algorithmic' style
\c@ALG@line=\count286
\c@ALG@rem=\count287
\c@ALG@nested=\count288
\ALG@tlm=\skip56
\ALG@thistlm=\skip57
\c@ALG@Lnr=\count289
\c@ALG@blocknr=\count290
\c@ALG@storecount=\count291
\c@ALG@tmpcounter=\count292
\ALG@tmplength=\skip58
)
Document Style - pseudocode environments for use with the `algorithmicx' style
) (/home/samuelebumbaca/.TinyTeX/texmf-dist/tex/latex/pdflscape/pdflscape.sty
Package: pdflscape 2022-10-27 v0.13 Display of landscape pages in PDF
 (/home/samuelebumbaca/.TinyTeX/texmf-dist/tex/latex/pdflscape/pdflscape-nometadata.sty
Package: pdflscape-nometadata 2022-10-28 v0.13 Display of landscape pages in PDF (HO)
 (/home/samuelebumbaca/.TinyTeX/texmf-dist/tex/latex/graphics/lscape.sty
Package: lscape 2020/05/28 v3.02 Landscape Pages (DPC)
 (/home/samuelebumbaca/.TinyTeX/texmf-dist/tex/latex/graphics/graphics.sty
Package: graphics 2024/08/06 v1.4g Standard LaTeX Graphics (DPC,SPQR)
 (/home/samuelebumbaca/.TinyTeX/texmf-dist/tex/latex/graphics/trig.sty
Package: trig 2023/12/02 v1.11 sin cos tan (DPC)
) (/home/samuelebumbaca/.TinyTeX/texmf-dist/tex/latex/graphics-cfg/graphics.cfg
File: graphics.cfg 2016/06/04 v1.11 sample graphics configuration
)
Package graphics Info: Driver file: xetex.def on input line 106.
 (/home/samuelebumbaca/.TinyTeX/texmf-dist/tex/latex/graphics-def/xetex.def
File: xetex.def 2022/09/22 v5.0n Graphics/color driver for xetex
)))
Package pdflscape Info: Auto-detected driver: dvipdfm (xetex) on input line 98.
)) (/home/samuelebumbaca/.TinyTeX/texmf-dist/tex/latex/tools/afterpage.sty
Package: afterpage 2023/07/04 v1.08 After-Page Package (DPC)
\AP@output=\toks23
\AP@partial=\box56
\AP@footins=\box57
)

Package fontspec Info: 
(fontspec)             Font family 'Arial(0)' created for font 'Arial' with
(fontspec)             options [Ligatures=TeX].
(fontspec)              
(fontspec)              This font family consists of the following NFSS
(fontspec)             series/shapes:
(fontspec)              
(fontspec)             - 'normal' (m/n) with NFSS spec.:
(fontspec)             <->"Arial/OT:language=dflt;mapping=tex-text;"
(fontspec)             - 'bold' (b/n) with NFSS spec.:
(fontspec)             <->"Arial/B/OT:language=dflt;mapping=tex-text;"
(fontspec)             - 'italic' (m/it) with NFSS spec.:
(fontspec)             <->"Arial/I/OT:language=dflt;mapping=tex-text;"
(fontspec)             - 'bold italic' (b/it) with NFSS spec.:
(fontspec)             <->"Arial/BI/OT:language=dflt;mapping=tex-text;"

 (/home/samuelebumbaca/.TinyTeX/texmf-dist/tex/latex/fancyhdr/fancyhdr.sty
Package: fancyhdr 2024/12/09 v4.5 Extensive control of page headers and footers
\f@nch@headwidth=\skip59
\f@nch@O@elh=\skip60
\f@nch@O@erh=\skip61
\f@nch@O@olh=\skip62
\f@nch@O@orh=\skip63
\f@nch@O@elf=\skip64
\f@nch@O@erf=\skip65
\f@nch@O@olf=\skip66
\f@nch@O@orf=\skip67
) (/home/samuelebumbaca/.TinyTeX/texmf-dist/tex/latex/pdfpages/pdfpages.sty
Package: pdfpages 2024/10/28 v0.6c Insert pages of external PDF documents (AM)
 (/home/samuelebumbaca/.TinyTeX/texmf-dist/tex/latex/tools/calc.sty
Package: calc 2023/07/08 v4.3 Infix arithmetic (KKT,FJ)
\calc@Acount=\count293
\calc@Bcount=\count294
\calc@Adimen=\dimen158
\calc@Bdimen=\dimen159
\calc@Askip=\skip68
\calc@Bskip=\skip69
LaTeX Info: Redefining \setlength on input line 80.
LaTeX Info: Redefining \addtolength on input line 81.
\calc@Ccount=\count295
\calc@Cskip=\skip70
) (/home/samuelebumbaca/.TinyTeX/texmf-dist/tex/latex/eso-pic/eso-pic.sty
Package: eso-pic 2023/05/03 v3.0c eso-pic (RN)
\ESO@tempdima=\dimen160
\ESO@tempdimb=\dimen161
 (/home/samuelebumbaca/.TinyTeX/texmf-dist/tex/latex/xcolor/xcolor.sty
Package: xcolor 2024/09/29 v3.02 LaTeX color extensions (UK)
 (/home/samuelebumbaca/.TinyTeX/texmf-dist/tex/latex/graphics-cfg/color.cfg
File: color.cfg 2016/01/02 v1.6 sample color configuration
)
Package xcolor Info: Driver file: xetex.def on input line 274.
 (/home/samuelebumbaca/.TinyTeX/texmf-dist/tex/latex/graphics/mathcolor.ltx)
Package xcolor Info: Model `cmy' substituted by `cmy0' on input line 1349.
Package xcolor Info: Model `RGB' extended on input line 1365.
Package xcolor Info: Model `HTML' substituted by `rgb' on input line 1367.
Package xcolor Info: Model `Hsb' substituted by `hsb' on input line 1368.
Package xcolor Info: Model `tHsb' substituted by `hsb' on input line 1369.
Package xcolor Info: Model `HSB' substituted by `hsb' on input line 1370.
Package xcolor Info: Model `Gray' substituted by `gray' on input line 1371.
Package xcolor Info: Model `wave' substituted by `hsb' on input line 1372.
)) (/home/samuelebumbaca/.TinyTeX/texmf-dist/tex/latex/graphics/graphicx.sty
Package: graphicx 2021/09/16 v1.2d Enhanced LaTeX Graphics (DPC,SPQR)
\Gin@req@height=\dimen162
\Gin@req@width=\dimen163
)
\AM@pagewidth=\dimen164
\AM@pageheight=\dimen165
\AM@fboxrule=\dimen166
 (/home/samuelebumbaca/.TinyTeX/texmf-dist/tex/latex/pdfpages/ppxetex.def
File: ppxetex.def 2024/10/28 v0.6c Pdfpages driver for XeTeX (AM)
)
\pdfpages@includegraphics@status=\count296
\AM@pagebox=\box58
\AM@global@opts=\toks24
\AM@pagecnt=\count297
\AM@toc@title=\toks25
\AM@lof@heading=\toks26
\c@AM@survey=\count298
\AM@templatesizebox=\box59
) (/home/samuelebumbaca/.TinyTeX/texmf-dist/tex/latex/natbib/natbib.sty
Package: natbib 2010/09/13 8.31b (PWD, AO)
\bibhang=\skip71
\bibsep=\skip72
LaTeX Info: Redefining \cite on input line 694.
\c@NAT@ctr=\count299
) (/home/samuelebumbaca/.TinyTeX/texmf-dist/tex/latex/url/url.sty
\Urlmuskip=\muskip17
Package: url 2013/09/16  ver 3.4  Verb mode for urls, etc.
) (/home/samuelebumbaca/.TinyTeX/texmf-dist/tex/latex/hyperref/hyperref.sty
Package: hyperref 2024-11-05 v7.01l Hypertext links for LaTeX
 (/home/samuelebumbaca/.TinyTeX/texmf-dist/tex/latex/kvsetkeys/kvsetkeys.sty
Package: kvsetkeys 2022-10-05 v1.19 Key value parser (HO)
) (/home/samuelebumbaca/.TinyTeX/texmf-dist/tex/generic/kvdefinekeys/kvdefinekeys.sty
Package: kvdefinekeys 2019-12-19 v1.6 Define keys (HO)
) (/home/samuelebumbaca/.TinyTeX/texmf-dist/tex/generic/pdfescape/pdfescape.sty
Package: pdfescape 2019/12/09 v1.15 Implements pdfTeX's escape features (HO)
 (/home/samuelebumbaca/.TinyTeX/texmf-dist/tex/generic/ltxcmds/ltxcmds.sty
Package: ltxcmds 2023-12-04 v1.26 LaTeX kernel commands for general use (HO)
) (/home/samuelebumbaca/.TinyTeX/texmf-dist/tex/generic/pdftexcmds/pdftexcmds.sty
Package: pdftexcmds 2020-06-27 v0.33 Utility functions of pdfTeX for LuaTeX (HO)
 (/home/samuelebumbaca/.TinyTeX/texmf-dist/tex/generic/infwarerr/infwarerr.sty
Package: infwarerr 2019/12/03 v1.5 Providing info/warning/error messages (HO)
)
Package pdftexcmds Info: \pdf@primitive is available.
Package pdftexcmds Info: \pdf@ifprimitive is available.
Package pdftexcmds Info: \pdfdraftmode not found.
)) (/home/samuelebumbaca/.TinyTeX/texmf-dist/tex/latex/hycolor/hycolor.sty
Package: hycolor 2020-01-27 v1.10 Color options for hyperref/bookmark (HO)
) (/home/samuelebumbaca/.TinyTeX/texmf-dist/tex/latex/hyperref/nameref.sty
Package: nameref 2023-11-26 v2.56 Cross-referencing by name of section
 (/home/samuelebumbaca/.TinyTeX/texmf-dist/tex/latex/refcount/refcount.sty
Package: refcount 2019/12/15 v3.6 Data extraction from label references (HO)
) (/home/samuelebumbaca/.TinyTeX/texmf-dist/tex/generic/gettitlestring/gettitlestring.sty
Package: gettitlestring 2019/12/15 v1.6 Cleanup title references (HO)
 (/home/samuelebumbaca/.TinyTeX/texmf-dist/tex/latex/kvoptions/kvoptions.sty
Package: kvoptions 2022-06-15 v3.15 Key value format for package options (HO)
))
\c@section@level=\count300
) (/home/samuelebumbaca/.TinyTeX/texmf-dist/tex/latex/etoolbox/etoolbox.sty
Package: etoolbox 2020/10/05 v2.5k e-TeX tools for LaTeX (JAW)
\etb@tempcnta=\count301
) (/home/samuelebumbaca/.TinyTeX/texmf-dist/tex/generic/stringenc/stringenc.sty
Package: stringenc 2019/11/29 v1.12 Convert strings between diff. encodings (HO)
)
\@linkdim=\dimen167
\Hy@linkcounter=\count302
\Hy@pagecounter=\count303
 (/home/samuelebumbaca/.TinyTeX/texmf-dist/tex/latex/hyperref/pd1enc.def
File: pd1enc.def 2024-11-05 v7.01l Hyperref: PDFDocEncoding definition (HO)
) (/home/samuelebumbaca/.TinyTeX/texmf-dist/tex/generic/intcalc/intcalc.sty
Package: intcalc 2019/12/15 v1.3 Expandable calculations with integers (HO)
)
\Hy@SavedSpaceFactor=\count304
 (/home/samuelebumbaca/.TinyTeX/texmf-dist/tex/latex/hyperref/puenc.def
File: puenc.def 2024-11-05 v7.01l Hyperref: PDF Unicode definition (HO)
)
Package hyperref Info: Hyper figures OFF on input line 4157.
Package hyperref Info: Link nesting OFF on input line 4162.
Package hyperref Info: Hyper index ON on input line 4165.
Package hyperref Info: Plain pages OFF on input line 4172.
Package hyperref Info: Backreferencing OFF on input line 4177.
Package hyperref Info: Implicit mode ON; LaTeX internals redefined.
Package hyperref Info: Bookmarks ON on input line 4424.
\c@Hy@tempcnt=\count305
LaTeX Info: Redefining \url on input line 4763.
\XeTeXLinkMargin=\dimen168
 (/home/samuelebumbaca/.TinyTeX/texmf-dist/tex/generic/bitset/bitset.sty
Package: bitset 2019/12/09 v1.3 Handle bit-vector datatype (HO)
 (/home/samuelebumbaca/.TinyTeX/texmf-dist/tex/generic/bigintcalc/bigintcalc.sty
Package: bigintcalc 2019/12/15 v1.5 Expandable calculations on big integers (HO)
))
\Fld@menulength=\count306
\Field@Width=\dimen169
\Fld@charsize=\dimen170
Package hyperref Info: Hyper figures OFF on input line 6042.
Package hyperref Info: Link nesting OFF on input line 6047.
Package hyperref Info: Hyper index ON on input line 6050.
Package hyperref Info: backreferencing OFF on input line 6057.
Package hyperref Info: Link coloring OFF on input line 6062.
Package hyperref Info: Link coloring with OCG OFF on input line 6067.
Package hyperref Info: PDF/A mode OFF on input line 6072.
 (/home/samuelebumbaca/.TinyTeX/texmf-dist/tex/latex/base/atbegshi-ltx.sty
Package: atbegshi-ltx 2021/01/10 v1.0c Emulation of the original atbegshi
package with kernel methods
)
\Hy@abspage=\count307
\c@Item=\count308
\c@Hfootnote=\count309
)
Package hyperref Info: Driver (autodetected): hxetex.
 (/home/samuelebumbaca/.TinyTeX/texmf-dist/tex/latex/hyperref/hxetex.def
File: hxetex.def 2024-11-05 v7.01l Hyperref driver for XeTeX
\pdfm@box=\box60
\c@Hy@AnnotLevel=\count310
\HyField@AnnotCount=\count311
\Fld@listcount=\count312
\c@bookmark@seq@number=\count313
 (/home/samuelebumbaca/.TinyTeX/texmf-dist/tex/latex/rerunfilecheck/rerunfilecheck.sty
Package: rerunfilecheck 2022-07-10 v1.10 Rerun checks for auxiliary files (HO)
 (/home/samuelebumbaca/.TinyTeX/texmf-dist/tex/latex/base/atveryend-ltx.sty
Package: atveryend-ltx 2020/08/19 v1.0a Emulation of the original atveryend package
with kernel methods
) (/home/samuelebumbaca/.TinyTeX/texmf-dist/tex/generic/uniquecounter/uniquecounter.sty
Package: uniquecounter 2019/12/15 v1.4 Provide unlimited unique counter (HO)
)
Package uniquecounter Info: New unique counter `rerunfilecheck' on input line 285.
)
\Hy@SectionHShift=\skip73
) (/home/samuelebumbaca/.TinyTeX/texmf-dist/tex/latex/amsmath/amsmath.sty
Package: amsmath 2024/11/05 v2.17t AMS math features
\@mathmargin=\skip74

For additional information on amsmath, use the `?' option.
(/home/samuelebumbaca/.TinyTeX/texmf-dist/tex/latex/amsmath/amstext.sty
Package: amstext 2021/08/26 v2.01 AMS text
 (/home/samuelebumbaca/.TinyTeX/texmf-dist/tex/latex/amsmath/amsgen.sty
File: amsgen.sty 1999/11/30 v2.0 generic functions
\@emptytoks=\toks27
\ex@=\dimen171
)) (/home/samuelebumbaca/.TinyTeX/texmf-dist/tex/latex/amsmath/amsbsy.sty
Package: amsbsy 1999/11/29 v1.2d Bold Symbols
\pmbraise@=\dimen172
) (/home/samuelebumbaca/.TinyTeX/texmf-dist/tex/latex/amsmath/amsopn.sty
Package: amsopn 2022/04/08 v2.04 operator names
)
\inf@bad=\count314
LaTeX Info: Redefining \frac on input line 233.
\uproot@=\count315
\leftroot@=\count316
LaTeX Info: Redefining \overline on input line 398.
LaTeX Info: Redefining \colon on input line 409.
\classnum@=\count317
\DOTSCASE@=\count318
LaTeX Info: Redefining \ldots on input line 495.
LaTeX Info: Redefining \dots on input line 498.
LaTeX Info: Redefining \cdots on input line 619.
\Mathstrutbox@=\box61
\strutbox@=\box62
LaTeX Info: Redefining \big on input line 721.
LaTeX Info: Redefining \Big on input line 722.
LaTeX Info: Redefining \bigg on input line 723.
LaTeX Info: Redefining \Bigg on input line 724.
\big@size=\dimen173
LaTeX Font Info:    Redeclaring font encoding OML on input line 742.
LaTeX Font Info:    Redeclaring font encoding OMS on input line 743.
\macc@depth=\count319
LaTeX Info: Redefining \bmod on input line 904.
LaTeX Info: Redefining \pmod on input line 909.
LaTeX Info: Redefining \smash on input line 939.
LaTeX Info: Redefining \relbar on input line 969.
LaTeX Info: Redefining \Relbar on input line 970.
\c@MaxMatrixCols=\count320
\dotsspace@=\muskip18
\c@parentequation=\count321
\dspbrk@lvl=\count322
\tag@help=\toks28
\row@=\count323
\column@=\count324
\maxfields@=\count325
\andhelp@=\toks29
\eqnshift@=\dimen174
\alignsep@=\dimen175
\tagshift@=\dimen176
\tagwidth@=\dimen177
\totwidth@=\dimen178
\lineht@=\dimen179
\@envbody=\toks30
\multlinegap=\skip75
\multlinetaggap=\skip76
\mathdisplay@stack=\toks31
LaTeX Info: Redefining \[ on input line 2953.
LaTeX Info: Redefining \] on input line 2954.
) (/home/samuelebumbaca/.TinyTeX/texmf-dist/tex/latex/tools/tabularx.sty
Package: tabularx 2023/12/11 v2.12a `tabularx' package (DPC)
 (/home/samuelebumbaca/.TinyTeX/texmf-dist/tex/latex/tools/array.sty
Package: array 2024/10/17 v2.6g Tabular extension package (FMi)
\col@sep=\dimen180
\ar@mcellbox=\box63
\extrarowheight=\dimen181
\NC@list=\toks32
\extratabsurround=\skip77
\backup@length=\skip78
\ar@cellbox=\box64
)
\TX@col@width=\dimen182
\TX@old@table=\dimen183
\TX@old@col=\dimen184
\TX@target=\dimen185
\TX@delta=\dimen186
\TX@cols=\count326
\TX@ftn=\toks33
) (/home/samuelebumbaca/.TinyTeX/texmf-dist/tex/latex/subfig/subfig.sty
Package: subfig 2005/06/28 ver: 1.3 subfig package
 (/home/samuelebumbaca/.TinyTeX/texmf-dist/tex/latex/caption/caption.sty
Package: caption 2023/08/05 v3.6o Customizing captions (AR)
 (/home/samuelebumbaca/.TinyTeX/texmf-dist/tex/latex/caption/caption3.sty
Package: caption3 2023/07/31 v2.4d caption3 kernel (AR)
\caption@tempdima=\dimen187
\captionmargin=\dimen188
\caption@leftmargin=\dimen189
\caption@rightmargin=\dimen190
\caption@width=\dimen191
\caption@indent=\dimen192
\caption@parindent=\dimen193
\caption@hangindent=\dimen194
Package caption Info: Standard document class detected.
)
\c@caption@flags=\count327
\c@continuedfloat=\count328
Package caption Info: float package is loaded.
Package caption Info: hyperref package is loaded.
)
\c@KVtest=\count329
\sf@farskip=\skip79
\sf@captopadj=\dimen195
\sf@capskip=\skip80
\sf@nearskip=\skip81
\c@subfigure=\count330
\c@subfigure@save=\count331
\c@lofdepth=\count332
\c@subtable=\count333
\c@subtable@save=\count334
\c@lotdepth=\count335
\sf@top=\skip82
\sf@bottom=\skip83
) (/home/samuelebumbaca/.TinyTeX/texmf-dist/tex/latex/changepage/changepage.sty
Package: changepage 2009/10/20 v1.0c check page and change page layout
\c@cp@cntr=\count336
\cp@tempcnt=\count337
) (/home/samuelebumbaca/.TinyTeX/texmf-dist/tex/latex/booktabs/booktabs.sty
Package: booktabs 2020/01/12 v1.61803398 Publication quality tables
\heavyrulewidth=\dimen196
\lightrulewidth=\dimen197
\cmidrulewidth=\dimen198
\belowrulesep=\dimen199
\belowbottomsep=\dimen256
\aboverulesep=\dimen257
\abovetopsep=\dimen258
\cmidrulesep=\dimen259
\cmidrulekern=\dimen260
\defaultaddspace=\dimen261
\@cmidla=\count338
\@cmidlb=\count339
\@aboverulesep=\dimen262
\@belowrulesep=\dimen263
\@thisruleclass=\count340
\@lastruleclass=\count341
\@thisrulewidth=\dimen264
) (/home/samuelebumbaca/.TinyTeX/texmf-dist/tex/latex/cleveref/cleveref.sty
Package: cleveref 2018/03/27 v0.21.4 Intelligent cross-referencing
Package cleveref Info: `hyperref' support loaded on input line 2370.
LaTeX Info: Redefining \cref on input line 2370.
LaTeX Info: Redefining \Cref on input line 2370.
LaTeX Info: Redefining \crefrange on input line 2370.
LaTeX Info: Redefining \Crefrange on input line 2370.
LaTeX Info: Redefining \cpageref on input line 2370.
LaTeX Info: Redefining \Cpageref on input line 2370.
LaTeX Info: Redefining \cpagerefrange on input line 2370.
LaTeX Info: Redefining \Cpagerefrange on input line 2370.
LaTeX Info: Redefining \labelcref on input line 2370.
LaTeX Info: Redefining \labelcpageref on input line 2370.
Package cleveref Info: `algorithmicx' support loaded on input line 3120.
Package cleveref Info: `subfig' support loaded on input line 3164.
)
\extralength=\skip84
 (./remotesensing-3622397.aux

LaTeX Warning: Label `alg:H2' multiply defined.


LaTeX Warning: Label `alg:H2@cref' multiply defined.

)
\openout1 = `remotesensing-3622397.aux'.

LaTeX Font Info:    Checking defaults for OML/cmm/m/it on input line 54.
LaTeX Font Info:    ... okay on input line 54.
LaTeX Font Info:    Checking defaults for OMS/cmsy/m/n on input line 54.
LaTeX Font Info:    ... okay on input line 54.
LaTeX Font Info:    Checking defaults for OT1/cmr/m/n on input line 54.
LaTeX Font Info:    ... okay on input line 54.
LaTeX Font Info:    Checking defaults for T1/cmr/m/n on input line 54.
LaTeX Font Info:    ... okay on input line 54.
LaTeX Font Info:    Checking defaults for TS1/cmr/m/n on input line 54.
LaTeX Font Info:    ... okay on input line 54.
LaTeX Font Info:    Checking defaults for TU/lmr/m/n on input line 54.
LaTeX Font Info:    ... okay on input line 54.
LaTeX Font Info:    Checking defaults for OMX/cmex/m/n on input line 54.
LaTeX Font Info:    ... okay on input line 54.
LaTeX Font Info:    Checking defaults for U/cmr/m/n on input line 54.
LaTeX Font Info:    ... okay on input line 54.
LaTeX Font Info:    Checking defaults for PD1/pdf/m/n on input line 54.
LaTeX Font Info:    ... okay on input line 54.
LaTeX Font Info:    Checking defaults for PU/pdf/m/n on input line 54.
LaTeX Font Info:    ... okay on input line 54.

*geometry* driver: auto-detecting
*geometry* detected driver: xetex
*geometry* verbose mode - [ preamble ] result:
* driver: xetex
* paper: a4paper
* layout: <same size as paper>
* layoutoffset:(h,v)=(0.0pt,0.0pt)
* modes: 
* h-part:(L,W,R)=(71.13188pt, 355.65947pt, 170.71652pt)
* v-part:(T,H,B)=(48.36958pt, 586.12704pt, 210.55022pt)
* \paperwidth=597.50787pt
* \paperheight=845.04684pt
* \textwidth=355.65947pt
* \textheight=586.12704pt
* \oddsidemargin=-1.1381pt
* \evensidemargin=-1.1381pt
* \topmargin=-60.9004pt
* \headheight=12.0pt
* \headsep=25.0pt
* \topskip=12.0pt
* \footskip=179.25244pt
* \marginparwidth=35.0pt
* \marginparsep=10.0pt
* \columnsep=10.0pt
* \skip\footins=10.8pt plus 4.0pt minus 2.0pt
* \hoffset=0.0pt
* \voffset=0.0pt
* \mag=1000
* \@twocolumnfalse
* \@twosidefalse
* \@mparswitchfalse
* \@reversemarginfalse
* (1in=72.27pt=25.4mm, 1cm=28.453pt)


Package fontspec Info: 
(fontspec)             Adjusting the maths setup (use [no-math] to avoid
(fontspec)             this).

\symlegacymaths=\mathgroup4
LaTeX Font Info:    Overwriting symbol font `legacymaths' in version `bold'
(Font)                  OT1/cmr/m/n --> OT1/cmr/bx/n on input line 54.
LaTeX Font Info:    Redeclaring math accent \acute on input line 54.
LaTeX Font Info:    Redeclaring math accent \grave on input line 54.
LaTeX Font Info:    Redeclaring math accent \ddot on input line 54.
LaTeX Font Info:    Redeclaring math accent \tilde on input line 54.
LaTeX Font Info:    Redeclaring math accent \bar on input line 54.
LaTeX Font Info:    Redeclaring math accent \breve on input line 54.
LaTeX Font Info:    Redeclaring math accent \check on input line 54.
LaTeX Font Info:    Redeclaring math accent \hat on input line 54.
LaTeX Font Info:    Redeclaring math accent \dot on input line 54.
LaTeX Font Info:    Redeclaring math accent \mathring on input line 54.
LaTeX Font Info:    Redeclaring math symbol \Gamma on input line 54.
LaTeX Font Info:    Redeclaring math symbol \Delta on input line 54.
LaTeX Font Info:    Redeclaring math symbol \Theta on input line 54.
LaTeX Font Info:    Redeclaring math symbol \Lambda on input line 54.
LaTeX Font Info:    Redeclaring math symbol \Xi on input line 54.
LaTeX Font Info:    Redeclaring math symbol \Pi on input line 54.
LaTeX Font Info:    Redeclaring math symbol \Sigma on input line 54.
LaTeX Font Info:    Redeclaring math symbol \Upsilon on input line 54.
LaTeX Font Info:    Redeclaring math symbol \Phi on input line 54.
LaTeX Font Info:    Redeclaring math symbol \Psi on input line 54.
LaTeX Font Info:    Redeclaring math symbol \Omega on input line 54.
LaTeX Font Info:    Redeclaring math symbol \mathdollar on input line 54.
LaTeX Font Info:    Redeclaring symbol font `operators' on input line 54.
LaTeX Font Info:    Encoding `OT1' has changed to `TU' for symbol font
(Font)              `operators' in the math version `normal' on input line 54.
LaTeX Font Info:    Overwriting symbol font `operators' in version `normal'
(Font)                  OT1/cmr/m/n --> TU/Arial(0)/m/n on input line 54.
LaTeX Font Info:    Encoding `OT1' has changed to `TU' for symbol font
(Font)              `operators' in the math version `bold' on input line 54.
LaTeX Font Info:    Overwriting symbol font `operators' in version `bold'
(Font)                  OT1/cmr/bx/n --> TU/Arial(0)/m/n on input line 54.
LaTeX Font Info:    Overwriting symbol font `operators' in version `normal'
(Font)                  TU/Arial(0)/m/n --> TU/Arial(0)/m/n on input line 54.
LaTeX Font Info:    Overwriting math alphabet `\mathit' in version `normal'
(Font)                  OT1/cmr/m/it --> TU/Arial(0)/m/it on input line 54.
LaTeX Font Info:    Overwriting math alphabet `\mathbf' in version `normal'
(Font)                  OT1/cmr/bx/n --> TU/Arial(0)/b/n on input line 54.
LaTeX Font Info:    Overwriting math alphabet `\mathsf' in version `normal'
(Font)                  OT1/cmss/m/n --> TU/lmss/m/n on input line 54.
LaTeX Font Info:    Overwriting math alphabet `\mathtt' in version `normal'
(Font)                  OT1/cmtt/m/n --> TU/lmtt/m/n on input line 54.
LaTeX Font Info:    Overwriting symbol font `operators' in version `bold'
(Font)                  TU/Arial(0)/m/n --> TU/Arial(0)/b/n on input line 54.
LaTeX Font Info:    Overwriting math alphabet `\mathit' in version `bold'
(Font)                  OT1/cmr/bx/it --> TU/Arial(0)/b/it on input line 54.
LaTeX Font Info:    Overwriting math alphabet `\mathsf' in version `bold'
(Font)                  OT1/cmss/bx/n --> TU/lmss/b/n on input line 54.
LaTeX Font Info:    Overwriting math alphabet `\mathtt' in version `bold'
(Font)                  OT1/cmtt/m/n --> TU/lmtt/b/n on input line 54.
Package hyperref Info: Link coloring OFF on input line 54.
(./remotesensing-3622397.out) (./remotesensing-3622397.out)
\@outlinefile=\write3
\openout3 = `remotesensing-3622397.out'.

Package caption Info: Begin \AtBeginDocument code.
Package caption Info: subfig package v1.3 is loaded.
Package caption Info: changepage package is loaded.
\caption@adjustwidth@hsize=\dimen265
\caption@adjustwidth@linewidth=\dimen266
Package caption Info: End \AtBeginDocument code.

Overfull \hbox (2.1654pt too wide) in paragraph at lines 56--74
\TU/Arial(0)/m/n/12 also implementing a handcrafted algorithm as baseline. Models were
 []


Overfull \hbox (4.7503pt too wide) in paragraph at lines 56--74
\TU/Arial(0)/m/n/12 of-distribution trained model achieved benchmark performance, while
 []



[1

]
Overfull \hbox (7.27705pt too wide) in paragraph at lines 87--89
[]\TU/Arial(0)/m/n/12 Crop Establishment Assessment: Early-season seedling counts
 []


Overfull \hbox (5.52705pt too wide) in paragraph at lines 89--91
[]\TU/Arial(0)/m/n/12 Precision Agriculture: Individual plant locations enable variable-
 []


Overfull \hbox (2.97649pt too wide) in paragraph at lines 102--109
\TU/Arial(0)/m/n/12 ing accuracy, international standards, or comparison with established
 []



[53

]

[54]

[55]
Overfull \hbox (6.95576pt too wide) in paragraph at lines 163--169
\TU/Arial(0)/m/n/12 ages are processed—CNNs use grid-based convolutions while Trans-
 []


Overfull \hbox (21.65303pt too wide) in paragraph at lines 180--186
[]\TU/Arial(0)/m/n/12 For our comparative analysis of agricultural object detection approaches,
 []


Overfull \hbox (20.14197pt too wide) in paragraph at lines 180--186
\TU/Arial(0)/m/n/12 we selected representative architectures from both paradigms. From the
 []


Overfull \hbox (0.73163pt too wide) in paragraph at lines 180--186
\TU/Arial(0)/m/n/12 CNN family, we chose YOLOv5 and YOLOv8 due to their widespread
 []



[56]

[57]

[58]

[59]
Overfull \hbox (15.6507pt too wide) in paragraph at lines 271--278
\TU/Arial(0)/m/n/12 notation quality (10–100%), and evaluating diverse architectures (CNN-
 []



[60]
! Undefined control sequence.
l.290 \textls
             [-15]{This study uses two dataset sources as training sets: the...
The control sequence at the end of the top line
of your error message was never \def'ed. If you have
misspelled it (e.g., `\hobx'), type `I' and the correct
spelling (e.g., `I\hbox'). Otherwise just continue,
and I'll forget about whatever was undefined.


Overfull \hbox (6.0699pt too wide) in paragraph at lines 290--307
\TU/Arial(0)/m/n/12 above ground for a Ground Sampling Distance (GSD) of 2.7 mm/pixel.
 []



[61]
Underfull \hbox (badness 10000) in paragraph at lines 345--345
[]|\TU/Arial(0)/b/n/12 Train
 []


Underfull \hbox (badness 10000) in paragraph at lines 345--345
[]|\TU/Arial(0)/b/n/12 Test
 []


Underfull \hbox (badness 10000) in paragraph at lines 345--345
[]|\TU/Arial(0)/m/n/12 182
 []


Underfull \hbox (badness 10000) in paragraph at lines 345--345
[]|\TU/Arial(0)/m/n/12 596
 []


Underfull \hbox (badness 10000) in paragraph at lines 345--345
[]|\TU/Arial(0)/m/n/12 216
 []


Underfull \hbox (badness 10000) in paragraph at lines 345--345
[]|\TU/Arial(0)/m/n/12 174
 []


Underfull \hbox (badness 10000) in paragraph at lines 345--345
[]|\TU/Arial(0)/m/n/12 150
 []


Underfull \hbox (badness 10000) in paragraph at lines 345--345
[]|\TU/Arial(0)/m/n/12 150
 []


Underfull \hbox (badness 10000) in paragraph at lines 345--345
[]|\TU/Arial(0)/m/n/12 150
 []



[62]

[63]
File: Plots/DavidEtAl.png Graphic file (type bmp)
<Plots/DavidEtAl.png>
File: Plots/LiuEtAl.png Graphic file (type bmp)
<Plots/LiuEtAl.png>
File: Plots/maize_seedling.png Graphic file (type bmp)
<Plots/maize_seedling.png>
File: Plots/maize_seedling_detection.png Graphic file (type bmp)
<Plots/maize_seedling_detection.png>

Overfull \hbox (156.49013pt too wide) in paragraph at lines 369--372
[][][][][][][][] 
 []

File: Plots/ID_1.png Graphic file (type bmp)
<Plots/ID_1.png>
File: Plots/ID_2.png Graphic file (type bmp)
<Plots/ID_2.png>
File: Plots/ID_3.png Graphic file (type bmp)
<Plots/ID_3.png>

Overfull \hbox (156.4901pt too wide) in paragraph at lines 373--376
[][][][][][] 
 []



[64]
Overfull \hbox (2.29189pt too wide) in paragraph at lines 391--407
\TU/Arial(0)/m/n/12 tion is accessible from []$[][][][][] [] [] [] [][][][] [] [][][][][][] [] [][][] [] [][][][][][][][][][][][][][] []
 []



[65]
Overfull \hbox (0.98116pt too wide) in paragraph at lines 408--419
[]\TU/Arial(0)/m/n/12 The algorithm is divided in two sequential parts that form a detection–
 []



[66]
Overfull \hbox (2.36494pt too wide) in paragraph at lines 422--433
\TU/Arial(0)/b/n/12 Many-shot model selection criteria\TU/Arial(0)/m/n/12 : From the extensive landscape
 []


Overfull \hbox (6.9753pt too wide) in paragraph at lines 435--444
\TU/Arial(0)/m/n/12 architecture due to its dominance in agricultural applications [[]]
 []


Overfull \hbox (7.60811pt too wide) in paragraph at lines 435--444
\TU/Arial(0)/m/n/12 ence point for minimum dataset requirements in agricultural con-
 []



[67]
Overfull \hbox (6.0406pt too wide) in paragraph at lines 461--471
[]\TU/Arial(0)/b/n/12 RT-DETR \TU/Arial(0)/m/n/12 with model descriptions represents a hybrid approach
 []


Overfull \hbox (5.09491pt too wide) in paragraph at lines 461--471
\TU/Arial(0)/m/n/12 pure CNN-based YOLO variants, RT-DETR’s Transformer com-
 []


Overfull \hbox (0.93318pt too wide) in paragraph at lines 461--471
\TU/Arial(0)/m/n/12 DETR) due to its real-time capabilities and proven performance
 []



[68]

[69]
Overfull \hbox (4.06476pt too wide) in paragraph at lines 512--518
\TU/Arial(0)/m/n/12 type matching, where a small set of annotated examples (shots)
 []



[70]
Overfull \hbox (9.40741pt too wide) in paragraph at lines 544--548
\TU/Arial(0)/m/n/12 OWL-ST method, generating pseudo-box annotations from web-
 []


Overfull \hbox (17.21358pt too wide) in paragraph at lines 551--554
\TU/Arial(0)/m/n/12 sions to balance open-vocabulary generalization and task-specific
 []



[71]
! Undefined control sequence.
l.575 \textls
             [-15]{\cref{tab:architectures} shows the architectures used in ...
The control sequence at the end of the top line
of your error message was never \def'ed. If you have
misspelled it (e.g., `\hobx'), type `I' and the correct
spelling (e.g., `I\hbox'). Otherwise just continue,
and I'll forget about whatever was undefined.


Underfull \hbox (badness 10000) in paragraph at lines 593--593
[]|\TU/Arial(0)/m/n/12 307.0
 []


Underfull \hbox (badness 10000) in paragraph at lines 593--593
[]|\TU/Arial(0)/m/n/12 307.0
 []



[72]
Overfull \hbox (1.75056pt too wide) in paragraph at lines 600--600
|[]\TU/Arial(0)/b/n/14.4 Minimum Dataset Size and Quality Modelling| 
 []


Overfull \hbox (3.51868pt too wide) in paragraph at lines 601--624
\TU/Arial(0)/m/n/12 size and quality. To evaluate the HC object detector on the ID dataset,
 []


Overfull \hbox (2.78389pt too wide) in paragraph at lines 601--624
\TU/Arial(0)/m/n/12 this number as a percentage of the total available dataset (dataset%),
 []



[73]

[74]
Overfull \hbox (0.7414pt too wide) in paragraph at lines 655--656
[]\TU/Arial(0)/m/n/12 For object detection performance, we used the standard COCO eval-
 []



[75]
Overfull \hbox (4.33955pt too wide) in paragraph at lines 674--678
[]\TU/Arial(0)/b/n/12 Logarithmic function: \TU/Arial(0)/m/n/12 Models the diminishing returns pattern where
 []



[76]

[77]

[78]
Overfull \hbox (6.87589pt too wide) in paragraph at lines 782--782
[]|$\OML/cmm/b/it/12 RMSE$| 
 []


Overfull \hbox (8.42587pt too wide) in paragraph at lines 782--782
[]|$\OML/cmm/b/it/12 MAPE$| 
 []


Overfull \hbox (5.30252pt too wide) in paragraph at lines 782--782
[]|\TU/Arial(0)/b/n/12 Dataset
 []



[79]
Overfull \hbox (3.59901pt too wide) in paragraph at lines 785--790
\TU/Arial(0)/m/n/12 on this set, with $\OML/cmm/m/it/12 R[]$ \TU/Arial(0)/m/n/12 values above 0.85 for all the datasets. The $\OML/cmm/m/it/12 RMSE$
 []


Overfull \hbox (25.5658pt too wide) in paragraph at lines 785--790
\TU/Arial(0)/m/n/12 values were below 0.2, while the $\OML/cmm/m/it/12 mAP$ \TU/Arial(0)/m/n/12 values were above 0.7. The MAPE
 []


Overfull \hbox (30.57295pt too wide) in paragraph at lines 798--802
\TU/Arial(0)/m/n/12 combination was tested on the testing dataset tiles of the three ID datasets. 
 []

File: Plots/metrics_OOD_datasets.pdf Graphic file (type pdf)
<use Plots/metrics_OOD_datasets.pdf>


[80]

[81]

[82]
Overfull \hbox (8.52998pt too wide) in paragraph at lines 852--857
[]\TU/Arial(0)/m/n/12 For the combinations of model-architecture/dataset-size that achieved
 []

File: Plots/r2_ap_vs_dataset_size_yolov5.pdf Graphic file (type pdf)
<use Plots/r2_ap_vs_dataset_size_yolov5.pdf>

Overfull \hbox (71.13187pt too wide) in paragraph at lines 863--863
 [] 
 []

File: Plots/r2_ap_vs_dataset_size_yolov8.pdf Graphic file (type pdf)
<use Plots/r2_ap_vs_dataset_size_yolov8.pdf>

Overfull \hbox (71.13187pt too wide) in paragraph at lines 864--864
 [][] 
 []

File: Plots/r2_ap_vs_dataset_size_yolo11.pdf Graphic file (type pdf)
<use Plots/r2_ap_vs_dataset_size_yolo11.pdf>

Overfull \hbox (71.13187pt too wide) in paragraph at lines 865--865
 [][] 
 []

File: Plots/r2_ap_vs_dataset_size_rtdetr.pdf Graphic file (type pdf)
<use Plots/r2_ap_vs_dataset_size_rtdetr.pdf>

Overfull \hbox (71.13187pt too wide) in paragraph at lines 866--866
 [][] 
 []



[83]
Overfull \vbox (164.16365pt too high) has occurred while \output is active []



[84]

[85]
File: Plots/r2_ap_vs_dataset_quality.pdf Graphic file (type pdf)
<use Plots/r2_ap_vs_dataset_quality.pdf>

Overfull \hbox (128.03737pt too wide) in paragraph at lines 924--925
 [] 
 []

File: Plots/many_shot_size_annotations.pdf Graphic file (type pdf)
<use Plots/many_shot_size_annotations.pdf>

Overfull \hbox (99.58461pt too wide) in paragraph at lines 941--942
 [] 
 []

File: Plots/many_shot_quality_annotations.pdf Graphic file (type pdf)
<use Plots/many_shot_quality_annotations.pdf>

Overfull \hbox (128.03737pt too wide) in paragraph at lines 959--960
 [] 
 []



[86]

[87]
File: Plots/r2_ap_vs_shots_cdvito.pdf Graphic file (type pdf)
<use Plots/r2_ap_vs_shots_cdvito.pdf>

Overfull \hbox (156.49013pt too wide) in paragraph at lines 1025--1025
 [] 
 []

File: Plots/rmse_ap_vs_shots_cdvito.pdf Graphic file (type pdf)
<use Plots/rmse_ap_vs_shots_cdvito.pdf>

Overfull \hbox (156.49013pt too wide) in paragraph at lines 1026--1026
 [][] 
 []



[88]
File: Plots/few_shot_annotations.pdf Graphic file (type pdf)
<use Plots/few_shot_annotations.pdf>

Overfull \hbox (184.94289pt too wide) in paragraph at lines 1051--1052
 [] 
 []



[89]
File: Plots/zeroshot.pdf Graphic file (type pdf)
<use Plots/zeroshot.pdf>

Overfull \hbox (99.58461pt too wide) in paragraph at lines 1069--1070
 [] 
 []



[90]
File: Plots/zeroshot_images.pdf Graphic file (type pdf)
<use Plots/zeroshot_images.pdf>

Overfull \hbox (99.58461pt too wide) in paragraph at lines 1090--1091
 [] 
 []



[91]
Overfull \hbox (22.05914pt too wide) in paragraph at lines 1110--1110
|[]\TU/Arial(0)/b/n/14.4 Dataset Source Impact on Object Detection Per-
 []


Overfull \hbox (8.28194pt too wide) in paragraph at lines 1111--1120
\TU/Arial(0)/m/n/12 Our experiments clearly demonstrate the critical importance of dataset
 []


Overfull \hbox (22.75969pt too wide) in paragraph at lines 1111--1120
\TU/Arial(0)/m/n/12 tested models, regardless of architecture or parameter amount, achieved
 []



[92]
Overfull \hbox (3.1839pt too wide) in paragraph at lines 1121--1136
\TU/Arial(0)/m/n/12 rameters, and plant growth stages vary substantially across datasets.
 []


Overfull \hbox (3.04626pt too wide) in paragraph at lines 1121--1136
\TU/Arial(0)/m/n/12 play an important role in determining model performance. Both cases
 []


Overfull \hbox (14.68219pt too wide) in paragraph at lines 1141--1141
|[]\TU/Arial(0)/b/n/14.4 Many-Shot Object Detection: Architecture and
 []



[93]
Overfull \hbox (4.49835pt too wide) in paragraph at lines 1150--1159
\TU/Arial(0)/m/n/12 served better performances with lower training dataset sizes, with RT-
 []


Overfull \hbox (9.6908pt too wide) in paragraph at lines 1150--1159
\TU/Arial(0)/m/n/12 performance with limited training data in agricultural contexts. The em-
 []



[94]
Overfull \hbox (7.79951pt too wide) in paragraph at lines 1167--1173
\TU/Arial(0)/m/n/12 computational resources for a transformer-mixed model like RT-DETR
 []


Overfull \hbox (3.54822pt too wide) in paragraph at lines 1174--1184
\TU/Arial(0)/m/n/12 challenges documented in [[], []]. The relationship between dataset
 []



[95]
Overfull \hbox (4.74092pt too wide) in paragraph at lines 1186--1193
\TU/Arial(0)/m/n/12 Our investigation into minimum dataset quality requirements revealed
 []


Overfull \hbox (4.13853pt too wide) in paragraph at lines 1194--1201
\TU/Arial(0)/m/n/12 proportion of the total learning signal. In contrast, RT-DETR X, with its
 []



[96]
Overfull \hbox (2.26398pt too wide) in paragraph at lines 1210--1215
\TU/Arial(0)/m/n/12 zero-shot models like OWLv2 performed poorly, regardless of prompt
 []


Overfull \hbox (11.3496pt too wide) in paragraph at lines 1216--1240
\TU/Arial(0)/m/n/12 marks [[], []]. Several factors may explain this gap: First, the domain-
 []



[97]
Overfull \hbox (15.62558pt too wide) in paragraph at lines 1241--1241
|[]\TU/Arial(0)/b/n/14.4 Handcrafted Methods in the Deep Learning Era| 
 []



[98]

[99]
! Undefined control sequence.
l.1275 \textls
              [-25]{Our results also demonstrate that some reduction in anno...
The control sequence at the end of the top line
of your error message was never \def'ed. If you have
misspelled it (e.g., `\hobx'), type `I' and the correct
spelling (e.g., `I\hbox'). Otherwise just continue,
and I'll forget about whatever was undefined.


Overfull \hbox (0.10616pt too wide) in paragraph at lines 1281--1288
[]\TU/Arial(0)/m/n/12 Hybrid approaches combining handcrafted methods with deep learn-
 []



[100]
Overfull \hbox (4.77374pt too wide) in paragraph at lines 1290--1296
\TU/Arial(0)/m/n/12 vant features for crop detection tasks, potentially reducing the amount
 []


Overfull \hbox (7.44795pt too wide) in paragraph at lines 1300--1308
\TU/Arial(0)/m/n/12 quiring unreasonable dataset size to achieve benchmark performance
 []



[101]
! Undefined control sequence.
l.1357 \authorcontributions
                           {Conceptualization, S.B. and E.B.-M.; methodology...
The control sequence at the end of the top line
of your error message was never \def'ed. If you have
misspelled it (e.g., `\hobx'), type `I' and the correct
spelling (e.g., `I\hbox'). Otherwise just continue,
and I'll forget about whatever was undefined.

! Undefined control sequence.
l.1359 \funding
               {This research was conducted as part of a PhD program support...
The control sequence at the end of the top line
of your error message was never \def'ed. If you have
misspelled it (e.g., `\hobx'), type `I' and the correct
spelling (e.g., `I\hbox'). Otherwise just continue,
and I'll forget about whatever was undefined.



[102]
! Undefined control sequence.
l.1392 \dataavailability
                        {The code for the handcrafted methods used
The control sequence at the end of the top line
of your error message was never \def'ed. If you have
misspelled it (e.g., `\hobx'), type `I' and the correct
spelling (e.g., `I\hbox'). Otherwise just continue,
and I'll forget about whatever was undefined.


Overfull \hbox (95.29051pt too wide) in paragraph at lines 1392--1400
\TU/Arial(0)/m/n/12 at []$[][][][][] [] [] [] [][][][] [] [][][][][][] [] [][][] [] [][][][][][][][][][][][][][] [] [][][][][][][][][][][][][][][][][][][][][][][][][][][][][][][][]$[]
 []


Overfull \hbox (18.06204pt too wide) in paragraph at lines 1392--1400
[][][] [] [][] [] [][][][] [] [][][][][][] [] [][][][][][][][]$[] \TU/Arial(0)/m/n/12 (accessed on 20 June 2025). The other
 []

! Undefined control sequence.
l.1418 \conflictsofinterest
                           {The authors declare
The control sequence at the end of the top line
of your error message was never \def'ed. If you have
misspelled it (e.g., `\hobx'), type `I' and the correct
spelling (e.g., `I\hbox'). Otherwise just continue,
and I'll forget about whatever was undefined.

! Undefined control sequence.
l.1452 \appendixtitles
                      {no} % Leave argument "no" if all appendix headings st...
The control sequence at the end of the top line
of your error message was never \def'ed. If you have
misspelled it (e.g., `\hobx'), type `I' and the correct
spelling (e.g., `I\hbox'). Otherwise just continue,
and I'll forget about whatever was undefined.



[103]
Package hyperref Info: bookmark level for unknown algorithm defaults to 0 on input line 1458.


LaTeX Font Warning: Font shape `TU/Arial(0)/m/sc' undefined
(Font)              using `TU/Arial(0)/m/n' instead on input line 1466.



[104]
! Undefined control sequence.
l.1497   \State \textls
                       [-30]{$clusters \gets \text{HierarchicalClustering}(c...
The control sequence at the end of the top line
of your error message was never \def'ed. If you have
misspelled it (e.g., `\hobx'), type `I' and the correct
spelling (e.g., `I\hbox'). Otherwise just continue,
and I'll forget about whatever was undefined.


Underfull \hbox (badness 1552) in paragraph at lines 1497--1498
[] \TU/Arial(0)/m/sc/10.95 [-30]$\OML/cmm/m/it/10.95 clusters \OMS/cmsy/m/n/10.95   []\OT1/cmr/m/n/10.95 (\OML/cmm/m/it/10.95 centroids; threshold \OT1/cmr/m/n/10.95 =
 []



[105]
Underfull \hbox (badness 10000) in paragraph at lines 1549--1550
[]\TU/Arial(0)/b/n/10.95 function \TU/Arial(0)/m/sc/10.95 process_observations($\OML/cmm/m/it/10.95 observations; inter \OMS/cmsy/m/n/10.95 ^^@
 []


Underfull \hbox (badness 10000) in paragraph at lines 1556--1557
[] $\OML/cmm/m/it/10.95 second[]row[]centers; second[]row[]model \OMS/cmsy/m/n/10.95  
 []


Underfull \hbox (badness 10000) in paragraph at lines 1560--1561
[] \TU/Arial(0)/b/n/10.95 if $\OML/cmm/m/it/10.95 abs\OT1/cmr/m/n/10.95 (\OML/cmm/m/it/10.95 second[]row[]model:intercept \OMS/cmsy/m/n/10.95 ^^@
 []


Underfull \hbox (badness 10000) in paragraph at lines 1561--1562
[] \TU/Arial(0)/b/n/10.95 if $\OML/cmm/m/it/10.95 second[]row[]centers \OMS/cmsy/m/n/10.95 ^^Q
 []


Overfull \hbox (23.3212pt too wide) in paragraph at lines 1562--1563
[] $\OML/cmm/m/it/10.95 objects\OT1/cmr/m/n/10.95 [\OML/cmm/m/it/10.95 tile\OT1/cmr/m/n/10.95 ] \OMS/cmsy/m/n/10.95   \OT1/cmr/m/n/10.95 (\OML/cmm/m/it/10.95 first[]row[]centers; second[]row[]centers\OT1/cmr/m/n/10.95 )$ 
 []


Overfull \hbox (61.9559pt too wide) in paragraph at lines 1572--1573
[] $\OML/cmm/m/it/10.95 observations \OMS/cmsy/m/n/10.95   []\OT1/cmr/m/n/10.95 (\OML/cmm/m/it/10.95 observations; MEAN[]SLOPE\OT1/cmr/m/n/10.95 )$ 
 []



[106]
Overfull \vbox (278.10262pt too high) has occurred while \output is active []



[107]
! Undefined control sequence.
l.1609 \reftitle
                {References}
The control sequence at the end of the top line
of your error message was never \def'ed. If you have
misspelled it (e.g., `\hobx'), type `I' and the correct
spelling (e.g., `I\hbox'). Otherwise just continue,
and I'll forget about whatever was undefined.



[108]

[109

]

[110]

[111]
Underfull \hbox (badness 2772) in paragraph at lines 1743--1746
[]\TU/Arial(0)/m/sc/12 Maize_seeding Dataset $\OML/cmm/m/it/12 >$ \TU/Arial(0)/m/sc/12 Overview.  Available online:
 []


Underfull \hbox (badness 10000) in paragraph at lines 1743--1746
[]$[][][][][] [] [] [] [][][][][][][][] [] [][][][][][][][] [] [][][] [] [][][][][][][][][][][][][][][][][][][][][][] []
 []


Underfull \hbox (badness 4543) in paragraph at lines 1749--1752
[]\TU/Arial(0)/m/sc/12 Maize-Seedling-Detection Dataset $\OML/cmm/m/it/12 >$ \TU/Arial(0)/m/sc/12 Overview.  Avail-
 []


Underfull \hbox (badness 10000) in paragraph at lines 1749--1752
\TU/Arial(0)/m/sc/12 able online: []$[][][][][] [] [] [] [][][][][][][][] [] [][][][][][][][] [] [][][] []
 []


Underfull \hbox (badness 5504) in paragraph at lines 1760--1765
[]\TU/Arial(0)/m/sc/12 Torres-Sánchez, J.; Mesas-Carrascosa, F.J.; Jiménez-
 []



[112]

[113]
Underfull \hbox (badness 1028) in paragraph at lines 1796--1798
[]\TU/Arial(0)/m/sc/12 You Only Look Once: Unified, Real-Time Object Detec-
 []



[114]
Underfull \hbox (badness 1540) in paragraph at lines 1876--1880
[]\TU/Arial(0)/m/sc/12 Li, Z.; Zhou, F.; Chen, F.; Li, H.  Meta-SGD: Learn-
 []



[115]

[116]

[117]

[118]

[119]

[120]
Underfull \hbox (badness 1533) in paragraph at lines 2121--2125
\TU/Arial(0)/m/sc/12 fitting with an asymptotic approach.  \TU/Arial(0)/m/it/12 PLoS ONE \TU/Arial(0)/b/n/12 2024\TU/Arial(0)/m/sc/12 ,
 []



[121]

! LaTeX Error: \begin{list} on input line 1605 ended by \end{document}.

See the LaTeX manual or LaTeX Companion for explanation.
Type  H <return>  for immediate help.
 ...                                              
                                                  
l.2263 \end{document}
                     
Your command was ignored.
Type  I <command> <return>  to replace it with another command,
or  <return>  to continue without it.



[122] (./remotesensing-3622397.aux

Package natbib Warning: Citation(s) may have changed.
(natbib)                Rerun to get citations correct.

)
 ***********
LaTeX2e <2024-11-01> patch level 1
L3 programming layer <2024-11-02>
 ***********


LaTeX Font Warning: Some font shapes were not available, defaults substituted.


LaTeX Warning: There were multiply-defined labels.

Package rerunfilecheck Info: File `remotesensing-3622397.out' has not changed.
(rerunfilecheck)             Checksum: 7E5C78E994D36B48B1BAF804D63E4899;5690.
 )
(\end occurred inside a group at level 2)

### semi simple group (level 2) entered at line 1605 (\begingroup)
### semi simple group (level 1) entered at line 1605 (\begingroup)
### bottom level 
Here is how much of TeX's memory you used:
 18531 strings out of 475921
 365850 string characters out of 5775722
 837185 words of memory out of 5000000
 41081 multiletter control sequences out of 15000+600000
 566215 words of font info for 93 fonts, out of 8000000 for 9000
 36 hyphenation exceptions out of 8191
 89i,13n,95p,1153b,650s stack positions out of 10000i,1000n,20000p,200000b,200000s

Output written on remotesensing-3622397.pdf (71 pages).
