This is XeTeX, Version 3.141592653-2.6-0.999996 (TeX Live 2024) (preloaded format=xelatex 2025.1.7)  17 MAR 2025 15:59
entering extended mode
 restricted \write18 enabled.
 file:line:error style messages enabled.
 %&-line parsing enabled.
**/home/samuelebumbaca/repositories/PhD_thesis/Plant_count/Plant_count
(/home/samuelebumbaca/repositories/PhD_thesis/Plant_count/Plant_count.tex
LaTeX2e <2024-11-01> patch level 1
L3 programming layer <2024-11-02>
(/home/samuelebumbaca/.TinyTeX/texmf-dist/tex/latex/base/report.cls
Document Class: report 2024/06/29 v1.4n Standard LaTeX document class
(/home/samuelebumbaca/.TinyTeX/texmf-dist/tex/latex/base/size12.clo
File: size12.clo 2024/06/29 v1.4n Standard LaTeX file (size option)
)
\c@part=\count192
\c@chapter=\count193
\c@section=\count194
\c@subsection=\count195
\c@subsubsection=\count196
\c@paragraph=\count197
\c@subparagraph=\count198
\c@figure=\count199
\c@table=\count266
\abovecaptionskip=\skip49
\belowcaptionskip=\skip50
\bibindent=\dimen141
) (/home/samuelebumbaca/.TinyTeX/texmf-dist/tex/latex/geometry/geometry.sty
Package: geometry 2020/01/02 v5.9 Page Geometry
 (/home/samuelebumbaca/.TinyTeX/texmf-dist/tex/latex/graphics/keyval.sty
Package: keyval 2022/05/29 v1.15 key=value parser (DPC)
\KV@toks@=\toks17
) (/home/samuelebumbaca/.TinyTeX/texmf-dist/tex/generic/iftex/ifvtex.sty
Package: ifvtex 2019/10/25 v1.7 ifvtex legacy package. Use iftex instead.
 (/home/samuelebumbaca/.TinyTeX/texmf-dist/tex/generic/iftex/iftex.sty
Package: iftex 2024/12/12 v1.0g TeX engine tests
))
\Gm@cnth=\count267
\Gm@cntv=\count268
\c@Gm@tempcnt=\count269
\Gm@bindingoffset=\dimen142
\Gm@wd@mp=\dimen143
\Gm@odd@mp=\dimen144
\Gm@even@mp=\dimen145
\Gm@layoutwidth=\dimen146
\Gm@layoutheight=\dimen147
\Gm@layouthoffset=\dimen148
\Gm@layoutvoffset=\dimen149
\Gm@dimlist=\toks18
) (/home/samuelebumbaca/.TinyTeX/texmf-dist/tex/latex/setspace/setspace.sty
Package: setspace 2022/12/04 v6.7b set line spacing
) (/home/samuelebumbaca/.TinyTeX/texmf-dist/tex/latex/titlesec/titlesec.sty
Package: titlesec 2025/01/04 v2.17 Sectioning titles
\ttl@box=\box52
\beforetitleunit=\skip51
\aftertitleunit=\skip52
\ttl@plus=\dimen150
\ttl@minus=\dimen151
\ttl@toksa=\toks19
\titlewidth=\dimen152
\titlewidthlast=\dimen153
\titlewidthfirst=\dimen154
) (/home/samuelebumbaca/.TinyTeX/texmf-dist/tex/latex/titling/titling.sty
Package: titling 2009/09/04 v2.1d maketitle typesetting
\thanksmarkwidth=\skip53
\thanksmargin=\skip54
\droptitle=\skip55
) (/home/samuelebumbaca/.TinyTeX/texmf-dist/tex/latex/psnfss/times.sty
Package: times 2020/03/25 PSNFSS-v9.3 (SPQR) 
) (/home/samuelebumbaca/.TinyTeX/texmf-dist/tex/latex/fontspec/fontspec.sty (/home/samuelebumbaca/.TinyTeX/texmf-dist/tex/latex/l3packages/xparse/xparse.sty (/home/samuelebumbaca/.TinyTeX/texmf-dist/tex/latex/l3kernel/expl3.sty
Package: expl3 2024-11-02 L3 programming layer (loader) 
 (/home/samuelebumbaca/.TinyTeX/texmf-dist/tex/latex/l3backend/l3backend-xetex.def
File: l3backend-xetex.def 2024-05-08 L3 backend support: XeTeX
\g__graphics_track_int=\count270
\l__pdf_internal_box=\box53
\g__pdf_backend_annotation_int=\count271
\g__pdf_backend_link_int=\count272
))
Package: xparse 2024-08-16 L3 Experimental document command parser
)
Package: fontspec 2024/05/11 v2.9e Font selection for XeLaTeX and LuaLaTeX
 (/home/samuelebumbaca/.TinyTeX/texmf-dist/tex/latex/fontspec/fontspec-xetex.sty
Package: fontspec-xetex 2024/05/11 v2.9e Font selection for XeLaTeX and LuaLaTeX
\l__fontspec_script_int=\count273
\l__fontspec_language_int=\count274
\l__fontspec_strnum_int=\count275
\l__fontspec_tmp_int=\count276
\l__fontspec_tmpa_int=\count277
\l__fontspec_tmpb_int=\count278
\l__fontspec_tmpc_int=\count279
\l__fontspec_em_int=\count280
\l__fontspec_emdef_int=\count281
\l__fontspec_strong_int=\count282
\l__fontspec_strongdef_int=\count283
\l__fontspec_tmpa_dim=\dimen155
\l__fontspec_tmpb_dim=\dimen156
\l__fontspec_tmpc_dim=\dimen157
 (/home/samuelebumbaca/.TinyTeX/texmf-dist/tex/latex/base/fontenc.sty
Package: fontenc 2021/04/29 v2.0v Standard LaTeX package
) (/home/samuelebumbaca/.TinyTeX/texmf-dist/tex/latex/fontspec/fontspec.cfg))) (/home/samuelebumbaca/.TinyTeX/texmf-dist/tex/latex/algorithms/algorithm.sty
Invalid UTF-8 byte or sequence at line 11 replaced by U+FFFD.
Package: algorithm 2009/08/24 v0.1 Document Style `algorithm' - floating environment
 (/home/samuelebumbaca/.TinyTeX/texmf-dist/tex/latex/float/float.sty
Package: float 2001/11/08 v1.3d Float enhancements (AL)
\c@float@type=\count284
\float@exts=\toks20
\float@box=\box54
\@float@everytoks=\toks21
\@floatcapt=\box55
) (/home/samuelebumbaca/.TinyTeX/texmf-dist/tex/latex/base/ifthen.sty
Package: ifthen 2024/03/16 v1.1e Standard LaTeX ifthen package (DPC)
)
\@float@every@algorithm=\toks22
\c@algorithm=\count285
) (/home/samuelebumbaca/.TinyTeX/texmf-dist/tex/latex/algorithmicx/algpseudocode.sty
Package: algpseudocode 
 (/home/samuelebumbaca/.TinyTeX/texmf-dist/tex/latex/algorithmicx/algorithmicx.sty
Package: algorithmicx 2005/04/27 v1.2 Algorithmicx

Document Style algorithmicx 1.2 - a greatly improved `algorithmic' style
\c@ALG@line=\count286
\c@ALG@rem=\count287
\c@ALG@nested=\count288
\ALG@tlm=\skip56
\ALG@thistlm=\skip57
\c@ALG@Lnr=\count289
\c@ALG@blocknr=\count290
\c@ALG@storecount=\count291
\c@ALG@tmpcounter=\count292
\ALG@tmplength=\skip58
)
Document Style - pseudocode environments for use with the `algorithmicx' style
) (/home/samuelebumbaca/.TinyTeX/texmf-dist/tex/latex/pdflscape/pdflscape.sty
Package: pdflscape 2022-10-27 v0.13 Display of landscape pages in PDF
 (/home/samuelebumbaca/.TinyTeX/texmf-dist/tex/latex/pdflscape/pdflscape-nometadata.sty
Package: pdflscape-nometadata 2022-10-28 v0.13 Display of landscape pages in PDF (HO)
 (/home/samuelebumbaca/.TinyTeX/texmf-dist/tex/latex/graphics/lscape.sty
Package: lscape 2020/05/28 v3.02 Landscape Pages (DPC)
 (/home/samuelebumbaca/.TinyTeX/texmf-dist/tex/latex/graphics/graphics.sty
Package: graphics 2024/08/06 v1.4g Standard LaTeX Graphics (DPC,SPQR)
 (/home/samuelebumbaca/.TinyTeX/texmf-dist/tex/latex/graphics/trig.sty
Package: trig 2023/12/02 v1.11 sin cos tan (DPC)
) (/home/samuelebumbaca/.TinyTeX/texmf-dist/tex/latex/graphics-cfg/graphics.cfg
File: graphics.cfg 2016/06/04 v1.11 sample graphics configuration
)
Package graphics Info: Driver file: xetex.def on input line 106.
 (/home/samuelebumbaca/.TinyTeX/texmf-dist/tex/latex/graphics-def/xetex.def
File: xetex.def 2022/09/22 v5.0n Graphics/color driver for xetex
)))
Package pdflscape Info: Auto-detected driver: dvipdfm (xetex) on input line 98.
)) (/home/samuelebumbaca/.TinyTeX/texmf-dist/tex/latex/tools/afterpage.sty
Package: afterpage 2023/07/04 v1.08 After-Page Package (DPC)
\AP@output=\toks23
\AP@partial=\box56
\AP@footins=\box57
)

Package fontspec Info: 
(fontspec)             Font family 'Arial(0)' created for font 'Arial' with
(fontspec)             options [Ligatures=TeX].
(fontspec)              
(fontspec)              This font family consists of the following NFSS
(fontspec)             series/shapes:
(fontspec)              
(fontspec)             - 'normal' (m/n) with NFSS spec.:
(fontspec)             <->"Arial/OT:language=dflt;mapping=tex-text;"
(fontspec)             - 'bold' (b/n) with NFSS spec.:
(fontspec)             <->"Arial/B/OT:language=dflt;mapping=tex-text;"
(fontspec)             - 'italic' (m/it) with NFSS spec.:
(fontspec)             <->"Arial/I/OT:language=dflt;mapping=tex-text;"
(fontspec)             - 'bold italic' (b/it) with NFSS spec.:
(fontspec)             <->"Arial/BI/OT:language=dflt;mapping=tex-text;"

 (/home/samuelebumbaca/.TinyTeX/texmf-dist/tex/latex/fancyhdr/fancyhdr.sty
Package: fancyhdr 2024/12/09 v4.5 Extensive control of page headers and footers
\f@nch@headwidth=\skip59
\f@nch@O@elh=\skip60
\f@nch@O@erh=\skip61
\f@nch@O@olh=\skip62
\f@nch@O@orh=\skip63
\f@nch@O@elf=\skip64
\f@nch@O@erf=\skip65
\f@nch@O@olf=\skip66
\f@nch@O@orf=\skip67
) (/home/samuelebumbaca/.TinyTeX/texmf-dist/tex/latex/pdfpages/pdfpages.sty
Package: pdfpages 2024/10/28 v0.6c Insert pages of external PDF documents (AM)
 (/home/samuelebumbaca/.TinyTeX/texmf-dist/tex/latex/tools/calc.sty
Package: calc 2023/07/08 v4.3 Infix arithmetic (KKT,FJ)
\calc@Acount=\count293
\calc@Bcount=\count294
\calc@Adimen=\dimen158
\calc@Bdimen=\dimen159
\calc@Askip=\skip68
\calc@Bskip=\skip69
LaTeX Info: Redefining \setlength on input line 80.
LaTeX Info: Redefining \addtolength on input line 81.
\calc@Ccount=\count295
\calc@Cskip=\skip70
) (/home/samuelebumbaca/.TinyTeX/texmf-dist/tex/latex/eso-pic/eso-pic.sty
Package: eso-pic 2023/05/03 v3.0c eso-pic (RN)
\ESO@tempdima=\dimen160
\ESO@tempdimb=\dimen161
 (/home/samuelebumbaca/.TinyTeX/texmf-dist/tex/latex/xcolor/xcolor.sty
Package: xcolor 2024/09/29 v3.02 LaTeX color extensions (UK)
 (/home/samuelebumbaca/.TinyTeX/texmf-dist/tex/latex/graphics-cfg/color.cfg
File: color.cfg 2016/01/02 v1.6 sample color configuration
)
Package xcolor Info: Driver file: xetex.def on input line 274.
 (/home/samuelebumbaca/.TinyTeX/texmf-dist/tex/latex/graphics/mathcolor.ltx)
Package xcolor Info: Model `cmy' substituted by `cmy0' on input line 1349.
Package xcolor Info: Model `RGB' extended on input line 1365.
Package xcolor Info: Model `HTML' substituted by `rgb' on input line 1367.
Package xcolor Info: Model `Hsb' substituted by `hsb' on input line 1368.
Package xcolor Info: Model `tHsb' substituted by `hsb' on input line 1369.
Package xcolor Info: Model `HSB' substituted by `hsb' on input line 1370.
Package xcolor Info: Model `Gray' substituted by `gray' on input line 1371.
Package xcolor Info: Model `wave' substituted by `hsb' on input line 1372.
)) (/home/samuelebumbaca/.TinyTeX/texmf-dist/tex/latex/graphics/graphicx.sty
Package: graphicx 2021/09/16 v1.2d Enhanced LaTeX Graphics (DPC,SPQR)
\Gin@req@height=\dimen162
\Gin@req@width=\dimen163
)
\AM@pagewidth=\dimen164
\AM@pageheight=\dimen165
\AM@fboxrule=\dimen166
 (/home/samuelebumbaca/.TinyTeX/texmf-dist/tex/latex/pdfpages/ppxetex.def
File: ppxetex.def 2024/10/28 v0.6c Pdfpages driver for XeTeX (AM)
)
\pdfpages@includegraphics@status=\count296
\AM@pagebox=\box58
\AM@global@opts=\toks24
\AM@pagecnt=\count297
\AM@toc@title=\toks25
\AM@lof@heading=\toks26
\c@AM@survey=\count298
\AM@templatesizebox=\box59
) (/home/samuelebumbaca/.TinyTeX/texmf-dist/tex/latex/natbib/natbib.sty
Package: natbib 2010/09/13 8.31b (PWD, AO)
\bibhang=\skip71
\bibsep=\skip72
LaTeX Info: Redefining \cite on input line 694.
\c@NAT@ctr=\count299
) (/home/samuelebumbaca/.TinyTeX/texmf-dist/tex/latex/url/url.sty
\Urlmuskip=\muskip17
Package: url 2013/09/16  ver 3.4  Verb mode for urls, etc.
) (/home/samuelebumbaca/.TinyTeX/texmf-dist/tex/latex/hyperref/hyperref.sty
Package: hyperref 2024-11-05 v7.01l Hypertext links for LaTeX
 (/home/samuelebumbaca/.TinyTeX/texmf-dist/tex/latex/kvsetkeys/kvsetkeys.sty
Package: kvsetkeys 2022-10-05 v1.19 Key value parser (HO)
) (/home/samuelebumbaca/.TinyTeX/texmf-dist/tex/generic/kvdefinekeys/kvdefinekeys.sty
Package: kvdefinekeys 2019-12-19 v1.6 Define keys (HO)
) (/home/samuelebumbaca/.TinyTeX/texmf-dist/tex/generic/pdfescape/pdfescape.sty
Package: pdfescape 2019/12/09 v1.15 Implements pdfTeX's escape features (HO)
 (/home/samuelebumbaca/.TinyTeX/texmf-dist/tex/generic/ltxcmds/ltxcmds.sty
Package: ltxcmds 2023-12-04 v1.26 LaTeX kernel commands for general use (HO)
) (/home/samuelebumbaca/.TinyTeX/texmf-dist/tex/generic/pdftexcmds/pdftexcmds.sty
Package: pdftexcmds 2020-06-27 v0.33 Utility functions of pdfTeX for LuaTeX (HO)
 (/home/samuelebumbaca/.TinyTeX/texmf-dist/tex/generic/infwarerr/infwarerr.sty
Package: infwarerr 2019/12/03 v1.5 Providing info/warning/error messages (HO)
)
Package pdftexcmds Info: \pdf@primitive is available.
Package pdftexcmds Info: \pdf@ifprimitive is available.
Package pdftexcmds Info: \pdfdraftmode not found.
)) (/home/samuelebumbaca/.TinyTeX/texmf-dist/tex/latex/hycolor/hycolor.sty
Package: hycolor 2020-01-27 v1.10 Color options for hyperref/bookmark (HO)
) (/home/samuelebumbaca/.TinyTeX/texmf-dist/tex/latex/hyperref/nameref.sty
Package: nameref 2023-11-26 v2.56 Cross-referencing by name of section
 (/home/samuelebumbaca/.TinyTeX/texmf-dist/tex/latex/refcount/refcount.sty
Package: refcount 2019/12/15 v3.6 Data extraction from label references (HO)
) (/home/samuelebumbaca/.TinyTeX/texmf-dist/tex/generic/gettitlestring/gettitlestring.sty
Package: gettitlestring 2019/12/15 v1.6 Cleanup title references (HO)
 (/home/samuelebumbaca/.TinyTeX/texmf-dist/tex/latex/kvoptions/kvoptions.sty
Package: kvoptions 2022-06-15 v3.15 Key value format for package options (HO)
))
\c@section@level=\count300
) (/home/samuelebumbaca/.TinyTeX/texmf-dist/tex/latex/etoolbox/etoolbox.sty
Package: etoolbox 2020/10/05 v2.5k e-TeX tools for LaTeX (JAW)
\etb@tempcnta=\count301
) (/home/samuelebumbaca/.TinyTeX/texmf-dist/tex/generic/stringenc/stringenc.sty
Package: stringenc 2019/11/29 v1.12 Convert strings between diff. encodings (HO)
)
\@linkdim=\dimen167
\Hy@linkcounter=\count302
\Hy@pagecounter=\count303
 (/home/samuelebumbaca/.TinyTeX/texmf-dist/tex/latex/hyperref/pd1enc.def
File: pd1enc.def 2024-11-05 v7.01l Hyperref: PDFDocEncoding definition (HO)
) (/home/samuelebumbaca/.TinyTeX/texmf-dist/tex/generic/intcalc/intcalc.sty
Package: intcalc 2019/12/15 v1.3 Expandable calculations with integers (HO)
)
\Hy@SavedSpaceFactor=\count304
 (/home/samuelebumbaca/.TinyTeX/texmf-dist/tex/latex/hyperref/puenc.def
File: puenc.def 2024-11-05 v7.01l Hyperref: PDF Unicode definition (HO)
)
Package hyperref Info: Hyper figures OFF on input line 4157.
Package hyperref Info: Link nesting OFF on input line 4162.
Package hyperref Info: Hyper index ON on input line 4165.
Package hyperref Info: Plain pages OFF on input line 4172.
Package hyperref Info: Backreferencing OFF on input line 4177.
Package hyperref Info: Implicit mode ON; LaTeX internals redefined.
Package hyperref Info: Bookmarks ON on input line 4424.
\c@Hy@tempcnt=\count305
LaTeX Info: Redefining \url on input line 4763.
\XeTeXLinkMargin=\dimen168
 (/home/samuelebumbaca/.TinyTeX/texmf-dist/tex/generic/bitset/bitset.sty
Package: bitset 2019/12/09 v1.3 Handle bit-vector datatype (HO)
 (/home/samuelebumbaca/.TinyTeX/texmf-dist/tex/generic/bigintcalc/bigintcalc.sty
Package: bigintcalc 2019/12/15 v1.5 Expandable calculations on big integers (HO)
))
\Fld@menulength=\count306
\Field@Width=\dimen169
\Fld@charsize=\dimen170
Package hyperref Info: Hyper figures OFF on input line 6042.
Package hyperref Info: Link nesting OFF on input line 6047.
Package hyperref Info: Hyper index ON on input line 6050.
Package hyperref Info: backreferencing OFF on input line 6057.
Package hyperref Info: Link coloring OFF on input line 6062.
Package hyperref Info: Link coloring with OCG OFF on input line 6067.
Package hyperref Info: PDF/A mode OFF on input line 6072.
 (/home/samuelebumbaca/.TinyTeX/texmf-dist/tex/latex/base/atbegshi-ltx.sty
Package: atbegshi-ltx 2021/01/10 v1.0c Emulation of the original atbegshi
package with kernel methods
)
\Hy@abspage=\count307
\c@Item=\count308
\c@Hfootnote=\count309
)
Package hyperref Info: Driver (autodetected): hxetex.
 (/home/samuelebumbaca/.TinyTeX/texmf-dist/tex/latex/hyperref/hxetex.def
File: hxetex.def 2024-11-05 v7.01l Hyperref driver for XeTeX
\pdfm@box=\box60
\c@Hy@AnnotLevel=\count310
\HyField@AnnotCount=\count311
\Fld@listcount=\count312
\c@bookmark@seq@number=\count313
 (/home/samuelebumbaca/.TinyTeX/texmf-dist/tex/latex/rerunfilecheck/rerunfilecheck.sty
Package: rerunfilecheck 2022-07-10 v1.10 Rerun checks for auxiliary files (HO)
 (/home/samuelebumbaca/.TinyTeX/texmf-dist/tex/latex/base/atveryend-ltx.sty
Package: atveryend-ltx 2020/08/19 v1.0a Emulation of the original atveryend package
with kernel methods
) (/home/samuelebumbaca/.TinyTeX/texmf-dist/tex/generic/uniquecounter/uniquecounter.sty
Package: uniquecounter 2019/12/15 v1.4 Provide unlimited unique counter (HO)
)
Package uniquecounter Info: New unique counter `rerunfilecheck' on input line 285.
)
\Hy@SectionHShift=\skip73
) (/home/samuelebumbaca/.TinyTeX/texmf-dist/tex/latex/amsmath/amsmath.sty
Package: amsmath 2024/11/05 v2.17t AMS math features
\@mathmargin=\skip74

For additional information on amsmath, use the `?' option.
(/home/samuelebumbaca/.TinyTeX/texmf-dist/tex/latex/amsmath/amstext.sty
Package: amstext 2021/08/26 v2.01 AMS text
 (/home/samuelebumbaca/.TinyTeX/texmf-dist/tex/latex/amsmath/amsgen.sty
File: amsgen.sty 1999/11/30 v2.0 generic functions
\@emptytoks=\toks27
\ex@=\dimen171
)) (/home/samuelebumbaca/.TinyTeX/texmf-dist/tex/latex/amsmath/amsbsy.sty
Package: amsbsy 1999/11/29 v1.2d Bold Symbols
\pmbraise@=\dimen172
) (/home/samuelebumbaca/.TinyTeX/texmf-dist/tex/latex/amsmath/amsopn.sty
Package: amsopn 2022/04/08 v2.04 operator names
)
\inf@bad=\count314
LaTeX Info: Redefining \frac on input line 233.
\uproot@=\count315
\leftroot@=\count316
LaTeX Info: Redefining \overline on input line 398.
LaTeX Info: Redefining \colon on input line 409.
\classnum@=\count317
\DOTSCASE@=\count318
LaTeX Info: Redefining \ldots on input line 495.
LaTeX Info: Redefining \dots on input line 498.
LaTeX Info: Redefining \cdots on input line 619.
\Mathstrutbox@=\box61
\strutbox@=\box62
LaTeX Info: Redefining \big on input line 721.
LaTeX Info: Redefining \Big on input line 722.
LaTeX Info: Redefining \bigg on input line 723.
LaTeX Info: Redefining \Bigg on input line 724.
\big@size=\dimen173
LaTeX Font Info:    Redeclaring font encoding OML on input line 742.
LaTeX Font Info:    Redeclaring font encoding OMS on input line 743.
\macc@depth=\count319
LaTeX Info: Redefining \bmod on input line 904.
LaTeX Info: Redefining \pmod on input line 909.
LaTeX Info: Redefining \smash on input line 939.
LaTeX Info: Redefining \relbar on input line 969.
LaTeX Info: Redefining \Relbar on input line 970.
\c@MaxMatrixCols=\count320
\dotsspace@=\muskip18
\c@parentequation=\count321
\dspbrk@lvl=\count322
\tag@help=\toks28
\row@=\count323
\column@=\count324
\maxfields@=\count325
\andhelp@=\toks29
\eqnshift@=\dimen174
\alignsep@=\dimen175
\tagshift@=\dimen176
\tagwidth@=\dimen177
\totwidth@=\dimen178
\lineht@=\dimen179
\@envbody=\toks30
\multlinegap=\skip75
\multlinetaggap=\skip76
\mathdisplay@stack=\toks31
LaTeX Info: Redefining \[ on input line 2953.
LaTeX Info: Redefining \] on input line 2954.
) (/home/samuelebumbaca/.TinyTeX/texmf-dist/tex/latex/tools/tabularx.sty
Package: tabularx 2023/12/11 v2.12a `tabularx' package (DPC)
 (/home/samuelebumbaca/.TinyTeX/texmf-dist/tex/latex/tools/array.sty
Package: array 2024/10/17 v2.6g Tabular extension package (FMi)
\col@sep=\dimen180
\ar@mcellbox=\box63
\extrarowheight=\dimen181
\NC@list=\toks32
\extratabsurround=\skip77
\backup@length=\skip78
\ar@cellbox=\box64
)
\TX@col@width=\dimen182
\TX@old@table=\dimen183
\TX@old@col=\dimen184
\TX@target=\dimen185
\TX@delta=\dimen186
\TX@cols=\count326
\TX@ftn=\toks33
) (/home/samuelebumbaca/.TinyTeX/texmf-dist/tex/latex/subfig/subfig.sty
Package: subfig 2005/06/28 ver: 1.3 subfig package
 (/home/samuelebumbaca/.TinyTeX/texmf-dist/tex/latex/caption/caption.sty
Package: caption 2023/08/05 v3.6o Customizing captions (AR)
 (/home/samuelebumbaca/.TinyTeX/texmf-dist/tex/latex/caption/caption3.sty
Package: caption3 2023/07/31 v2.4d caption3 kernel (AR)
\caption@tempdima=\dimen187
\captionmargin=\dimen188
\caption@leftmargin=\dimen189
\caption@rightmargin=\dimen190
\caption@width=\dimen191
\caption@indent=\dimen192
\caption@parindent=\dimen193
\caption@hangindent=\dimen194
Package caption Info: Standard document class detected.
)
\c@caption@flags=\count327
\c@continuedfloat=\count328
Package caption Info: float package is loaded.
Package caption Info: hyperref package is loaded.
)
\c@KVtest=\count329
\sf@farskip=\skip79
\sf@captopadj=\dimen195
\sf@capskip=\skip80
\sf@nearskip=\skip81
\c@subfigure=\count330
\c@subfigure@save=\count331
\c@lofdepth=\count332
\c@subtable=\count333
\c@subtable@save=\count334
\c@lotdepth=\count335
\sf@top=\skip82
\sf@bottom=\skip83
) (/home/samuelebumbaca/.TinyTeX/texmf-dist/tex/latex/changepage/changepage.sty
Package: changepage 2009/10/20 v1.0c check page and change page layout
\c@cp@cntr=\count336
\cp@tempcnt=\count337
) (/home/samuelebumbaca/.TinyTeX/texmf-dist/tex/latex/booktabs/booktabs.sty
Package: booktabs 2020/01/12 v1.61803398 Publication quality tables
\heavyrulewidth=\dimen196
\lightrulewidth=\dimen197
\cmidrulewidth=\dimen198
\belowrulesep=\dimen199
\belowbottomsep=\dimen256
\aboverulesep=\dimen257
\abovetopsep=\dimen258
\cmidrulesep=\dimen259
\cmidrulekern=\dimen260
\defaultaddspace=\dimen261
\@cmidla=\count338
\@cmidlb=\count339
\@aboverulesep=\dimen262
\@belowrulesep=\dimen263
\@thisruleclass=\count340
\@lastruleclass=\count341
\@thisrulewidth=\dimen264
) (/home/samuelebumbaca/.TinyTeX/texmf-dist/tex/latex/cleveref/cleveref.sty
Package: cleveref 2018/03/27 v0.21.4 Intelligent cross-referencing
Package cleveref Info: `hyperref' support loaded on input line 2370.
LaTeX Info: Redefining \cref on input line 2370.
LaTeX Info: Redefining \Cref on input line 2370.
LaTeX Info: Redefining \crefrange on input line 2370.
LaTeX Info: Redefining \Crefrange on input line 2370.
LaTeX Info: Redefining \cpageref on input line 2370.
LaTeX Info: Redefining \Cpageref on input line 2370.
LaTeX Info: Redefining \cpagerefrange on input line 2370.
LaTeX Info: Redefining \Cpagerefrange on input line 2370.
LaTeX Info: Redefining \labelcref on input line 2370.
LaTeX Info: Redefining \labelcpageref on input line 2370.
Package cleveref Info: `algorithmicx' support loaded on input line 3120.
Package cleveref Info: `subfig' support loaded on input line 3164.
)
\extralength=\skip84
 (./Plant_count.aux)
\openout1 = `Plant_count.aux'.

LaTeX Font Info:    Checking defaults for OML/cmm/m/it on input line 54.
LaTeX Font Info:    ... okay on input line 54.
LaTeX Font Info:    Checking defaults for OMS/cmsy/m/n on input line 54.
LaTeX Font Info:    ... okay on input line 54.
LaTeX Font Info:    Checking defaults for OT1/cmr/m/n on input line 54.
LaTeX Font Info:    ... okay on input line 54.
LaTeX Font Info:    Checking defaults for T1/cmr/m/n on input line 54.
LaTeX Font Info:    ... okay on input line 54.
LaTeX Font Info:    Checking defaults for TS1/cmr/m/n on input line 54.
LaTeX Font Info:    ... okay on input line 54.
LaTeX Font Info:    Checking defaults for TU/lmr/m/n on input line 54.
LaTeX Font Info:    ... okay on input line 54.
LaTeX Font Info:    Checking defaults for OMX/cmex/m/n on input line 54.
LaTeX Font Info:    ... okay on input line 54.
LaTeX Font Info:    Checking defaults for U/cmr/m/n on input line 54.
LaTeX Font Info:    ... okay on input line 54.
LaTeX Font Info:    Checking defaults for PD1/pdf/m/n on input line 54.
LaTeX Font Info:    ... okay on input line 54.
LaTeX Font Info:    Checking defaults for PU/pdf/m/n on input line 54.
LaTeX Font Info:    ... okay on input line 54.

*geometry* driver: auto-detecting
*geometry* detected driver: xetex
*geometry* verbose mode - [ preamble ] result:
* driver: xetex
* paper: a4paper
* layout: <same size as paper>
* layoutoffset:(h,v)=(0.0pt,0.0pt)
* modes: 
* h-part:(L,W,R)=(71.13188pt, 355.65947pt, 170.71652pt)
* v-part:(T,H,B)=(48.36958pt, 586.12704pt, 210.55022pt)
* \paperwidth=597.50787pt
* \paperheight=845.04684pt
* \textwidth=355.65947pt
* \textheight=586.12704pt
* \oddsidemargin=-1.1381pt
* \evensidemargin=-1.1381pt
* \topmargin=-60.9004pt
* \headheight=12.0pt
* \headsep=25.0pt
* \topskip=12.0pt
* \footskip=179.25244pt
* \marginparwidth=35.0pt
* \marginparsep=10.0pt
* \columnsep=10.0pt
* \skip\footins=10.8pt plus 4.0pt minus 2.0pt
* \hoffset=0.0pt
* \voffset=0.0pt
* \mag=1000
* \@twocolumnfalse
* \@twosidefalse
* \@mparswitchfalse
* \@reversemarginfalse
* (1in=72.27pt=25.4mm, 1cm=28.453pt)


Package fontspec Info: 
(fontspec)             Adjusting the maths setup (use [no-math] to avoid
(fontspec)             this).

\symlegacymaths=\mathgroup4
LaTeX Font Info:    Overwriting symbol font `legacymaths' in version `bold'
(Font)                  OT1/cmr/m/n --> OT1/cmr/bx/n on input line 54.
LaTeX Font Info:    Redeclaring math accent \acute on input line 54.
LaTeX Font Info:    Redeclaring math accent \grave on input line 54.
LaTeX Font Info:    Redeclaring math accent \ddot on input line 54.
LaTeX Font Info:    Redeclaring math accent \tilde on input line 54.
LaTeX Font Info:    Redeclaring math accent \bar on input line 54.
LaTeX Font Info:    Redeclaring math accent \breve on input line 54.
LaTeX Font Info:    Redeclaring math accent \check on input line 54.
LaTeX Font Info:    Redeclaring math accent \hat on input line 54.
LaTeX Font Info:    Redeclaring math accent \dot on input line 54.
LaTeX Font Info:    Redeclaring math accent \mathring on input line 54.
LaTeX Font Info:    Redeclaring math symbol \Gamma on input line 54.
LaTeX Font Info:    Redeclaring math symbol \Delta on input line 54.
LaTeX Font Info:    Redeclaring math symbol \Theta on input line 54.
LaTeX Font Info:    Redeclaring math symbol \Lambda on input line 54.
LaTeX Font Info:    Redeclaring math symbol \Xi on input line 54.
LaTeX Font Info:    Redeclaring math symbol \Pi on input line 54.
LaTeX Font Info:    Redeclaring math symbol \Sigma on input line 54.
LaTeX Font Info:    Redeclaring math symbol \Upsilon on input line 54.
LaTeX Font Info:    Redeclaring math symbol \Phi on input line 54.
LaTeX Font Info:    Redeclaring math symbol \Psi on input line 54.
LaTeX Font Info:    Redeclaring math symbol \Omega on input line 54.
LaTeX Font Info:    Redeclaring math symbol \mathdollar on input line 54.
LaTeX Font Info:    Redeclaring symbol font `operators' on input line 54.
LaTeX Font Info:    Encoding `OT1' has changed to `TU' for symbol font
(Font)              `operators' in the math version `normal' on input line 54.
LaTeX Font Info:    Overwriting symbol font `operators' in version `normal'
(Font)                  OT1/cmr/m/n --> TU/Arial(0)/m/n on input line 54.
LaTeX Font Info:    Encoding `OT1' has changed to `TU' for symbol font
(Font)              `operators' in the math version `bold' on input line 54.
LaTeX Font Info:    Overwriting symbol font `operators' in version `bold'
(Font)                  OT1/cmr/bx/n --> TU/Arial(0)/m/n on input line 54.
LaTeX Font Info:    Overwriting symbol font `operators' in version `normal'
(Font)                  TU/Arial(0)/m/n --> TU/Arial(0)/m/n on input line 54.
LaTeX Font Info:    Overwriting math alphabet `\mathit' in version `normal'
(Font)                  OT1/cmr/m/it --> TU/Arial(0)/m/it on input line 54.
LaTeX Font Info:    Overwriting math alphabet `\mathbf' in version `normal'
(Font)                  OT1/cmr/bx/n --> TU/Arial(0)/b/n on input line 54.
LaTeX Font Info:    Overwriting math alphabet `\mathsf' in version `normal'
(Font)                  OT1/cmss/m/n --> TU/lmss/m/n on input line 54.
LaTeX Font Info:    Overwriting math alphabet `\mathtt' in version `normal'
(Font)                  OT1/cmtt/m/n --> TU/lmtt/m/n on input line 54.
LaTeX Font Info:    Overwriting symbol font `operators' in version `bold'
(Font)                  TU/Arial(0)/m/n --> TU/Arial(0)/b/n on input line 54.
LaTeX Font Info:    Overwriting math alphabet `\mathit' in version `bold'
(Font)                  OT1/cmr/bx/it --> TU/Arial(0)/b/it on input line 54.
LaTeX Font Info:    Overwriting math alphabet `\mathsf' in version `bold'
(Font)                  OT1/cmss/bx/n --> TU/lmss/b/n on input line 54.
LaTeX Font Info:    Overwriting math alphabet `\mathtt' in version `bold'
(Font)                  OT1/cmtt/m/n --> TU/lmtt/b/n on input line 54.
Package hyperref Info: Link coloring OFF on input line 54.
(./Plant_count.out) (./Plant_count.out)
\@outlinefile=\write3
\openout3 = `Plant_count.out'.

Package caption Info: Begin \AtBeginDocument code.
Package caption Info: subfig package v1.3 is loaded.
Package caption Info: changepage package is loaded.
\caption@adjustwidth@hsize=\dimen265
\caption@adjustwidth@linewidth=\dimen266
Package caption Info: End \AtBeginDocument code.

Overfull \hbox (2.1654pt too wide) in paragraph at lines 56--74
\TU/Arial(0)/m/n/12 also implementing a handcrafted algorithm as baseline. Models were
 []


Overfull \hbox (4.7503pt too wide) in paragraph at lines 56--74
\TU/Arial(0)/m/n/12 of-distribution trained model achieved benchmark performance, while
 []



[1

]

[28

]
Overfull \hbox (3.23273pt too wide) in paragraph at lines 125--145
\TU/Arial(0)/m/n/12 Plant counting is affected, as many object detection application fields,
 []



[29]

[30]
Overfull \hbox (4.99483pt too wide) in paragraph at lines 169--194
[]\TU/Arial(0)/m/n/12 To represent the categories and compare performance between pure-
 []


Overfull \hbox (7.71033pt too wide) in paragraph at lines 169--194
\TU/Arial(0)/m/n/12 YOLOv8 [[]]. YOLO11 has been recently proposed as a Transformer-
 []


Overfull \hbox (14.70052pt too wide) in paragraph at lines 169--194
\TU/Arial(0)/m/n/12 mixed YOLO architecture that outperforms RT-DETR on COCO dataset
 []



[31]

[32]

[33]
Overfull \hbox (4.37634pt too wide) in paragraph at lines 271--303
\TU/Arial(0)/m/n/12 training is still prohibitive for many applications. No backbone weights
 []



[34]

[35]

[36]

[37]

[38]

[39]
File: Plots/DavidEtAl.png Graphic file (type bmp)
<Plots/DavidEtAl.png>
File: Plots/LiuEtAl.png Graphic file (type bmp)
<Plots/LiuEtAl.png>
File: Plots/maize_seedling.png Graphic file (type bmp)
<Plots/maize_seedling.png>
File: Plots/maize_seedling_detection.png Graphic file (type bmp)
<Plots/maize_seedling_detection.png>
File: Plots/ID_1.png Graphic file (type bmp)
<Plots/ID_1.png>
File: Plots/ID_2.png Graphic file (type bmp)
<Plots/ID_2.png>
File: Plots/ID_3.png Graphic file (type bmp)
<Plots/ID_3.png>


LaTeX Warning: Float too large for page by 137.95003pt on input line 462.



[40]

LaTeX Warning: Reference `alg:H2' on page 1 undefined on input line 467.

Package hyperref Info: bookmark level for unknown algorithm defaults to 0 on input line 475.

LaTeX Font Warning: Font shape `TU/Arial(0)/m/sc' undefined
(Font)              using `TU/Arial(0)/m/n' instead on input line 483.


Underfull \hbox (badness 1502) in paragraph at lines 512--513
[] $\OML/cmm/m/it/12 clust[]cen \OMS/cmsy/m/n/12   f[]\OT1/cmr/m/n/12 (\OML/cmm/m/it/12 centroids[]\OT1/cmr/m/n/12 ) \OMS/cmsy/m/n/12 j []\OML/cmm/m/it/12 i \OMS/cmsy/m/n/12 2
 []


Underfull \hbox (badness 5345) in paragraph at lines 524--525
[] $\OML/cmm/m/it/12 clust[]cen \OMS/cmsy/m/n/12   []\OT1/cmr/m/n/12 (\OML/cmm/m/it/12 regions; intra \OMS/cmsy/m/n/12 ^^@
 []


Overfull \hbox (24.54752pt too wide) in paragraph at lines 525--526
[] $\OML/cmm/m/it/12 inlier[]points; model \OMS/cmsy/m/n/12   []\OT1/cmr/m/n/12 (\OML/cmm/m/it/12 clust[]cen; intra \OMS/cmsy/m/n/12 ^^@
 []


Underfull \hbox (badness 10000) in paragraph at lines 551--552
[]\TU/Arial(0)/b/n/12 function \TU/Arial(0)/m/sc/12 process_observations($\OML/cmm/m/it/12 observations; inter \OMS/cmsy/m/n/12 ^^@
 []


Underfull \hbox (badness 10000) in paragraph at lines 558--559
[] $\OML/cmm/m/it/12 second[]row[]centers; second[]row[]model \OMS/cmsy/m/n/12  
 []


Underfull \hbox (badness 2012) in paragraph at lines 561--562
[] \TU/Arial(0)/b/n/12 if $\OML/cmm/m/it/12 second[]row[]model:slope \OMS/cmsy/m/n/12 ^^Y \OML/cmm/m/it/12 first[]row[]model:slope$
 []


Underfull \hbox (badness 10000) in paragraph at lines 562--563
[] \TU/Arial(0)/b/n/12 if $\OML/cmm/m/it/12 abs\OT1/cmr/m/n/12 (\OML/cmm/m/it/12 second[]row[]model:intercept \OMS/cmsy/m/n/12 ^^@
 []


Underfull \hbox (badness 10000) in paragraph at lines 563--564
[] \TU/Arial(0)/b/n/12 if $\OML/cmm/m/it/12 second[]row[]centers \OMS/cmsy/m/n/12 ^^Q
 []


Underfull \hbox (badness 10000) in paragraph at lines 564--565
[] $\OML/cmm/m/it/12 objects\OT1/cmr/m/n/12 [\OML/cmm/m/it/12 tile\OT1/cmr/m/n/12 ] \OMS/cmsy/m/n/12  
 []


Overfull \hbox (95.84367pt too wide) in paragraph at lines 574--575
[] $\OML/cmm/m/it/12 observations \OMS/cmsy/m/n/12   []\OT1/cmr/m/n/12 (\OML/cmm/m/it/12 observations; MEAN[]SLOPE\OT1/cmr/m/n/12 )$ 
 []


Underfull \hbox (badness 5954) in paragraph at lines 575--576
[] $\OML/cmm/m/it/12 objects \OMS/cmsy/m/n/12   []\OT1/cmr/m/n/12 (\OML/cmm/m/it/12 observations; inter \OMS/cmsy/m/n/12 ^^@
 []


Overfull \hbox (6.76593pt too wide) in paragraph at lines 583--586
\TU/Arial(0)/m/sc/12 models because the implementation is open-source [[]], and it makes
 []



[41








]

[42]

[43]

[44]
Overfull \hbox (0.30513pt too wide) in paragraph at lines 608--611
[]\TU/Arial(0)/m/sc/12 The training dataset was composed of the OOD or ID training dataset
 []



[45]
Overfull \hbox (17.21358pt too wide) in paragraph at lines 632--633
\TU/Arial(0)/m/sc/12 sions to balance open-vocabulary generalization and task-specific
 []


Overfull \hbox (13.34953pt too wide) in paragraph at lines 635--639
\TU/Arial(0)/m/sc/12 scribe maize seedlings, ranging from simple terms (”maize”, ”seedling”)
 []



[46]
Underfull \hbox (badness 6016) in paragraph at lines 674--674
[]|\TU/Arial(0)/b/n/12 s$[]$ or
 []


Overfull \hbox (1.48318pt too wide) in paragraph at lines 674--674
[]|\TU/Arial(0)/m/sc/12 307.0$[]$| 
 []


Overfull \hbox (1.48318pt too wide) in paragraph at lines 674--674
[]|\TU/Arial(0)/m/sc/12 307.0$[]$| 
 []



[47]

[48]

[49]
Overfull \hbox (0.7414pt too wide) in paragraph at lines 732--733
[]\TU/Arial(0)/m/sc/12 For object detection performance, we used the standard COCO eval-
 []



[50]

[51]

[52]
Overfull \hbox (0.9383pt too wide) in paragraph at lines 815--815
[]|$\OML/cmm/m/it/12 RMSE$| 
 []


Overfull \hbox (1.9848pt too wide) in paragraph at lines 815--815
[]|$\OML/cmm/m/it/12 MAPE$| 
 []


Overfull \hbox (3.96658pt too wide) in paragraph at lines 815--815
[]|\TU/Arial(0)/b/n/12 dataset
 []



[53]

[54]
File: Plots/metrics_OOD_datasets.pdf Graphic file (type pdf)
<use Plots/metrics_OOD_datasets.pdf>


LaTeX Warning: Float too large for page by 159.63268pt on input line 893.



[55]
Overfull \hbox (8.52998pt too wide) in paragraph at lines 1009--1014
[]\TU/Arial(0)/m/sc/12 For the combinations of model-architecture/dataset-size that achieved
 []



[56




]
File: Plots/r2_ap_vs_dataset_size_yolov5.pdf Graphic file (type pdf)
<use Plots/r2_ap_vs_dataset_size_yolov5.pdf>


[57]
File: Plots/r2_ap_vs_dataset_size_yolov8.pdf Graphic file (type pdf)
<use Plots/r2_ap_vs_dataset_size_yolov8.pdf>


[58]
File: Plots/r2_ap_vs_dataset_size_yolo11.pdf Graphic file (type pdf)
<use Plots/r2_ap_vs_dataset_size_yolo11.pdf>


[59]
File: Plots/r2_ap_vs_dataset_size_rtdetr.pdf Graphic file (type pdf)
<use Plots/r2_ap_vs_dataset_size_rtdetr.pdf>


[60]
File: Plots/r2_ap_vs_dataset_quality.pdf Graphic file (type pdf)
<use Plots/r2_ap_vs_dataset_quality.pdf>


[61]
Overfull \hbox (3.66475pt too wide) in paragraph at lines 1040--1042
\TU/Arial(0)/m/sc/12 The few-shots models were evaluated against the established bench-
 []



[62




















]
File: Plots/r2_ap_vs_shots_cdvito.pdf Graphic file (type pdf)
<use Plots/r2_ap_vs_shots_cdvito.pdf>


[63]
File: Plots/rmse_ap_vs_shots_cdvito.pdf Graphic file (type pdf)
<use Plots/rmse_ap_vs_shots_cdvito.pdf>


[64]

[65








]
File: Plots/few_shot_annotations.pdf Graphic file (type pdf)
<use Plots/few_shot_annotations.pdf>


[66]
Overfull \hbox (8.28194pt too wide) in paragraph at lines 1185--1194
\TU/Arial(0)/m/sc/12 Our experiments clearly demonstrate the critical importance of dataset
 []


Overfull \hbox (22.75969pt too wide) in paragraph at lines 1185--1194
\TU/Arial(0)/m/sc/12 tested models, regardless of architecture or parameter amount, achieved
 []


Overfull \hbox (3.1839pt too wide) in paragraph at lines 1195--1210
\TU/Arial(0)/m/sc/12 rameters, and plant growth stages vary substantially across datasets.
 []


Overfull \hbox (3.04626pt too wide) in paragraph at lines 1195--1210
\TU/Arial(0)/m/sc/12 play an important role in determining model performance. Both cases
 []



[67




]
File: Plots/zeroshot.pdf Graphic file (type pdf)
<use Plots/zeroshot.pdf>


LaTeX Warning: Float too large for page by 52.95319pt on input line 1210.



[68]
File: Plots/zeroshot_images.pdf Graphic file (type pdf)
<use Plots/zeroshot_images.pdf>


[69]
Overfull \hbox (14.68219pt too wide) in paragraph at lines 1215--1215
|[]\TU/Arial(0)/b/n/14.4 Many-Shot Object Detection: Architecture and
 []


Overfull \hbox (11.88535pt too wide) in paragraph at lines 1216--1235
\TU/Arial(0)/m/sc/12 ture, count metrics, and minimum dataset requirements. Within YOLO-
 []


Overfull \hbox (5.40422pt too wide) in paragraph at lines 1216--1235
\TU/Arial(0)/m/sc/12 family models, we observed that the lightweight YOLOv5n, YOLOv5s,
 []


Overfull \hbox (9.42256pt too wide) in paragraph at lines 1216--1235
\TU/Arial(0)/m/sc/12 plexity in CNN-based architectures corresponded to increased dataset
 []



[70








]

[71]
Overfull \hbox (4.74092pt too wide) in paragraph at lines 1243--1249
\TU/Arial(0)/m/sc/12 Our investigation into minimum dataset quality requirements revealed
 []



[72]

LaTeX Warning: Reference `fig:shots_vs_performance' on page 73 undefined on input line 1276.



[73]

[74]

[75]
Overfull \hbox (8.1615pt too wide) in paragraph at lines 1326--1330
\TU/Arial(0)/m/sc/12 with 65-90% of the original quality. This suggests that semi-automated
 []


Overfull \hbox (0.10616pt too wide) in paragraph at lines 1335--1342
[]\TU/Arial(0)/m/sc/12 Hybrid approaches combining handcrafted methods with deep learn-
 []



[76]
Overfull \hbox (7.44795pt too wide) in paragraph at lines 1354--1362
\TU/Arial(0)/m/sc/12 quiring unreasonable dataset size to achieve benchmark performance
 []



[77] (./Plant_count.bbl

[78]

[79

]
Underfull \hbox (badness 2334) in paragraph at lines 49--52
[]\TU/Arial(0)/m/sc/12 Erik Andvaag, Kaylie Krys, Steven J. Shirtliffe, and Ian
 []



[80]

[81]
Underfull \hbox (badness 1057) in paragraph at lines 94--96
\TU/Arial(0)/m/sc/12 Weissenborn, Xiaohua Zhai, Thomas Unterthiner, Mostafa
 []


Underfull \hbox (badness 1005) in paragraph at lines 98--101
[]\TU/Arial(0)/m/sc/12 Xianzhi Du, Tsung-Yi Lin, Pengchong Jin, Golnaz Ghiasi,
 []


Underfull \hbox (badness 1448) in paragraph at lines 98--101
\TU/Arial(0)/m/sc/12 Mingxing Tan, Yin Cui, Quoc V. Le, and Xiaodan Song.
 []



[82]
Underfull \hbox (badness 3635) in paragraph at lines 121--124
[]\TU/Arial(0)/m/sc/12 Héctor García-Martínez, Héctor Flores-Magdaleno, Abdul
 []


Underfull \hbox (badness 10000) in paragraph at lines 121--124
\TU/Arial(0)/m/sc/12 Khalil-Gardezi, Roberto Ascencio-Hernández, Leonardo
 []


Underfull \hbox (badness 3449) in paragraph at lines 121--124
\TU/Arial(0)/m/sc/12 Tijerina-Chávez, Mario A. Vázquez-Peña, and Oscar R.
 []


Underfull \hbox (badness 1348) in paragraph at lines 131--133
\TU/Arial(0)/m/sc/12 drew Gordon Wilson, and Tom Goldstein.  Battle of the
 []



[83]

[84]

[85]

[86]

[87]

[88]

[89]
Underfull \hbox (badness 1867) in paragraph at lines 296--299
\TU/Arial(0)/m/sc/12 ception in Agricultural Robotics.  In \TU/Arial(0)/m/it/12 2023 IEEE Interna-
 []



[90]

[91]
Underfull \hbox (badness 1038) in paragraph at lines 368--371
\TU/Arial(0)/m/sc/12 on Lightweight Model of Maize Seedling Object Detection
 []



[92])

[93] (./Plant_count.aux)
 ***********
LaTeX2e <2024-11-01> patch level 1
L3 programming layer <2024-11-02>
 ***********


LaTeX Font Warning: Some font shapes were not available, defaults substituted.


LaTeX Warning: There were undefined references.


LaTeX Warning: Label(s) may have changed. Rerun to get cross-references right.

Package rerunfilecheck Info: File `Plant_count.out' has not changed.
(rerunfilecheck)             Checksum: CD84723F4DCEA1F91D28DE2BFAE76FDF;5173.
 ) 
Here is how much of TeX's memory you used:
 18512 strings out of 475921
 366664 string characters out of 5775722
 843165 words of memory out of 5000000
 41072 multiletter control sequences out of 15000+600000
 562517 words of font info for 79 fonts, out of 8000000 for 9000
 36 hyphenation exceptions out of 8191
 89i,14n,95p,1118b,778s stack positions out of 10000i,1000n,20000p,200000b,200000s

Output written on Plant_count.pdf (67 pages).
